# JRE version: OpenJDK Runtime Environment Temurin-17.0.9+9 (17.0.9+9) (build 17.0.9+9)
# Java VM: OpenJDK 64-Bit Server VM Temurin-17.0.9+9 (17.0.9+9, mixed mode, tiered, compressed oops, compressed class ptrs, g1 gc, windows-amd64)
GC Precious Log:
 CPUs: 4 total, 4 available
 Memory: 16275M
 Large Page Support: Disabled
 NUMA Support: Disabled
 Compressed Oops: Enabled (Zero based)
 Heap Region Size: 2M
 Heap Min Capacity: 8M
 Heap Initial Capacity: 256M
 Heap Max Capacity: 4070M
 Pre-touch: Disabled
 Parallel Workers: 4
 Concurrent Workers: 1
 Concurrent Refinement Workers: 4
 Periodic GC: Disabled
Heap:
 garbage-first heap   total 151552K, used 43137K [0x0000000701a00000, 0x0000000800000000)
  region size 2048K, 14 young (28672K), 1 survivors (2048K)
 Metaspace       used 34441K, committed 34816K, reserved 1114112K
  class space    used 3843K, committed 4032K, reserved 1048576K
GC Heap History (16 events):
Event: 0.767 GC heap before
{Heap before GC invocations=0 (full 0):
 garbage-first heap   total 262144K, used 10240K [0x0000000701a00000, 0x0000000800000000)
  region size 2048K, 6 young (12288K), 0 survivors (0K)
 Metaspace       used 9101K, committed 9216K, reserved 1114112K
  class space    used 806K, committed 896K, reserved 1048576K
}
Event: 0.771 GC heap after
{Heap after GC invocations=1 (full 0):
 garbage-first heap   total 262144K, used 6520K [0x0000000701a00000, 0x0000000800000000)
  region size 2048K, 1 young (2048K), 1 survivors (2048K)
 Metaspace       used 9101K, committed 9216K, reserved 1114112K
  class space    used 806K, committed 896K, reserved 1048576K
}
Event: 1.170 GC heap before
{Heap before GC invocations=1 (full 0):
 garbage-first heap   total 262144K, used 16760K [0x0000000701a00000, 0x0000000800000000)
  region size 2048K, 6 young (12288K), 1 survivors (2048K)
 Metaspace       used 11787K, committed 11968K, reserved 1114112K
  class space    used 1179K, committed 1280K, reserved 1048576K
}
Event: 1.173 GC heap after
{Heap after GC invocations=2 (full 0):
 garbage-first heap   total 262144K, used 7033K [0x0000000701a00000, 0x0000000800000000)
  region size 2048K, 1 young (2048K), 1 survivors (2048K)
 Metaspace       used 11787K, committed 11968K, reserved 1114112K
  class space    used 1179K, committed 1280K, reserved 1048576K
}
Event: 2.567 GC heap before
{Heap before GC invocations=2 (full 0):
 garbage-first heap   total 262144K, used 31609K [0x0000000701a00000, 0x0000000800000000)
  region size 2048K, 14 young (28672K), 1 survivors (2048K)
 Metaspace       used 21300K, committed 21504K, reserved 1114112K
  class space    used 2232K, committed 2304K, reserved 1048576K
}
Event: 2.572 GC heap after
{Heap after GC invocations=3 (full 0):
 garbage-first heap   total 262144K, used 9641K [0x0000000701a00000, 0x0000000800000000)
  region size 2048K, 2 young (4096K), 2 survivors (4096K)
 Metaspace       used 21300K, committed 21504K, reserved 1114112K
  class space    used 2232K, committed 2304K, reserved 1048576K
}
Event: 3.268 GC heap before
{Heap before GC invocations=4 (full 0):
 garbage-first heap   total 40960K, used 26025K [0x0000000701a00000, 0x0000000800000000)
  region size 2048K, 11 young (22528K), 2 survivors (4096K)
 Metaspace       used 24169K, committed 24512K, reserved 1114112K
  class space    used 2544K, committed 2688K, reserved 1048576K
}
Event: 3.273 GC heap after
{Heap after GC invocations=5 (full 0):
 garbage-first heap   total 40960K, used 10561K [0x0000000701a00000, 0x0000000800000000)
  region size 2048K, 1 young (2048K), 1 survivors (2048K)
 Metaspace       used 24169K, committed 24512K, reserved 1114112K
  class space    used 2544K, committed 2688K, reserved 1048576K
}
Event: 3.395 GC heap before
{Heap before GC invocations=5 (full 0):
 garbage-first heap   total 40960K, used 12609K [0x0000000701a00000, 0x0000000800000000)
  region size 2048K, 2 young (4096K), 1 survivors (2048K)
 Metaspace       used 25356K, committed 25664K, reserved 1114112K
  class space    used 2676K, committed 2816K, reserved 1048576K
}
Event: 3.398 GC heap after
{Heap after GC invocations=6 (full 0):
 garbage-first heap   total 40960K, used 11253K [0x0000000701a00000, 0x0000000800000000)
  region size 2048K, 1 young (2048K), 1 survivors (2048K)
 Metaspace       used 25356K, committed 25664K, reserved 1114112K
  class space    used 2676K, committed 2816K, reserved 1048576K
}
Event: 3.871 GC heap before
{Heap before GC invocations=6 (full 0):
 garbage-first heap   total 40960K, used 25589K [0x0000000701a00000, 0x0000000800000000)
  region size 2048K, 8 young (16384K), 1 survivors (2048K)
 Metaspace       used 27558K, committed 27904K, reserved 1114112K
  class space    used 2920K, committed 3072K, reserved 1048576K
}
Event: 3.877 GC heap after
{Heap after GC invocations=7 (full 0):
 garbage-first heap   total 40960K, used 14200K [0x0000000701a00000, 0x0000000800000000)
  region size 2048K, 1 young (2048K), 1 survivors (2048K)
 Metaspace       used 27558K, committed 27904K, reserved 1114112K
  class space    used 2920K, committed 3072K, reserved 1048576K
}
Event: 4.035 GC heap before
{Heap before GC invocations=7 (full 0):
 garbage-first heap   total 40960K, used 26488K [0x0000000701a00000, 0x0000000800000000)
  region size 2048K, 7 young (14336K), 1 survivors (2048K)
 Metaspace       used 27745K, committed 28096K, reserved 1114112K
  class space    used 2920K, committed 3072K, reserved 1048576K
}
Event: 4.041 GC heap after
{Heap after GC invocations=8 (full 0):
 garbage-first heap   total 40960K, used 17202K [0x0000000701a00000, 0x0000000800000000)
  region size 2048K, 1 young (2048K), 1 survivors (2048K)
 Metaspace       used 27745K, committed 28096K, reserved 1114112K
  class space    used 2920K, committed 3072K, reserved 1048576K
}
Event: 4.451 GC heap before
{Heap before GC invocations=8 (full 0):
 garbage-first heap   total 40960K, used 25394K [0x0000000701a00000, 0x0000000800000000)
  region size 2048K, 5 young (10240K), 1 survivors (2048K)
 Metaspace       used 29955K, committed 30272K, reserved 1114112K
  class space    used 3219K, committed 3392K, reserved 1048576K
}
Event: 4.455 GC heap after
{Heap after GC invocations=9 (full 0):
 garbage-first heap   total 151552K, used 18561K [0x0000000701a00000, 0x0000000800000000)
  region size 2048K, 1 young (2048K), 1 survivors (2048K)
 Metaspace       used 29955K, committed 30272K, reserved 1114112K
  class space    used 3219K, committed 3392K, reserved 1048576K
}

