<?xml version="1.0" encoding="UTF-8"?>
<!-- Generated by org.testng.reporters.JUnitXMLReporter -->
<testsuite ignored="0" hostname="DESKTOP-H4J5F89" failures="0" tests="3" name="Default test" time="70.221" errors="0" timestamp="2026-01-24T16:44:30 IST">
  <testcase classname="testCasesForOQProjects.Material_Inward_TC" name="Step_4_1_1" time="19.863"/>
  <testcase classname="testCasesForOQProjects.Material_Inward_TC" name="Step_4_1_15" time="39.953"/>
  <testcase classname="testCasesForOQProjects.Material_Inward_TC" name="Step_4_1_21" time="4.65"/>
</testsuite> <!-- Default test -->
