<?xml version="1.0" encoding="UTF-8"?>
<!-- Generated by org.testng.reporters.JUnitXMLReporter -->
<testsuite ignored="0" hostname="DESKTOP-H4J5F89" failures="0" tests="12" name="Default test" time="333.482" errors="0" timestamp="2026-01-30T16:52:03 IST">
  <testcase classname="testCasesForOQProjects.Department_TC" name="initialSetUp" time="12.07"/>
  <testcase classname="testCasesForOQProjects.Department_TC" name="url" time="2.512"/>
  <testcase classname="testCasesForOQProjects.Department_TC" name="userLoginBeforeCreate" time="16.498"/>
  <testcase classname="testCasesForOQProjects.Department_TC" name="moduleClick" time="15.554"/>
  <testcase classname="testCasesForOQProjects.Department_TC" name="Creation_Of_Department" time="29.93"/>
  <testcase classname="testCasesForOQProjects.Department_TC" name="Click_Actions_After_Create" time="12.357"/>
  <testcase classname="testCasesForOQProjects.Department_TC" name="Click_View" time="26.309"/>
  <testcase classname="testCasesForOQProjects.Department_TC" name="Edit_After_Create" time="31.767"/>
  <testcase classname="testCasesForOQProjects.Department_TC" name="Dept_Return_and_Edit" time="124.494"/>
  <testcase classname="testCasesForOQProjects.Department_TC" name="Department_Approve" time="53.331"/>
  <testcase classname="testCasesForOQProjects.Department_TC" name="Logout" time="0.514"/>
  <testcase classname="testCasesForOQProjects.Department_TC" name="Database_Backup" time="3.96"/>
</testsuite> <!-- Default test -->
