<?xml version="1.0" encoding="UTF-8"?>
<!-- Generated by org.testng.reporters.JUnitXMLReporter -->
<testsuite ignored="2" hostname="DESKTOP-4TI4KAS" failures="4" tests="14" name=" Material Test" time="707.19" errors="0" timestamp="2026-04-09T16:21:55 IST">
  <testcase classname="testCasesForOQProjects.OQBaseModule_TC" name="url" time="1.92"/>
  <testcase classname="testCasesForOQProjects.OQBaseModule_TC" name="userLoginBeforeCreate" time="6.236"/>
  <testcase classname="testCasesForOQProjects.OQBaseModule_TC" name="moduleClick" time="20.789"/>
  <testcase classname="testCasesForOQProjects.Material_TC" name="Creation_Of_Material" time="112.777">
    <failure type="java.lang.AssertionError" message="The following asserts failed:
	Created Toaster message mismatch for: Material created succesfully expected [Material created successfully] but found [Material created succesfully]">
      <![CDATA[java.lang.AssertionError: The following asserts failed:
Created Toaster message mismatch for: Material created succesfully expected [Material created successfully] but found [Material created succesfully]
at utilities.SoftAssertionUtil.assertAll(SoftAssertionUtil.java:59)
at testCasesForOQProjects.Material_TC.Creation_Of_Material(Material_TC.java:114)
at java.base/java.util.ArrayList.forEach(ArrayList.java:1596)
... Removed 27 stack frames]]>
    </failure>
  </testcase> <!-- Creation_Of_Material -->
  <testcase classname="testCasesForOQProjects.Material_TC" name="Click_Actions2" time="39.065"/>
  <testcase classname="testCasesForOQProjects.OQBaseModule_TC" name="Click_View" time="29.764"/>
  <testcase classname="testCasesForOQProjects.Material_TC" name="material_Review_Return_and_Edit" time="101.731"/>
  <testcase classname="testCasesForOQProjects.Material_TC" name="materialReview" time="67.081"/>
  <testcase classname="testCasesForOQProjects.Material_TC" name="material_Approve_Return_and_Edit_and_Review" time="188.845"/>
  <testcase classname="testCasesForOQProjects.Material_TC" name="materialApprove" time="67.746"/>
  <testcase classname="testCasesForOQProjects.Material_TC" name="materialUpdate" time="60.553">
    <failure type="org.openqa.selenium.TimeoutException" message="Expected condition failed: waiting for element to be clickable: By.xpath: //p-autocomplete[@formcontrolname=&amp;apos;supplierName&amp;apos;]//li[normalize-space()=&amp;apos;OQ Supplier6&amp;apos;] (tried for 10 second(s) with 500 milliseconds interval)
Build info: version: &amp;apos;4.32.0&amp;apos;, revision: &amp;apos;d17c8aa950&amp;apos;
System info: os.name: &amp;apos;Windows 11&amp;apos;, os.arch: &amp;apos;amd64&amp;apos;, os.version: &amp;apos;10.0&amp;apos;, java.version: &amp;apos;21.0.10&amp;apos;
Driver info: org.openqa.selenium.chrome.ChromeDriver
Capabilities {acceptInsecureCerts: false, browserName: chrome, browserVersion: 146.0.7680.178, chrome: {chromedriverVersion: 146.0.7680.165 (4b989da09e1..., userDataDir: C:\Users\HP\AppData\Local\T...}, fedcm:accounts: true, goog:chromeOptions: {debuggerAddress: localhost:58829}, goog:processID: 14176, networkConnectionEnabled: false, pageLoadStrategy: normal, platformName: windows, proxy: Proxy(), se:cdp: ws://localhost:58829/devtoo..., se:cdpVersion: 146.0.7680.178, setWindowRect: true, strictFileInteractability: false, timeouts: {implicit: 0, pageLoad: 300000, script: 30000}, unhandledPromptBehavior: dismiss and notify, webauthn:extension:credBlob: true, webauthn:extension:largeBlob: true, webauthn:extension:minPinLength: true, webauthn:extension:prf: true, webauthn:virtualAuthenticators: true}
Session ID: 1ad97163ab5987b5a444cae3f7c6b188">
      <![CDATA[org.openqa.selenium.TimeoutException: Expected condition failed: waiting for element to be clickable: By.xpath: //p-autocomplete[@formcontrolname='supplierName']//li[normalize-space()='OQ Supplier6'] (tried for 10 second(s) with 500 milliseconds interval)
Build info: version: '4.32.0', revision: 'd17c8aa950'
System info: os.name: 'Windows 11', os.arch: 'amd64', os.version: '10.0', java.version: '21.0.10'
Driver info: org.openqa.selenium.chrome.ChromeDriver
Capabilities {acceptInsecureCerts: false, browserName: chrome, browserVersion: 146.0.7680.178, chrome: {chromedriverVersion: 146.0.7680.165 (4b989da09e1..., userDataDir: C:\Users\HP\AppData\Local\T...}, fedcm:accounts: true, goog:chromeOptions: {debuggerAddress: localhost:58829}, goog:processID: 14176, networkConnectionEnabled: false, pageLoadStrategy: normal, platformName: windows, proxy: Proxy(), se:cdp: ws://localhost:58829/devtoo..., se:cdpVersion: 146.0.7680.178, setWindowRect: true, strictFileInteractability: false, timeouts: {implicit: 0, pageLoad: 300000, script: 30000}, unhandledPromptBehavior: dismiss and notify, webauthn:extension:credBlob: true, webauthn:extension:largeBlob: true, webauthn:extension:minPinLength: true, webauthn:extension:prf: true, webauthn:virtualAuthenticators: true}
Session ID: 1ad97163ab5987b5a444cae3f7c6b188
at org.openqa.selenium.support.ui.WebDriverWait.timeoutException(WebDriverWait.java:84)
at org.openqa.selenium.support.ui.FluentWait.until(FluentWait.java:228)
at pageObjects.Material.selSupplier(Material.java:258)
at testCasesForOQProjects.Material_TC.materialUpdate(Material_TC.java:166)
at java.base/java.util.ArrayList.forEach(ArrayList.java:1596)
... Removed 25 stack frames]]>
    </failure>
  </testcase> <!-- materialUpdate -->
  <testcase classname="testCasesForOQProjects.Material_TC" name="vendorDetails" time="2.55">
    <failure type="org.openqa.selenium.ElementClickInterceptedException" message="element click intercepted: Element &amp;lt;i _ngcontent-ng-c1407023350=&amp;quot;&amp;quot; class=&amp;quot;be-chevron-right profile-down-arrow&amp;quot;&amp;gt;&amp;lt;/i&amp;gt; is not clickable at point (1877, 31). Other element would receive the click: &amp;lt;div class=&amp;quot;ng-tns-c1946505645-378 p-dialog-mask p-component-overlay p-component-overlay-enter p-dialog-mask-scrollblocker ng-star-inserted&amp;quot; ng-reflect-ng-class=&amp;quot;[object Object]&amp;quot; style=&amp;quot;z-index: 1101;&amp;quot;&amp;gt;...&amp;lt;/div&amp;gt;
  (Session info: chrome=146.0.7680.178)
Build info: version: &amp;apos;4.32.0&amp;apos;, revision: &amp;apos;d17c8aa950&amp;apos;
System info: os.name: &amp;apos;Windows 11&amp;apos;, os.arch: &amp;apos;amd64&amp;apos;, os.version: &amp;apos;10.0&amp;apos;, java.version: &amp;apos;21.0.10&amp;apos;
Driver info: org.openqa.selenium.chrome.ChromeDriver
Command: [1ad97163ab5987b5a444cae3f7c6b188, clickElement {id=f.0FEBD9EFE5A88B29F73CCAA717CC9A60.d.832977FCA350440D4C1801983D6DCC61.e.2693}]
Capabilities {acceptInsecureCerts: false, browserName: chrome, browserVersion: 146.0.7680.178, chrome: {chromedriverVersion: 146.0.7680.165 (4b989da09e1..., userDataDir: C:\Users\HP\AppData\Local\T...}, fedcm:accounts: true, goog:chromeOptions: {debuggerAddress: localhost:58829}, goog:processID: 14176, networkConnectionEnabled: false, pageLoadStrategy: normal, platformName: windows, proxy: Proxy(), se:cdp: ws://localhost:58829/devtoo..., se:cdpVersion: 146.0.7680.178, setWindowRect: true, strictFileInteractability: false, timeouts: {implicit: 0, pageLoad: 300000, script: 30000}, unhandledPromptBehavior: dismiss and notify, webauthn:extension:credBlob: true, webauthn:extension:largeBlob: true, webauthn:extension:minPinLength: true, webauthn:extension:prf: true, webauthn:virtualAuthenticators: true}
Element: [[ChromeDriver: chrome on windows (1ad97163ab5987b5a444cae3f7c6b188)] -&amp;gt; xpath: //button[@class=&amp;apos;profile-btn&amp;apos;]/i]
Session ID: 1ad97163ab5987b5a444cae3f7c6b188">
      <![CDATA[org.openqa.selenium.ElementClickInterceptedException: element click intercepted: Element <i _ngcontent-ng-c1407023350="" class="be-chevron-right profile-down-arrow"></i> is not clickable at point (1877, 31). Other element would receive the click: <div class="ng-tns-c1946505645-378 p-dialog-mask p-component-overlay p-component-overlay-enter p-dialog-mask-scrollblocker ng-star-inserted" ng-reflect-ng-class="[object Object]" style="z-index: 1101;">...</div>
  (Session info: chrome=146.0.7680.178)
Build info: version: '4.32.0', revision: 'd17c8aa950'
System info: os.name: 'Windows 11', os.arch: 'amd64', os.version: '10.0', java.version: '21.0.10'
Driver info: org.openqa.selenium.chrome.ChromeDriver
Command: [1ad97163ab5987b5a444cae3f7c6b188, clickElement {id=f.0FEBD9EFE5A88B29F73CCAA717CC9A60.d.832977FCA350440D4C1801983D6DCC61.e.2693}]
Capabilities {acceptInsecureCerts: false, browserName: chrome, browserVersion: 146.0.7680.178, chrome: {chromedriverVersion: 146.0.7680.165 (4b989da09e1..., userDataDir: C:\Users\HP\AppData\Local\T...}, fedcm:accounts: true, goog:chromeOptions: {debuggerAddress: localhost:58829}, goog:processID: 14176, networkConnectionEnabled: false, pageLoadStrategy: normal, platformName: windows, proxy: Proxy(), se:cdp: ws://localhost:58829/devtoo..., se:cdpVersion: 146.0.7680.178, setWindowRect: true, strictFileInteractability: false, timeouts: {implicit: 0, pageLoad: 300000, script: 30000}, unhandledPromptBehavior: dismiss and notify, webauthn:extension:credBlob: true, webauthn:extension:largeBlob: true, webauthn:extension:minPinLength: true, webauthn:extension:prf: true, webauthn:virtualAuthenticators: true}
Element: [[ChromeDriver: chrome on windows (1ad97163ab5987b5a444cae3f7c6b188)] -> xpath: //button[@class='profile-btn']/i]
Session ID: 1ad97163ab5987b5a444cae3f7c6b188
at org.openqa.selenium.remote.ErrorCodec.decode(ErrorCodec.java:167)
at org.openqa.selenium.remote.codec.w3c.W3CHttpResponseCodec.decode(W3CHttpResponseCodec.java:138)
at org.openqa.selenium.remote.codec.w3c.W3CHttpResponseCodec.decode(W3CHttpResponseCodec.java:50)
at org.openqa.selenium.remote.HttpCommandExecutor.execute(HttpCommandExecutor.java:215)
at org.openqa.selenium.remote.service.DriverCommandExecutor.invokeExecute(DriverCommandExecutor.java:216)
at org.openqa.selenium.remote.service.DriverCommandExecutor.execute(DriverCommandExecutor.java:174)
at org.openqa.selenium.remote.RemoteWebDriver.execute(RemoteWebDriver.java:545)
at org.openqa.selenium.remote.RemoteWebElement.execute(RemoteWebElement.java:223)
at org.openqa.selenium.remote.RemoteWebElement.click(RemoteWebElement.java:76)
at org.openqa.selenium.support.pagefactory.internal.LocatingElementHandler.invoke(LocatingElementHandler.java:51)
at jdk.proxy2/jdk.proxy2.$Proxy31.click(Unknown Source)
at utilities.HelperMethods.waitForElementandClick(HelperMethods.java:42)
at pageObjects.BasePage.logout(BasePage.java:342)
at testCasesForOQProjects.Material_TC.vendorDetails(Material_TC.java:199)
at java.base/java.util.ArrayList.forEach(ArrayList.java:1596)
... Removed 30 stack frames]]>
    </failure>
  </testcase> <!-- vendorDetails -->
  <testcase classname="testCasesForOQProjects.OQBaseModule_TC" name="Logout" time="2.316">
    <failure type="org.openqa.selenium.ElementClickInterceptedException" message="element click intercepted: Element &amp;lt;i _ngcontent-ng-c1407023350=&amp;quot;&amp;quot; class=&amp;quot;be-chevron-right profile-down-arrow&amp;quot;&amp;gt;&amp;lt;/i&amp;gt; is not clickable at point (1877, 31). Other element would receive the click: &amp;lt;div class=&amp;quot;p-toast-detail ng-tns-c3576075022-393&amp;quot; data-pc-section=&amp;quot;detail&amp;quot;&amp;gt;...&amp;lt;/div&amp;gt;
  (Session info: chrome=146.0.7680.178)
Build info: version: &amp;apos;4.32.0&amp;apos;, revision: &amp;apos;d17c8aa950&amp;apos;
System info: os.name: &amp;apos;Windows 11&amp;apos;, os.arch: &amp;apos;amd64&amp;apos;, os.version: &amp;apos;10.0&amp;apos;, java.version: &amp;apos;21.0.10&amp;apos;
Driver info: org.openqa.selenium.chrome.ChromeDriver
Command: [1ad97163ab5987b5a444cae3f7c6b188, clickElement {id=f.0FEBD9EFE5A88B29F73CCAA717CC9A60.d.832977FCA350440D4C1801983D6DCC61.e.2693}]
Capabilities {acceptInsecureCerts: false, browserName: chrome, browserVersion: 146.0.7680.178, chrome: {chromedriverVersion: 146.0.7680.165 (4b989da09e1..., userDataDir: C:\Users\HP\AppData\Local\T...}, fedcm:accounts: true, goog:chromeOptions: {debuggerAddress: localhost:58829}, goog:processID: 14176, networkConnectionEnabled: false, pageLoadStrategy: normal, platformName: windows, proxy: Proxy(), se:cdp: ws://localhost:58829/devtoo..., se:cdpVersion: 146.0.7680.178, setWindowRect: true, strictFileInteractability: false, timeouts: {implicit: 0, pageLoad: 300000, script: 30000}, unhandledPromptBehavior: dismiss and notify, webauthn:extension:credBlob: true, webauthn:extension:largeBlob: true, webauthn:extension:minPinLength: true, webauthn:extension:prf: true, webauthn:virtualAuthenticators: true}
Element: [[ChromeDriver: chrome on windows (1ad97163ab5987b5a444cae3f7c6b188)] -&amp;gt; xpath: //button[@class=&amp;apos;profile-btn&amp;apos;]/i]
Session ID: 1ad97163ab5987b5a444cae3f7c6b188">
      <![CDATA[org.openqa.selenium.ElementClickInterceptedException: element click intercepted: Element <i _ngcontent-ng-c1407023350="" class="be-chevron-right profile-down-arrow"></i> is not clickable at point (1877, 31). Other element would receive the click: <div class="p-toast-detail ng-tns-c3576075022-393" data-pc-section="detail">...</div>
  (Session info: chrome=146.0.7680.178)
Build info: version: '4.32.0', revision: 'd17c8aa950'
System info: os.name: 'Windows 11', os.arch: 'amd64', os.version: '10.0', java.version: '21.0.10'
Driver info: org.openqa.selenium.chrome.ChromeDriver
Command: [1ad97163ab5987b5a444cae3f7c6b188, clickElement {id=f.0FEBD9EFE5A88B29F73CCAA717CC9A60.d.832977FCA350440D4C1801983D6DCC61.e.2693}]
Capabilities {acceptInsecureCerts: false, browserName: chrome, browserVersion: 146.0.7680.178, chrome: {chromedriverVersion: 146.0.7680.165 (4b989da09e1..., userDataDir: C:\Users\HP\AppData\Local\T...}, fedcm:accounts: true, goog:chromeOptions: {debuggerAddress: localhost:58829}, goog:processID: 14176, networkConnectionEnabled: false, pageLoadStrategy: normal, platformName: windows, proxy: Proxy(), se:cdp: ws://localhost:58829/devtoo..., se:cdpVersion: 146.0.7680.178, setWindowRect: true, strictFileInteractability: false, timeouts: {implicit: 0, pageLoad: 300000, script: 30000}, unhandledPromptBehavior: dismiss and notify, webauthn:extension:credBlob: true, webauthn:extension:largeBlob: true, webauthn:extension:minPinLength: true, webauthn:extension:prf: true, webauthn:virtualAuthenticators: true}
Element: [[ChromeDriver: chrome on windows (1ad97163ab5987b5a444cae3f7c6b188)] -> xpath: //button[@class='profile-btn']/i]
Session ID: 1ad97163ab5987b5a444cae3f7c6b188
at org.openqa.selenium.remote.ErrorCodec.decode(ErrorCodec.java:167)
at org.openqa.selenium.remote.codec.w3c.W3CHttpResponseCodec.decode(W3CHttpResponseCodec.java:138)
at org.openqa.selenium.remote.codec.w3c.W3CHttpResponseCodec.decode(W3CHttpResponseCodec.java:50)
at org.openqa.selenium.remote.HttpCommandExecutor.execute(HttpCommandExecutor.java:215)
at org.openqa.selenium.remote.service.DriverCommandExecutor.invokeExecute(DriverCommandExecutor.java:216)
at org.openqa.selenium.remote.service.DriverCommandExecutor.execute(DriverCommandExecutor.java:174)
at org.openqa.selenium.remote.RemoteWebDriver.execute(RemoteWebDriver.java:545)
at org.openqa.selenium.remote.RemoteWebElement.execute(RemoteWebElement.java:223)
at org.openqa.selenium.remote.RemoteWebElement.click(RemoteWebElement.java:76)
at org.openqa.selenium.support.pagefactory.internal.LocatingElementHandler.invoke(LocatingElementHandler.java:51)
at jdk.proxy2/jdk.proxy2.$Proxy31.click(Unknown Source)
at utilities.HelperMethods.waitForElementandClick(HelperMethods.java:42)
at pageObjects.BasePage.logout(BasePage.java:342)
at testCasesForOQProjects.OQBaseModule_TC.Logout(OQBaseModule_TC.java:178)
at java.base/java.util.ArrayList.forEach(ArrayList.java:1596)
... Removed 30 stack frames]]>
    </failure>
  </testcase> <!-- Logout -->
  <testcase classname="testCasesForOQProjects.OQBaseModule_TC" name="Database_Backup" time="1.565"/>
  <testcase classname="testCasesForOQProjects.OQBaseModule_TC" name="initialSetUp" time="0.0">
    <ignored/>
  </testcase> <!-- initialSetUp -->
  <testcase classname="testCasesForOQProjects.OQBaseModule_TC" name="Click_Actions" time="0.0">
    <ignored/>
  </testcase> <!-- Click_Actions -->
</testsuite> <!--  Material Test -->
