<?xml version="1.0" encoding="UTF-8"?>
<!-- Generated by org.testng.reporters.JUnitXMLReporter -->
<testsuite ignored="3" hostname="DESKTOP-4TI4KAS" failures="0" tests="12" name="Material Category Test" time="520.591" errors="0" timestamp="2026-04-09T16:07:25 IST">
  <testcase classname="testCasesForOQProjects.OQBaseModule_TC" name="url" time="2.068"/>
  <testcase classname="testCasesForOQProjects.OQBaseModule_TC" name="userLoginBeforeCreate" time="6.461"/>
  <testcase classname="testCasesForOQProjects.OQBaseModule_TC" name="moduleClick" time="19.818"/>
  <testcase classname="testCasesForOQProjects.MaterialCategory_TC" name="Creation_Of_Material_Category" time="28.878"/>
  <testcase classname="testCasesForOQProjects.MaterialCategory_TC" name="Click_Actions2" time="39.182"/>
  <testcase classname="testCasesForOQProjects.OQBaseModule_TC" name="Click_View" time="19.05"/>
  <testcase classname="testCasesForOQProjects.MaterialCategory_TC" name="material_Category_Review_Return_and_Edit" time="88.674"/>
  <testcase classname="testCasesForOQProjects.MaterialCategory_TC" name="materialCategoryReview" time="60.714"/>
  <testcase classname="testCasesForOQProjects.MaterialCategory_TC" name="material_Category_Approve_Return_and_Edit_and_Review" time="181.278"/>
  <testcase classname="testCasesForOQProjects.MaterialCategory_TC" name="materialCategoryApprove" time="61.069"/>
  <testcase classname="testCasesForOQProjects.OQBaseModule_TC" name="Logout" time="4.787"/>
  <testcase classname="testCasesForOQProjects.OQBaseModule_TC" name="Database_Backup" time="3.208"/>
  <testcase classname="testCasesForOQProjects.OQBaseModule_TC" name="Click_Actions" time="0.0">
    <ignored/>
  </testcase> <!-- Click_Actions -->
  <testcase classname="testCasesForOQProjects.OQBaseModule_TC" name="initialSetUp" time="0.0">
    <ignored/>
  </testcase> <!-- initialSetUp -->
  <testcase classname="testCasesForOQProjects.MaterialCategory_TC" name="Click_Actions1" time="0.0">
    <ignored/>
  </testcase> <!-- Click_Actions1 -->
</testsuite> <!-- Material Category Test -->
