<?xml version="1.0" encoding="UTF-8"?>
<!-- Generated by org.testng.reporters.JUnitXMLReporter -->
<testsuite ignored="7" hostname="DESKTOP-4TI4KAS" failures="0" tests="9" name="Offline Supplier Test" time="156.298" errors="0" timestamp="2026-04-09T16:46:11 IST">
  <testcase classname="testCasesForOQProjects.OQBaseModule_TC" name="url" time="0.062"/>
  <testcase classname="testCasesForOQProjects.OQBaseModule_TC" name="userLoginBeforeCreate" time="4.576"/>
  <testcase classname="testCasesForOQProjects.OQBaseModule_TC" name="moduleClick" time="15.383"/>
  <testcase classname="testCasesForOQProjects.Supplier_TC" name="Creation_Of_Supplier" time="20.243"/>
  <testcase classname="testCasesForOQProjects.Supplier_TC" name="supplierReview" time="44.091"/>
  <testcase classname="testCasesForOQProjects.Supplier_TC" name="supplierApprove" time="44.009"/>
  <testcase classname="testCasesForOQProjects.Supplier_TC" name="checkStatus" time="22.986"/>
  <testcase classname="testCasesForOQProjects.OQBaseModule_TC" name="Logout" time="1.573"/>
  <testcase classname="testCasesForOQProjects.OQBaseModule_TC" name="Database_Backup" time="1.195"/>
  <testcase classname="testCasesForOQProjects.Supplier_TC" name="supplier_Approve_Return_and_Edit_and_Review" time="0.0">
    <ignored/>
  </testcase> <!-- supplier_Approve_Return_and_Edit_and_Review -->
  <testcase classname="testCasesForOQProjects.OQBaseModule_TC" name="Click_Actions" time="0.0">
    <ignored/>
  </testcase> <!-- Click_Actions -->
  <testcase classname="testCasesForOQProjects.OQBaseModule_TC" name="Click_View" time="0.0">
    <ignored/>
  </testcase> <!-- Click_View -->
  <testcase classname="testCasesForOQProjects.Supplier_TC" name="Click_Actions1" time="0.0">
    <ignored/>
  </testcase> <!-- Click_Actions1 -->
  <testcase classname="testCasesForOQProjects.Supplier_TC" name="Click_Actions2" time="0.0">
    <ignored/>
  </testcase> <!-- Click_Actions2 -->
  <testcase classname="testCasesForOQProjects.Supplier_TC" name="supplier_Review_Return_and_Edit" time="0.0">
    <ignored/>
  </testcase> <!-- supplier_Review_Return_and_Edit -->
  <testcase classname="testCasesForOQProjects.OQBaseModule_TC" name="initialSetUp" time="0.0">
    <ignored/>
  </testcase> <!-- initialSetUp -->
</testsuite> <!-- Offline Supplier Test -->
