<?xml version="1.0" encoding="UTF-8"?>
<!-- Generated by org.testng.reporters.JUnitXMLReporter -->
<testsuite ignored="2" hostname="DESKTOP-4TI4KAS" failures="0" tests="14" name="Supplier Test" time="557.437" errors="0" timestamp="2026-04-09T15:49:36 IST">
  <testcase classname="testCasesForOQProjects.OQBaseModule_TC" name="url" time="0.122"/>
  <testcase classname="testCasesForOQProjects.OQBaseModule_TC" name="userLoginBeforeCreate" time="8.157"/>
  <testcase classname="testCasesForOQProjects.OQBaseModule_TC" name="moduleClick" time="20.309"/>
  <testcase classname="testCasesForOQProjects.Supplier_TC" name="Creation_Of_Supplier" time="16.015"/>
  <testcase classname="testCasesForOQProjects.Supplier_TC" name="Click_Actions1" time="10.55"/>
  <testcase classname="testCasesForOQProjects.OQBaseModule_TC" name="Click_View" time="18.924"/>
  <testcase classname="testCasesForOQProjects.Supplier_TC" name="Click_Actions2" time="38.942"/>
  <testcase classname="testCasesForOQProjects.Supplier_TC" name="supplier_Review_Return_and_Edit" time="88.245"/>
  <testcase classname="testCasesForOQProjects.Supplier_TC" name="supplierReview" time="61.348"/>
  <testcase classname="testCasesForOQProjects.Supplier_TC" name="supplier_Approve_Return_and_Edit_and_Review" time="185.187"/>
  <testcase classname="testCasesForOQProjects.Supplier_TC" name="supplierApprove" time="61.521"/>
  <testcase classname="testCasesForOQProjects.Supplier_TC" name="checkStatus" time="31.77"/>
  <testcase classname="testCasesForOQProjects.OQBaseModule_TC" name="Logout" time="4.781"/>
  <testcase classname="testCasesForOQProjects.OQBaseModule_TC" name="Database_Backup" time="2.885"/>
  <testcase classname="testCasesForOQProjects.OQBaseModule_TC" name="initialSetUp" time="0.0">
    <ignored/>
  </testcase> <!-- initialSetUp -->
  <testcase classname="testCasesForOQProjects.OQBaseModule_TC" name="Click_Actions" time="0.0">
    <ignored/>
  </testcase> <!-- Click_Actions -->
</testsuite> <!-- Supplier Test -->
