<?xml version="1.0" encoding="UTF-8"?>
<!-- Generated by org.testng.reporters.JUnitXMLReporter -->
<testsuite ignored="2" hostname="DESKTOP-4TI4KAS" failures="0" tests="13" name="Test" time="505.283" errors="0" timestamp="2026-04-10T13:07:17 IST">
  <testcase classname="testCasesForOQProjects.OQBaseModule_TC" name="url" time="1.02"/>
  <testcase classname="testCasesForOQProjects.OQBaseModule_TC" name="userLoginBeforeCreate" time="6.621"/>
  <testcase classname="testCasesForOQProjects.OQBaseModule_TC" name="moduleClick" time="8.702"/>
  <testcase classname="testCasesForOQProjects.AkronQuickProduct_TC" name="Creation_Of_Product" time="40.132"/>
  <testcase classname="testCasesForOQProjects.AkronQuickProduct_TC" name="Click_Actions2" time="28.218"/>
  <testcase classname="testCasesForOQProjects.OQBaseModule_TC" name="Click_View" time="7.404"/>
  <testcase classname="testCasesForOQProjects.AkronQuickProduct_TC" name="product_Review_Return_and_Edit" time="76.057"/>
  <testcase classname="testCasesForOQProjects.AkronQuickProduct_TC" name="productReview" time="50.365"/>
  <testcase classname="testCasesForOQProjects.AkronQuickProduct_TC" name="product_Approve_Return_and_Edit_and_Review" time="178.042"/>
  <testcase classname="testCasesForOQProjects.AkronQuickProduct_TC" name="productApprove" time="50.101"/>
  <testcase classname="testCasesForOQProjects.AkronQuickProduct_TC" name="Duplication_Check" time="42.651"/>
  <testcase classname="testCasesForOQProjects.OQBaseModule_TC" name="Logout" time="4.717"/>
  <testcase classname="testCasesForOQProjects.OQBaseModule_TC" name="Database_Backup" time="2.776"/>
  <testcase classname="testCasesForOQProjects.OQBaseModule_TC" name="initialSetUp" time="0.0">
    <ignored/>
  </testcase> <!-- initialSetUp -->
  <testcase classname="testCasesForOQProjects.OQBaseModule_TC" name="Click_Actions" time="0.0">
    <ignored/>
  </testcase> <!-- Click_Actions -->
</testsuite> <!-- Test -->
