<?xml version="1.0" encoding="UTF-8"?>
<!-- Generated by org.testng.reporters.JUnitXMLReporter -->
<testsuite ignored="4" hostname="DESKTOP-4TI4KAS" failures="8" tests="12" name="Test" time="131.267" errors="0" timestamp="2026-05-05T13:25:41 IST">
  <testcase classname="testCasesForOQProjects.OQBaseModule_TC" name="url" time="1.141"/>
  <testcase classname="testCasesForOQProjects.OQBaseModule_TC" name="userLoginBeforeCreate" time="6.151"/>
  <testcase classname="testCasesForOQProjects.OQBaseModule_TC" name="moduleClick" time="16.475"/>
  <testcase classname="testCasesForOQProjects.AkronBOM_TC" name="Click_Actions2" time="28.882">
    <failure type="java.lang.RuntimeException" message="Item not found in table: [null, 1]">
      <![CDATA[java.lang.RuntimeException: Item not found in table: [null, 1]
at utilities.HelperMethods.performTableActionGeneric(HelperMethods.java:418)
at pageObjects.BasePage.clickActions(BasePage.java:385)
at testCasesForOQProjects.AkronBOM_TC.Click_Actions2(AkronBOM_TC.java:113)
at java.base/java.util.ArrayList.forEach(ArrayList.java:1596)
... Removed 25 stack frames]]>
    </failure>
  </testcase> <!-- Click_Actions2 -->
  <testcase classname="testCasesForOQProjects.OQBaseModule_TC" name="Click_View" time="0.18">
    <failure type="java.lang.RuntimeException" message="Item not found in table: [null, 1]">
      <![CDATA[java.lang.RuntimeException: Item not found in table: [null, 1]
at utilities.HelperMethods.performTableActionGeneric(HelperMethods.java:418)
at pageObjects.BasePage.clickView(BasePage.java:371)
at testCasesForOQProjects.AkronBOM_TC.performClickView(AkronBOM_TC.java:195)
at testCasesForOQProjects.OQBaseModule_TC.Click_View(OQBaseModule_TC.java:158)
at java.base/java.util.ArrayList.forEach(ArrayList.java:1596)
... Removed 25 stack frames]]>
    </failure>
  </testcase> <!-- Click_View -->
  <testcase classname="testCasesForOQProjects.AkronBOM_TC" name="bom_Review_Return_and_Edit" time="0.184">
    <failure type="java.lang.RuntimeException" message="Item not found in table: [null]">
      <![CDATA[java.lang.RuntimeException: Item not found in table: [null]
at utilities.HelperMethods.performTableActionGeneric(HelperMethods.java:418)
at pageObjects.BasePage.clickActions(BasePage.java:385)
at testCasesForOQProjects.OQBaseModule_TC.noScreenshotForActionsInReviewReturn(OQBaseModule_TC.java:365)
at testCasesForOQProjects.OQBaseModule_TC.performReturnReview(OQBaseModule_TC.java:374)
at testCasesForOQProjects.AkronBOM_TC.bom_Review_Return_and_Edit(AkronBOM_TC.java:122)
at java.base/java.util.ArrayList.forEach(ArrayList.java:1596)
... Removed 25 stack frames]]>
    </failure>
  </testcase> <!-- bom_Review_Return_and_Edit -->
  <testcase classname="testCasesForOQProjects.AkronBOM_TC" name="bomReview" time="0.247">
    <failure type="java.lang.RuntimeException" message="Item not found in table: [null]">
      <![CDATA[java.lang.RuntimeException: Item not found in table: [null]
at utilities.HelperMethods.performTableActionGeneric(HelperMethods.java:418)
at pageObjects.BasePage.clickActions(BasePage.java:385)
at testCasesForOQProjects.OQBaseModule_TC.performReview(OQBaseModule_TC.java:279)
at testCasesForOQProjects.AkronBOM_TC.bomReview(AkronBOM_TC.java:132)
at java.base/java.util.ArrayList.forEach(ArrayList.java:1596)
... Removed 25 stack frames]]>
    </failure>
  </testcase> <!-- bomReview -->
  <testcase classname="testCasesForOQProjects.AkronBOM_TC" name="bom_Approve_Return_and_Edit_and_Review" time="27.898">
    <failure type="java.lang.RuntimeException" message="Item not found in table: [null]">
      <![CDATA[java.lang.RuntimeException: Item not found in table: [null]
at utilities.HelperMethods.performTableActionGeneric(HelperMethods.java:418)
at pageObjects.BasePage.clickActions(BasePage.java:385)
at testCasesForOQProjects.OQBaseModule_TC.performReturnApprove(OQBaseModule_TC.java:394)
at testCasesForOQProjects.AkronBOM_TC.bom_Approve_Return_and_Edit_and_Review(AkronBOM_TC.java:140)
at java.base/java.util.ArrayList.forEach(ArrayList.java:1596)
... Removed 25 stack frames]]>
    </failure>
  </testcase> <!-- bom_Approve_Return_and_Edit_and_Review -->
  <testcase classname="testCasesForOQProjects.AkronBOM_TC" name="bomApprove" time="0.159">
    <failure type="java.lang.RuntimeException" message="Item not found in table: [null]">
      <![CDATA[java.lang.RuntimeException: Item not found in table: [null]
at utilities.HelperMethods.performTableActionGeneric(HelperMethods.java:418)
at pageObjects.BasePage.clickActions(BasePage.java:385)
at testCasesForOQProjects.OQBaseModule_TC.performApprove(OQBaseModule_TC.java:327)
at testCasesForOQProjects.AkronBOM_TC.bomApprove(AkronBOM_TC.java:152)
at java.base/java.util.ArrayList.forEach(ArrayList.java:1596)
... Removed 25 stack frames]]>
    </failure>
  </testcase> <!-- bomApprove -->
  <testcase classname="testCasesForOQProjects.AkronBOM_TC" name="bomUpdate" time="34.425">
    <failure type="org.openqa.selenium.NoSuchWindowException" message="no such window: target window already closed
from unknown error: web view not found
  (Session info: chrome=147.0.7727.138)
Build info: version: &amp;apos;4.32.0&amp;apos;, revision: &amp;apos;d17c8aa950&amp;apos;
System info: os.name: &amp;apos;Windows 11&amp;apos;, os.arch: &amp;apos;amd64&amp;apos;, os.version: &amp;apos;10.0&amp;apos;, java.version: &amp;apos;21.0.10&amp;apos;
Driver info: org.openqa.selenium.chrome.ChromeDriver
Command: [6f1031eff53d44edd8b220003def9349, findElement {using=xpath, value=//button[@type=&amp;apos;submit&amp;apos;]}]
Capabilities {acceptInsecureCerts: false, browserName: chrome, browserVersion: 147.0.7727.138, chrome: {chromedriverVersion: 147.0.7727.117 (474cc805edd..., userDataDir: C:\Users\HP\AppData\Local\T...}, fedcm:accounts: true, goog:chromeOptions: {debuggerAddress: localhost:57960}, goog:processID: 28124, networkConnectionEnabled: false, pageLoadStrategy: normal, platformName: windows, proxy: Proxy(), se:cdp: ws://localhost:57960/devtoo..., se:cdpVersion: 147.0.7727.138, setWindowRect: true, strictFileInteractability: false, timeouts: {implicit: 0, pageLoad: 300000, script: 30000}, unhandledPromptBehavior: dismiss and notify, webauthn:extension:credBlob: true, webauthn:extension:largeBlob: true, webauthn:extension:minPinLength: true, webauthn:extension:prf: true, webauthn:virtualAuthenticators: true}
Session ID: 6f1031eff53d44edd8b220003def9349">
      <![CDATA[org.openqa.selenium.NoSuchWindowException: no such window: target window already closed
from unknown error: web view not found
  (Session info: chrome=147.0.7727.138)
Build info: version: '4.32.0', revision: 'd17c8aa950'
System info: os.name: 'Windows 11', os.arch: 'amd64', os.version: '10.0', java.version: '21.0.10'
Driver info: org.openqa.selenium.chrome.ChromeDriver
Command: [6f1031eff53d44edd8b220003def9349, findElement {using=xpath, value=//button[@type='submit']}]
Capabilities {acceptInsecureCerts: false, browserName: chrome, browserVersion: 147.0.7727.138, chrome: {chromedriverVersion: 147.0.7727.117 (474cc805edd..., userDataDir: C:\Users\HP\AppData\Local\T...}, fedcm:accounts: true, goog:chromeOptions: {debuggerAddress: localhost:57960}, goog:processID: 28124, networkConnectionEnabled: false, pageLoadStrategy: normal, platformName: windows, proxy: Proxy(), se:cdp: ws://localhost:57960/devtoo..., se:cdpVersion: 147.0.7727.138, setWindowRect: true, strictFileInteractability: false, timeouts: {implicit: 0, pageLoad: 300000, script: 30000}, unhandledPromptBehavior: dismiss and notify, webauthn:extension:credBlob: true, webauthn:extension:largeBlob: true, webauthn:extension:minPinLength: true, webauthn:extension:prf: true, webauthn:virtualAuthenticators: true}
Session ID: 6f1031eff53d44edd8b220003def9349
at org.openqa.selenium.remote.ErrorCodec.decode(ErrorCodec.java:167)
at org.openqa.selenium.remote.codec.w3c.W3CHttpResponseCodec.decode(W3CHttpResponseCodec.java:138)
at org.openqa.selenium.remote.codec.w3c.W3CHttpResponseCodec.decode(W3CHttpResponseCodec.java:50)
at org.openqa.selenium.remote.HttpCommandExecutor.execute(HttpCommandExecutor.java:215)
at org.openqa.selenium.remote.service.DriverCommandExecutor.invokeExecute(DriverCommandExecutor.java:216)
at org.openqa.selenium.remote.service.DriverCommandExecutor.execute(DriverCommandExecutor.java:174)
at org.openqa.selenium.remote.RemoteWebDriver.execute(RemoteWebDriver.java:545)
at org.openqa.selenium.remote.ElementLocation$ElementFinder$2.findElement(ElementLocation.java:165)
at org.openqa.selenium.remote.ElementLocation.findElement(ElementLocation.java:59)
at org.openqa.selenium.remote.RemoteWebDriver.findElement(RemoteWebDriver.java:368)
at org.openqa.selenium.remote.RemoteWebDriver.findElement(RemoteWebDriver.java:362)
at org.openqa.selenium.support.pagefactory.DefaultElementLocator.findElement(DefaultElementLocator.java:68)
at org.openqa.selenium.support.pagefactory.internal.LocatingElementHandler.invoke(LocatingElementHandler.java:38)
at jdk.proxy2/jdk.proxy2.$Proxy31.toString(Unknown Source)
at java.base/java.lang.String.valueOf(String.java:4454)
at org.openqa.selenium.support.ui.ExpectedConditions$10.toString(ExpectedConditions.java:295)
at java.base/java.lang.String.valueOf(String.java:4454)
at org.openqa.selenium.support.ui.FluentWait.until(FluentWait.java:225)
at utilities.HelperMethods.waitForElementandClick(HelperMethods.java:40)
at pageObjects.BasePage.login(BasePage.java:276)
at pageObjects.BasePage.switchUser(BasePage.java:307)
at testCasesForOQProjects.OQBaseModule_TC.switchUserIfMulti(OQBaseModule_TC.java:199)
at testCasesForOQProjects.AkronBOM_TC.bomUpdate(AkronBOM_TC.java:159)
at java.base/java.util.ArrayList.forEach(ArrayList.java:1596)
... Removed 28 stack frames]]>
    </failure>
  </testcase> <!-- bomUpdate -->
  <testcase classname="testCasesForOQProjects.OQBaseModule_TC" name="Logout" time="10.256">
    <failure type="org.openqa.selenium.NoSuchWindowException" message="no such window: target window already closed
from unknown error: web view not found
  (Session info: chrome=147.0.7727.138)
Build info: version: &amp;apos;4.32.0&amp;apos;, revision: &amp;apos;d17c8aa950&amp;apos;
System info: os.name: &amp;apos;Windows 11&amp;apos;, os.arch: &amp;apos;amd64&amp;apos;, os.version: &amp;apos;10.0&amp;apos;, java.version: &amp;apos;21.0.10&amp;apos;
Driver info: org.openqa.selenium.chrome.ChromeDriver
Command: [6f1031eff53d44edd8b220003def9349, findElement {using=xpath, value=//button[@class=&amp;apos;profile-btn&amp;apos;]/i}]
Capabilities {acceptInsecureCerts: false, browserName: chrome, browserVersion: 147.0.7727.138, chrome: {chromedriverVersion: 147.0.7727.117 (474cc805edd..., userDataDir: C:\Users\HP\AppData\Local\T...}, fedcm:accounts: true, goog:chromeOptions: {debuggerAddress: localhost:57960}, goog:processID: 28124, networkConnectionEnabled: false, pageLoadStrategy: normal, platformName: windows, proxy: Proxy(), se:cdp: ws://localhost:57960/devtoo..., se:cdpVersion: 147.0.7727.138, setWindowRect: true, strictFileInteractability: false, timeouts: {implicit: 0, pageLoad: 300000, script: 30000}, unhandledPromptBehavior: dismiss and notify, webauthn:extension:credBlob: true, webauthn:extension:largeBlob: true, webauthn:extension:minPinLength: true, webauthn:extension:prf: true, webauthn:virtualAuthenticators: true}
Session ID: 6f1031eff53d44edd8b220003def9349">
      <![CDATA[org.openqa.selenium.NoSuchWindowException: no such window: target window already closed
from unknown error: web view not found
  (Session info: chrome=147.0.7727.138)
Build info: version: '4.32.0', revision: 'd17c8aa950'
System info: os.name: 'Windows 11', os.arch: 'amd64', os.version: '10.0', java.version: '21.0.10'
Driver info: org.openqa.selenium.chrome.ChromeDriver
Command: [6f1031eff53d44edd8b220003def9349, findElement {using=xpath, value=//button[@class='profile-btn']/i}]
Capabilities {acceptInsecureCerts: false, browserName: chrome, browserVersion: 147.0.7727.138, chrome: {chromedriverVersion: 147.0.7727.117 (474cc805edd..., userDataDir: C:\Users\HP\AppData\Local\T...}, fedcm:accounts: true, goog:chromeOptions: {debuggerAddress: localhost:57960}, goog:processID: 28124, networkConnectionEnabled: false, pageLoadStrategy: normal, platformName: windows, proxy: Proxy(), se:cdp: ws://localhost:57960/devtoo..., se:cdpVersion: 147.0.7727.138, setWindowRect: true, strictFileInteractability: false, timeouts: {implicit: 0, pageLoad: 300000, script: 30000}, unhandledPromptBehavior: dismiss and notify, webauthn:extension:credBlob: true, webauthn:extension:largeBlob: true, webauthn:extension:minPinLength: true, webauthn:extension:prf: true, webauthn:virtualAuthenticators: true}
Session ID: 6f1031eff53d44edd8b220003def9349
at org.openqa.selenium.remote.ErrorCodec.decode(ErrorCodec.java:167)
at org.openqa.selenium.remote.codec.w3c.W3CHttpResponseCodec.decode(W3CHttpResponseCodec.java:138)
at org.openqa.selenium.remote.codec.w3c.W3CHttpResponseCodec.decode(W3CHttpResponseCodec.java:50)
at org.openqa.selenium.remote.HttpCommandExecutor.execute(HttpCommandExecutor.java:215)
at org.openqa.selenium.remote.service.DriverCommandExecutor.invokeExecute(DriverCommandExecutor.java:216)
at org.openqa.selenium.remote.service.DriverCommandExecutor.execute(DriverCommandExecutor.java:174)
at org.openqa.selenium.remote.RemoteWebDriver.execute(RemoteWebDriver.java:545)
at org.openqa.selenium.remote.ElementLocation$ElementFinder$2.findElement(ElementLocation.java:165)
at org.openqa.selenium.remote.ElementLocation.findElement(ElementLocation.java:59)
at org.openqa.selenium.remote.RemoteWebDriver.findElement(RemoteWebDriver.java:368)
at org.openqa.selenium.remote.RemoteWebDriver.findElement(RemoteWebDriver.java:362)
at org.openqa.selenium.support.pagefactory.DefaultElementLocator.findElement(DefaultElementLocator.java:68)
at org.openqa.selenium.support.pagefactory.internal.LocatingElementHandler.invoke(LocatingElementHandler.java:38)
at jdk.proxy2/jdk.proxy2.$Proxy31.toString(Unknown Source)
at java.base/java.lang.String.valueOf(String.java:4454)
at org.openqa.selenium.support.ui.ExpectedConditions$10.toString(ExpectedConditions.java:295)
at java.base/java.lang.String.valueOf(String.java:4454)
at org.openqa.selenium.support.ui.FluentWait.until(FluentWait.java:225)
at utilities.HelperMethods.waitForElementandClick(HelperMethods.java:40)
at pageObjects.BasePage.logout(BasePage.java:358)
at testCasesForOQProjects.OQBaseModule_TC.Logout(OQBaseModule_TC.java:178)
at java.base/java.util.ArrayList.forEach(ArrayList.java:1596)
... Removed 28 stack frames]]>
    </failure>
  </testcase> <!-- Logout -->
  <testcase classname="testCasesForOQProjects.OQBaseModule_TC" name="Database_Backup" time="1.352"/>
  <testcase classname="testCasesForOQProjects.AkronBOM_TC" name="Creation_Of_BOM" time="0.0">
    <ignored/>
  </testcase> <!-- Creation_Of_BOM -->
  <testcase classname="testCasesForOQProjects.OQBaseModule_TC" name="initialSetUp" time="0.0">
    <ignored/>
  </testcase> <!-- initialSetUp -->
  <testcase classname="testCasesForOQProjects.OQBaseModule_TC" name="Click_Actions" time="0.0">
    <ignored/>
  </testcase> <!-- Click_Actions -->
  <testcase classname="testCasesForOQProjects.AkronBOM_TC" name="Click_Actions1" time="0.0">
    <ignored/>
  </testcase> <!-- Click_Actions1 -->
</testsuite> <!-- Test -->
