<?xml version="1.0" encoding="UTF-8"?>
<!-- Generated by org.testng.reporters.JUnitXMLReporter -->
<testsuite ignored="21" hostname="DESKTOP-H4J5F89" failures="0" tests="4" name="Test" time="197.186" errors="0" timestamp="2026-02-11T19:30:22 IST">
  <testcase classname="testCasesForOQProjects.Department_TC" name="url" time="4.128"/>
  <testcase classname="testCasesForOQProjects.Department_TC" name="userLoginBeforeCreate" time="6.96"/>
  <testcase classname="testCasesForOQProjects.Department_TC" name="moduleClick" time="16.049"/>
  <testcase classname="testCasesForOQProjects.Department_TC" name="View_Screen_Validation" time="159.549"/>
  <testcase classname="testCasesForOQProjects.Department_TC" name="Edit_After_Create" time="0.0">
    <ignored/>
  </testcase> <!-- Edit_After_Create -->
  <testcase classname="testCasesForOQProjects.Department_TC" name="Database_Backup" time="0.0">
    <ignored/>
  </testcase> <!-- Database_Backup -->
  <testcase classname="testCasesForOQProjects.Department_TC" name="BreadCrumbs_Validation_In_ListPage" time="0.0">
    <ignored/>
  </testcase> <!-- BreadCrumbs_Validation_In_ListPage -->
  <testcase classname="testCasesForOQProjects.Department_TC" name="Approve_Screen_Validation" time="0.0">
    <ignored/>
  </testcase> <!-- Approve_Screen_Validation -->
  <testcase classname="testCasesForOQProjects.Department_TC" name="Edit_Screen_Validation" time="0.0">
    <ignored/>
  </testcase> <!-- Edit_Screen_Validation -->
  <testcase classname="testCasesForOQProjects.Department_TC" name="Click_Actions_After_Create" time="0.0">
    <ignored/>
  </testcase> <!-- Click_Actions_After_Create -->
  <testcase classname="testCasesForOQProjects.Department_TC" name="ViewEdit_Icons_Validation" time="0.0">
    <ignored/>
  </testcase> <!-- ViewEdit_Icons_Validation -->
  <testcase classname="testCasesForOQProjects.Department_TC" name="BreadCrumbs_Validation_In_ViewPage" time="0.0">
    <ignored/>
  </testcase> <!-- BreadCrumbs_Validation_In_ViewPage -->
  <testcase classname="testCasesForOQProjects.Department_TC" name="SideNav_Validation" time="0.0">
    <ignored/>
  </testcase> <!-- SideNav_Validation -->
  <testcase classname="testCasesForOQProjects.Department_TC" name="Creation_Of_Department" time="0.0">
    <ignored/>
  </testcase> <!-- Creation_Of_Department -->
  <testcase classname="testCasesForOQProjects.Department_TC" name="Logout" time="0.0">
    <ignored/>
  </testcase> <!-- Logout -->
  <testcase classname="testCasesForOQProjects.Department_TC" name="Creation_Screen_Validation" time="0.0">
    <ignored/>
  </testcase> <!-- Creation_Screen_Validation -->
  <testcase classname="testCasesForOQProjects.Department_TC" name="Department_Approve" time="0.0">
    <ignored/>
  </testcase> <!-- Department_Approve -->
  <testcase classname="testCasesForOQProjects.Department_TC" name="initialSetUp" time="0.0">
    <ignored/>
  </testcase> <!-- initialSetUp -->
  <testcase classname="testCasesForOQProjects.Department_TC" name="Dept_Return_and_Edit" time="0.0">
    <ignored/>
  </testcase> <!-- Dept_Return_and_Edit -->
  <testcase classname="testCasesForOQProjects.Department_TC" name="Click_View" time="0.0">
    <ignored/>
  </testcase> <!-- Click_View -->
  <testcase classname="testCasesForOQProjects.Department_TC" name="Action_Menu_Validation" time="0.0">
    <ignored/>
  </testcase> <!-- Action_Menu_Validation -->
  <testcase classname="testCasesForOQProjects.Department_TC" name="BreadCrumbs_Validation_In_CreatePage" time="0.0">
    <ignored/>
  </testcase> <!-- BreadCrumbs_Validation_In_CreatePage -->
  <testcase classname="testCasesForOQProjects.Department_TC" name="BreadCrumbs_Validation_In_EditPage" time="0.0">
    <ignored/>
  </testcase> <!-- BreadCrumbs_Validation_In_EditPage -->
  <testcase classname="testCasesForOQProjects.Department_TC" name="BreadCrumbs_Validation_In_ApprovePage" time="0.0">
    <ignored/>
  </testcase> <!-- BreadCrumbs_Validation_In_ApprovePage -->
  <testcase classname="testCasesForOQProjects.Department_TC" name="List_Page_Validation" time="0.0">
    <ignored/>
  </testcase> <!-- List_Page_Validation -->
</testsuite> <!-- Test -->
