<?xml version="1.0" encoding="UTF-8"?>
<!-- Generated by org.testng.reporters.JUnitXMLReporter -->
<testsuite ignored="12" hostname="DESKTOP-H4J5F89" failures="0" tests="6" name="Test" time="48.93" errors="0" timestamp="2026-02-02T16:10:58 IST">
  <testcase classname="testCasesForOQProjects.Department_TC" name="url" time="1.425"/>
  <testcase classname="testCasesForOQProjects.Department_TC" name="Login_Field_Validation" time="0.602"/>
  <testcase classname="testCasesForOQProjects.Department_TC" name="userLoginBeforeCreate" time="2.296"/>
  <testcase classname="testCasesForOQProjects.Department_TC" name="Module_Selection_Validation" time="1.418"/>
  <testcase classname="testCasesForOQProjects.Department_TC" name="moduleClick" time="15.01"/>
  <testcase classname="testCasesForOQProjects.Department_TC" name="Creation_Screen_Validation" time="24.7"/>
  <testcase classname="testCasesForOQProjects.Department_TC" name="Logout" time="0.0">
    <ignored/>
  </testcase> <!-- Logout -->
  <testcase classname="testCasesForOQProjects.Department_TC" name="Creation_Of_Department" time="0.0">
    <ignored/>
  </testcase> <!-- Creation_Of_Department -->
  <testcase classname="testCasesForOQProjects.Department_TC" name="Department_Approve" time="0.0">
    <ignored/>
  </testcase> <!-- Department_Approve -->
  <testcase classname="testCasesForOQProjects.Department_TC" name="Database_Backup" time="0.0">
    <ignored/>
  </testcase> <!-- Database_Backup -->
  <testcase classname="testCasesForOQProjects.Department_TC" name="initialSetUp" time="0.0">
    <ignored/>
  </testcase> <!-- initialSetUp -->
  <testcase classname="testCasesForOQProjects.Department_TC" name="Dept_Return_and_Edit" time="0.0">
    <ignored/>
  </testcase> <!-- Dept_Return_and_Edit -->
  <testcase classname="testCasesForOQProjects.Department_TC" name="Action_Menu_Validation" time="0.0">
    <ignored/>
  </testcase> <!-- Action_Menu_Validation -->
  <testcase classname="testCasesForOQProjects.Department_TC" name="Click_View" time="0.0">
    <ignored/>
  </testcase> <!-- Click_View -->
  <testcase classname="testCasesForOQProjects.Department_TC" name="Edit_After_Create" time="0.0">
    <ignored/>
  </testcase> <!-- Edit_After_Create -->
  <testcase classname="testCasesForOQProjects.Department_TC" name="Click_Actions_After_Create" time="0.0">
    <ignored/>
  </testcase> <!-- Click_Actions_After_Create -->
  <testcase classname="testCasesForOQProjects.Department_TC" name="ViewEdit_Icons_Validation" time="0.0">
    <ignored/>
  </testcase> <!-- ViewEdit_Icons_Validation -->
  <testcase classname="testCasesForOQProjects.Department_TC" name="URL_Validation" time="0.0">
    <ignored/>
  </testcase> <!-- URL_Validation -->
</testsuite> <!-- Test -->
