<?xml version="1.0" encoding="UTF-8"?>
<!-- Generated by org.testng.reporters.JUnitXMLReporter -->
<testsuite ignored="3" hostname="DESKTOP-H4J5F89" failures="0" tests="9" name="Test" time="154.28" errors="0" timestamp="2026-01-30T17:00:23 IST">
  <testcase classname="testBase.BaseClass" name="@AfterClass tearDown" time="0.28">
    <failure type="java.io.FileNotFoundException" message="src\test\resources\MM Product Documents\Department\Department_OQ.docx (The system cannot find the path specified)">
      <![CDATA[java.io.FileNotFoundException: src\test\resources\MM Product Documents\Department\Department_OQ.docx (The system cannot find the path specified)
at java.base/java.io.FileOutputStream.open0(Native Method)
at java.base/java.io.FileOutputStream.open(FileOutputStream.java:293)
at java.base/java.io.FileOutputStream.<init>(FileOutputStream.java:235)
at java.base/java.io.FileOutputStream.<init>(FileOutputStream.java:123)
at utilities.ScreenshotUtil.insertScreenshotsAndAppendTemplate(ScreenshotUtil.java:236)
at testBase.BaseClass.tearDown(BaseClass.java:64)
at java.base/java.util.ArrayList.forEach(ArrayList.java:1511)
... Removed 26 stack frames]]>
    </failure>
  </testcase> <!-- @AfterClass tearDown -->
  <testcase classname="testCasesForOQProjects.Department_TC" name="initialSetUp" time="13.526"/>
  <testcase classname="testCasesForOQProjects.Department_TC" name="url" time="0.097"/>
  <testcase classname="testCasesForOQProjects.Department_TC" name="userLoginBeforeCreate" time="7.708"/>
  <testcase classname="testCasesForOQProjects.Department_TC" name="moduleClick" time="16.54"/>
  <testcase classname="testCasesForOQProjects.Department_TC" name="Creation_Of_Department" time="36.0"/>
  <testcase classname="testCasesForOQProjects.Department_TC" name="Click_View" time="39.803"/>
  <testcase classname="testCasesForOQProjects.Department_TC" name="Department_Approve" time="27.353"/>
  <testcase classname="testCasesForOQProjects.Department_TC" name="Logout" time="2.753"/>
  <testcase classname="testCasesForOQProjects.Department_TC" name="Database_Backup" time="3.834"/>
  <testcase classname="testCasesForOQProjects.Department_TC" name="Click_Actions_After_Create" time="0.0">
    <ignored/>
  </testcase> <!-- Click_Actions_After_Create -->
  <testcase classname="testCasesForOQProjects.Department_TC" name="Edit_After_Create" time="0.0">
    <ignored/>
  </testcase> <!-- Edit_After_Create -->
  <testcase classname="testCasesForOQProjects.Department_TC" name="Dept_Return_and_Edit" time="0.0">
    <ignored/>
  </testcase> <!-- Dept_Return_and_Edit -->
</testsuite> <!-- Test -->
