<?xml version="1.0" encoding="UTF-8"?>
<!-- Generated by org.testng.reporters.JUnitXMLReporter -->
<testsuite ignored="6" hostname="DESKTOP-H4J5F89" failures="0" tests="22" name="Test" time="737.363" errors="0" timestamp="2026-03-07T14:01:50 IST">
  <testcase classname="testCasesForOQProjects.NDC_TC" name="url" time="1.528"/>
  <testcase classname="testCasesForOQProjects.NDC_TC" name="userLoginBeforeCreate" time="6.543"/>
  <testcase classname="testCasesForOQProjects.NDC_TC" name="moduleClick" time="8.08"/>
  <testcase classname="testCasesForOQProjects.NDC_TC" name="Click_Actions" time="7.281"/>
  <testcase classname="testCasesForOQProjects.NDC_TC" name="Click_Inactive_1" time="26.324"/>
  <testcase classname="testCasesForOQProjects.NDC_TC" name="ndc_Inactive_Review_Reject" time="44.558"/>
  <testcase classname="testCasesForOQProjects.NDC_TC" name="Click_Inactive_2" time="44.696"/>
  <testcase classname="testCasesForOQProjects.NDC_TC" name="ndc_Inactive_Review_1" time="51.583"/>
  <testcase classname="testCasesForOQProjects.NDC_TC" name="ndc_Inactive_Approve_Reject" time="44.935"/>
  <testcase classname="testCasesForOQProjects.NDC_TC" name="Click_Inactive_3" time="33.603"/>
  <testcase classname="testCasesForOQProjects.NDC_TC" name="ndc_Inactive_Review_2" time="52.155"/>
  <testcase classname="testCasesForOQProjects.NDC_TC" name="ndc_Inactive_Approve" time="52.067"/>
  <testcase classname="testCasesForOQProjects.NDC_TC" name="Click_Active_1" time="44.589"/>
  <testcase classname="testCasesForOQProjects.NDC_TC" name="ndc_Active_Review_Reject" time="43.78"/>
  <testcase classname="testCasesForOQProjects.NDC_TC" name="Click_Active_2" time="44.593"/>
  <testcase classname="testCasesForOQProjects.NDC_TC" name="ndc_Active_Review_1" time="42.436"/>
  <testcase classname="testCasesForOQProjects.NDC_TC" name="ndc_Active_Approve_Reject" time="43.312"/>
  <testcase classname="testCasesForOQProjects.NDC_TC" name="Click_Active_3" time="44.083"/>
  <testcase classname="testCasesForOQProjects.NDC_TC" name="ndc_Active_Review_2" time="42.445"/>
  <testcase classname="testCasesForOQProjects.NDC_TC" name="ndc_Active_Approve" time="42.105"/>
  <testcase classname="testCasesForOQProjects.NDC_TC" name="Logout" time="3.947"/>
  <testcase classname="testCasesForOQProjects.NDC_TC" name="Database_Backup" time="1.957"/>
  <testcase classname="testCasesForOQProjects.NDC_TC" name="Click_Active" time="0.0">
    <ignored/>
  </testcase> <!-- Click_Active -->
  <testcase classname="testCasesForOQProjects.NDC_TC" name="Click_View" time="0.0">
    <ignored/>
  </testcase> <!-- Click_View -->
  <testcase classname="testCasesForOQProjects.NDC_TC" name="ndc_Inactive_Review" time="0.0">
    <ignored/>
  </testcase> <!-- ndc_Inactive_Review -->
  <testcase classname="testCasesForOQProjects.NDC_TC" name="ndc_Active_Review" time="0.0">
    <ignored/>
  </testcase> <!-- ndc_Active_Review -->
  <testcase classname="testCasesForOQProjects.NDC_TC" name="Click_Inactive" time="0.0">
    <ignored/>
  </testcase> <!-- Click_Inactive -->
  <testcase classname="testCasesForOQProjects.NDC_TC" name="initialSetUp" time="0.0">
    <ignored/>
  </testcase> <!-- initialSetUp -->
</testsuite> <!-- Test -->
