<html>
<head>
<title>TestNG:  Test</title>
<link href="../testng.css" rel="stylesheet" type="text/css" />
<link href="../my-testng.css" rel="stylesheet" type="text/css" />

<style type="text/css">
.log { display: none;} 
.stack-trace { display: none;} 
</style>
<script type="text/javascript">
<!--
function flip(e) {
  current = e.style.display;
  if (current == 'block') {
    e.style.display = 'none';
    return 0;
  }
  else {
    e.style.display = 'block';
    return 1;
  }
}

function toggleBox(szDivId, elem, msg1, msg2)
{
  var res = -1;  if (document.getElementById) {
    res = flip(document.getElementById(szDivId));
  }
  else if (document.all) {
    // this is the way old msie versions work
    res = flip(document.all[szDivId]);
  }
  if(elem) {
    if(res == 0) elem.innerHTML = msg1; else elem.innerHTML = msg2;
  }

}

function toggleAllBoxes() {
  if (document.getElementsByTagName) {
    d = document.getElementsByTagName('div');
    for (i = 0; i < d.length; i++) {
      if (d[i].className == 'log') {
        flip(d[i]);
      }
    }
  }
}

// -->
</script>

</head>
<body>
<h2 align='center'>Test</h2><table border='1' align="center">
<tr>
<td>Tests passed/Failed/Skipped:</td><td>9/0/0</td>
</tr><tr>
<td>Started on:</td><td>Fri Jan 30 16:57:49 IST 2026</td>
</tr>
<tr><td>Total time:</td><td>154 seconds (154280 ms)</td>
</tr><tr>
<td>Included groups:</td><td></td>
</tr><tr>
<td>Excluded groups:</td><td></td>
</tr>
</table><p/>
<small><i>(Hover the method name to see the test class name)</i></small><p/>
<table width='100%' border='1' class='invocation-failed'>
<tr><td colspan='4' align='center'><b>FAILED CONFIGURATIONS</b></td></tr>
<tr><td><b>Test method</b></td>
<td><b>Attribute(s)</b></td>
<td width="30%"><b>Exception</b></td>
<td width="10%"><b>Time (seconds)</b></td>
<td><b>Instance</b></td>
</tr>
<tr>
<td title='testCasesForOQProjects.Department_TC.tearDown()'><b>tearDown</b><br>Test class: testCasesForOQProjects.Department_TC</td>
<td><div><pre>java.io.FileNotFoundException: src\test\resources\MM Product Documents\Department\Department_OQ.docx (The system cannot find the path specified)
	at java.base/java.io.FileOutputStream.open0(Native Method)
	at java.base/java.io.FileOutputStream.open(FileOutputStream.java:293)
	at java.base/java.io.FileOutputStream.&lt;init&gt;(FileOutputStream.java:235)
	at java.base/java.io.FileOutputStream.&lt;init&gt;(FileOutputStream.java:123)
	at utilities.ScreenshotUtil.insertScreenshotsAndAppendTemplate(ScreenshotUtil.java:236)
	at testBase.BaseClass.tearDown(BaseClass.java:64)
	at java.base/java.util.ArrayList.forEach(ArrayList.java:1511)
... Removed 26 stack frames</pre></div><a href='#' onClick='toggleBox("stack-trace382522044", this, "Click to show all stack frames", "Click to hide stack frames")'>Click to show all stack frames</a>
<div class='stack-trace' id='stack-trace382522044'><pre>java.io.FileNotFoundException: src\test\resources\MM Product Documents\Department\Department_OQ.docx (The system cannot find the path specified)
	at java.base/java.io.FileOutputStream.open0(Native Method)
	at java.base/java.io.FileOutputStream.open(FileOutputStream.java:293)
	at java.base/java.io.FileOutputStream.&lt;init&gt;(FileOutputStream.java:235)
	at java.base/java.io.FileOutputStream.&lt;init&gt;(FileOutputStream.java:123)
	at utilities.ScreenshotUtil.insertScreenshotsAndAppendTemplate(ScreenshotUtil.java:236)
	at testBase.BaseClass.tearDown(BaseClass.java:64)
	at java.base/jdk.internal.reflect.NativeMethodAccessorImpl.invoke0(Native Method)
	at java.base/jdk.internal.reflect.NativeMethodAccessorImpl.invoke(NativeMethodAccessorImpl.java:77)
	at java.base/jdk.internal.reflect.DelegatingMethodAccessorImpl.invoke(DelegatingMethodAccessorImpl.java:43)
	at java.base/java.lang.reflect.Method.invoke(Method.java:568)
	at org.testng.internal.invokers.MethodInvocationHelper.invokeMethod(MethodInvocationHelper.java:141)
	at org.testng.internal.invokers.MethodInvocationHelper.invokeMethodConsideringTimeout(MethodInvocationHelper.java:71)
	at org.testng.internal.invokers.ConfigInvoker.invokeConfigurationMethod(ConfigInvoker.java:400)
	at org.testng.internal.invokers.ConfigInvoker.invokeConfigurations(ConfigInvoker.java:333)
	at org.testng.internal.invokers.TestMethodWorker.invokeAfterClassConfigurations(TestMethodWorker.java:238)
	at org.testng.internal.invokers.TestMethodWorker.invokeAfterClassMethods(TestMethodWorker.java:223)
	at org.testng.internal.invokers.TestMethodWorker.run(TestMethodWorker.java:137)
	at java.base/java.util.ArrayList.forEach(ArrayList.java:1511)
	at org.testng.TestRunner.privateRun(TestRunner.java:741)
	at org.testng.TestRunner.run(TestRunner.java:616)
	at org.testng.SuiteRunner.runTest(SuiteRunner.java:421)
	at org.testng.SuiteRunner.runSequentially(SuiteRunner.java:413)
	at org.testng.SuiteRunner.privateRun(SuiteRunner.java:373)
	at org.testng.SuiteRunner.run(SuiteRunner.java:312)
	at org.testng.SuiteRunnerWorker.runSuite(SuiteRunnerWorker.java:52)
	at org.testng.SuiteRunnerWorker.run(SuiteRunnerWorker.java:95)
	at org.testng.TestNG.runSuitesSequentially(TestNG.java:1274)
	at org.testng.TestNG.runSuitesLocally(TestNG.java:1208)
	at org.testng.TestNG.runSuites(TestNG.java:1112)
	at org.testng.TestNG.run(TestNG.java:1079)
	at org.testng.remote.AbstractRemoteTestNG.run(AbstractRemoteTestNG.java:115)
	at org.testng.remote.RemoteTestNG.initAndRun(RemoteTestNG.java:293)
	at org.testng.remote.RemoteTestNG.main(RemoteTestNG.java:91)
</pre></div></td>
<td>0</td>
<td>testCasesForOQProjects.Department_TC@38f57b3d</td></tr>
</table><p>
<table width='100%' border='1' class='invocation-passed'>
<tr><td colspan='4' align='center'><b>PASSED TESTS</b></td></tr>
<tr><td><b>Test method</b></td>
<td><b>Attribute(s)</b></td>
<td width="30%"><b>Exception</b></td>
<td width="10%"><b>Time (seconds)</b></td>
<td><b>Instance</b></td>
</tr>
<tr>
<td title='testCasesForOQProjects.Department_TC.Click_View()'><b>Click_View</b><br>Test class: testCasesForOQProjects.Department_TC</td>
<td></td>
<td>39</td>
<td>testCasesForOQProjects.Department_TC@38f57b3d</td></tr>
<tr>
<td title='testCasesForOQProjects.Department_TC.userLoginBeforeCreate()'><b>userLoginBeforeCreate</b><br>Test class: testCasesForOQProjects.Department_TC</td>
<td></td>
<td>7</td>
<td>testCasesForOQProjects.Department_TC@38f57b3d</td></tr>
<tr>
<td title='testCasesForOQProjects.Department_TC.url()'><b>url</b><br>Test class: testCasesForOQProjects.Department_TC</td>
<td></td>
<td>0</td>
<td>testCasesForOQProjects.Department_TC@38f57b3d</td></tr>
<tr>
<td title='testCasesForOQProjects.Department_TC.Logout()'><b>Logout</b><br>Test class: testCasesForOQProjects.Department_TC</td>
<td></td>
<td>2</td>
<td>testCasesForOQProjects.Department_TC@38f57b3d</td></tr>
<tr>
<td title='testCasesForOQProjects.Department_TC.initialSetUp()'><b>initialSetUp</b><br>Test class: testCasesForOQProjects.Department_TC</td>
<td></td>
<td>13</td>
<td>testCasesForOQProjects.Department_TC@38f57b3d</td></tr>
<tr>
<td title='testCasesForOQProjects.Department_TC.moduleClick()'><b>moduleClick</b><br>Test class: testCasesForOQProjects.Department_TC</td>
<td></td>
<td>16</td>
<td>testCasesForOQProjects.Department_TC@38f57b3d</td></tr>
<tr>
<td title='testCasesForOQProjects.Department_TC.Database_Backup()'><b>Database_Backup</b><br>Test class: testCasesForOQProjects.Department_TC</td>
<td></td>
<td>3</td>
<td>testCasesForOQProjects.Department_TC@38f57b3d</td></tr>
<tr>
<td title='testCasesForOQProjects.Department_TC.Department_Approve()'><b>Department_Approve</b><br>Test class: testCasesForOQProjects.Department_TC</td>
<td></td>
<td>27</td>
<td>testCasesForOQProjects.Department_TC@38f57b3d</td></tr>
<tr>
<td title='testCasesForOQProjects.Department_TC.Creation_Of_Department()'><b>Creation_Of_Department</b><br>Test class: testCasesForOQProjects.Department_TC</td>
<td></td>
<td>36</td>
<td>testCasesForOQProjects.Department_TC@38f57b3d</td></tr>
</table><p>
</body>
</html>