<?xml version="1.0" encoding="UTF-8"?>
<!-- Generated by org.testng.reporters.JUnitXMLReporter -->
<testsuite ignored="4" hostname="DESKTOP-4TI4KAS" failures="5" tests="13" name="Test" time="908.882" errors="0" timestamp="2026-03-21T15:43:20 IST">
  <testcase classname="testCasesForOQProjects.Material_TC" name="url" time="0.938"/>
  <testcase classname="testCasesForOQProjects.Material_TC" name="userLoginBeforeCreate" time="7.15"/>
  <testcase classname="testCasesForOQProjects.Material_TC" name="moduleClick" time="19.559"/>
  <testcase classname="testCasesForOQProjects.Material_TC" name="Creation_Of_Material" time="98.033">
    <failure type="java.lang.AssertionError" message="The following asserts failed:
	Created Toaster message mismatch for: Creation failed with message: Material created succesfully expected [Material created successfully] but found [Material created succesfully]">
      <![CDATA[java.lang.AssertionError: The following asserts failed:
Created Toaster message mismatch for: Creation failed with message: Material created succesfully expected [Material created successfully] but found [Material created succesfully]
at utilities.SoftAssertionUtil.assertAll(SoftAssertionUtil.java:59)
at testCasesForOQProjects.Material_TC.Creation_Of_Material(Material_TC.java:169)
at java.base/java.util.ArrayList.forEach(ArrayList.java:1596)
... Removed 27 stack frames]]>
    </failure>
  </testcase> <!-- Creation_Of_Material -->
  <testcase classname="testCasesForOQProjects.Material_TC" name="Click_View" time="19.047"/>
  <testcase classname="testCasesForOQProjects.Material_TC" name="material_Review_Return_and_Edit" time="120.171">
    <failure type="java.lang.AssertionError" message="The following asserts failed:
	Updated toaster messege mismatch for: Material updated succesfully expected [Material updated successfully] but found [Material updated succesfully]">
      <![CDATA[java.lang.AssertionError: The following asserts failed:
Updated toaster messege mismatch for: Material updated succesfully expected [Material updated successfully] but found [Material updated succesfully]
at utilities.SoftAssertionUtil.assertAll(SoftAssertionUtil.java:59)
at testCasesForOQProjects.Material_TC.material_Review_Return_and_Edit(Material_TC.java:215)
at java.base/java.util.ArrayList.forEach(ArrayList.java:1596)
... Removed 27 stack frames]]>
    </failure>
  </testcase> <!-- material_Review_Return_and_Edit -->
  <testcase classname="testCasesForOQProjects.Material_TC" name="materialReview" time="74.029"/>
  <testcase classname="testCasesForOQProjects.Material_TC" name="material_Approve_Return_and_Edit_and_Review" time="213.115">
    <failure type="java.lang.AssertionError" message="The following asserts failed:
	Updated toaster messege mismatch for: Material updated succesfully expected [Material updated successfully] but found [Material updated succesfully]">
      <![CDATA[java.lang.AssertionError: The following asserts failed:
Updated toaster messege mismatch for: Material updated succesfully expected [Material updated successfully] but found [Material updated succesfully]
at utilities.SoftAssertionUtil.assertAll(SoftAssertionUtil.java:59)
at testCasesForOQProjects.Material_TC.material_Approve_Return_and_Edit_and_Review(Material_TC.java:250)
at java.base/java.util.ArrayList.forEach(ArrayList.java:1596)
... Removed 27 stack frames]]>
    </failure>
  </testcase> <!-- material_Approve_Return_and_Edit_and_Review -->
  <testcase classname="testCasesForOQProjects.Material_TC" name="materialApprove" time="61.319"/>
  <testcase classname="testCasesForOQProjects.Material_TC" name="materialUpdate" time="229.305">
    <failure type="java.lang.AssertionError" message="The following asserts failed:
	Updated toaster messege mismatch for: Material updated succesfully expected [Material updated successfully] but found [Material updated succesfully],
	Review toaster message mismatch for: Material Update Request reviewed scuccessfully expected [Material reviewed successfully] but found [Material Update Request reviewed scuccessfully],
	Approved toaster messege mismatch for: Material Update Request approved scuccessfully expected [Material approved successfully] but found [Material Update Request approved scuccessfully]">
      <![CDATA[java.lang.AssertionError: The following asserts failed:
Updated toaster messege mismatch for: Material updated succesfully expected [Material updated successfully] but found [Material updated succesfully],
Review toaster message mismatch for: Material Update Request reviewed scuccessfully expected [Material reviewed successfully] but found [Material Update Request reviewed scuccessfully],
Approved toaster messege mismatch for: Material Update Request approved scuccessfully expected [Material approved successfully] but found [Material Update Request approved scuccessfully]
at utilities.SoftAssertionUtil.assertAll(SoftAssertionUtil.java:59)
at testCasesForOQProjects.Material_TC.materialUpdate(Material_TC.java:285)
at java.base/java.util.ArrayList.forEach(ArrayList.java:1596)
... Removed 27 stack frames]]>
    </failure>
  </testcase> <!-- materialUpdate -->
  <testcase classname="testCasesForOQProjects.Material_TC" name="vendorDetails" time="50.017">
    <failure type="org.openqa.selenium.TimeoutException" message="Expected condition failed: waiting for element to be clickable: By.xpath: //ng-multiselect-dropdown[@formcontrolname=&amp;apos;materialNameOrCode&amp;apos;]//li[normalize-space()=&amp;apos;yes&amp;apos;] (tried for 10 second(s) with 500 milliseconds interval)
Build info: version: &amp;apos;4.32.0&amp;apos;, revision: &amp;apos;d17c8aa950&amp;apos;
System info: os.name: &amp;apos;Windows 11&amp;apos;, os.arch: &amp;apos;amd64&amp;apos;, os.version: &amp;apos;10.0&amp;apos;, java.version: &amp;apos;21.0.10&amp;apos;
Driver info: org.openqa.selenium.chrome.ChromeDriver
Capabilities {acceptInsecureCerts: false, browserName: chrome, browserVersion: 146.0.7680.80, chrome: {chromedriverVersion: 146.0.7680.153 (85fd829a1b2..., userDataDir: C:\Users\HP\AppData\Local\T...}, fedcm:accounts: true, goog:chromeOptions: {debuggerAddress: localhost:53824}, goog:processID: 21196, networkConnectionEnabled: false, pageLoadStrategy: normal, platformName: windows, proxy: Proxy(), se:cdp: ws://localhost:53824/devtoo..., se:cdpVersion: 146.0.7680.80, setWindowRect: true, strictFileInteractability: false, timeouts: {implicit: 0, pageLoad: 300000, script: 30000}, unhandledPromptBehavior: dismiss and notify, webauthn:extension:credBlob: true, webauthn:extension:largeBlob: true, webauthn:extension:minPinLength: true, webauthn:extension:prf: true, webauthn:virtualAuthenticators: true}
Session ID: 733c709a878658098db3aec17d79503f">
      <![CDATA[org.openqa.selenium.TimeoutException: Expected condition failed: waiting for element to be clickable: By.xpath: //ng-multiselect-dropdown[@formcontrolname='materialNameOrCode']//li[normalize-space()='yes'] (tried for 10 second(s) with 500 milliseconds interval)
Build info: version: '4.32.0', revision: 'd17c8aa950'
System info: os.name: 'Windows 11', os.arch: 'amd64', os.version: '10.0', java.version: '21.0.10'
Driver info: org.openqa.selenium.chrome.ChromeDriver
Capabilities {acceptInsecureCerts: false, browserName: chrome, browserVersion: 146.0.7680.80, chrome: {chromedriverVersion: 146.0.7680.153 (85fd829a1b2..., userDataDir: C:\Users\HP\AppData\Local\T...}, fedcm:accounts: true, goog:chromeOptions: {debuggerAddress: localhost:53824}, goog:processID: 21196, networkConnectionEnabled: false, pageLoadStrategy: normal, platformName: windows, proxy: Proxy(), se:cdp: ws://localhost:53824/devtoo..., se:cdpVersion: 146.0.7680.80, setWindowRect: true, strictFileInteractability: false, timeouts: {implicit: 0, pageLoad: 300000, script: 30000}, unhandledPromptBehavior: dismiss and notify, webauthn:extension:credBlob: true, webauthn:extension:largeBlob: true, webauthn:extension:minPinLength: true, webauthn:extension:prf: true, webauthn:virtualAuthenticators: true}
Session ID: 733c709a878658098db3aec17d79503f
at org.openqa.selenium.support.ui.WebDriverWait.timeoutException(WebDriverWait.java:84)
at org.openqa.selenium.support.ui.FluentWait.until(FluentWait.java:228)
at pageObjects.Material.selMaterialName_selMaterialCode(Material.java:147)
at testCasesForOQProjects.Material_TC.vendorDetails(Material_TC.java:307)
at java.base/java.util.ArrayList.forEach(ArrayList.java:1596)
... Removed 25 stack frames]]>
    </failure>
  </testcase> <!-- vendorDetails -->
  <testcase classname="testCasesForOQProjects.Material_TC" name="Logout" time="4.561"/>
  <testcase classname="testCasesForOQProjects.Material_TC" name="Database_Backup" time="1.963"/>
  <testcase classname="testCasesForOQProjects.Material_TC" name="initialSetUp" time="0.0">
    <ignored/>
  </testcase> <!-- initialSetUp -->
  <testcase classname="testCasesForOQProjects.Material_TC" name="Click_Actions" time="0.0">
    <ignored/>
  </testcase> <!-- Click_Actions -->
  <testcase classname="testCasesForOQProjects.Material_TC" name="Click_Actions_2" time="0.0">
    <ignored/>
  </testcase> <!-- Click_Actions_2 -->
  <testcase classname="testCasesForOQProjects.Material_TC" name="Click_Actions_1" time="0.0">
    <ignored/>
  </testcase> <!-- Click_Actions_1 -->
</testsuite> <!-- Test -->
