<?xml version="1.0" encoding="UTF-8"?>
<testng-results ignored="12" total="18" passed="6" failed="0" skipped="0">
  <reporter-output>
  </reporter-output>
  <suite started-at="2026-02-02T16:10:09 IST" name="Suite" finished-at="2026-02-02T16:10:58 IST" duration-ms="48930">
    <groups>
      <group name="modulevalidation">
        <method signature="Department_TC.Module_Selection_Validation()[pri:4, instance:testCasesForOQProjects.Department_TC@7c56e013]" name="Module_Selection_Validation" class="testCasesForOQProjects.Department_TC"/>
      </group> <!-- modulevalidation -->
      <group name="creationvalidation">
        <method signature="Department_TC.Creation_Screen_Validation()[pri:6, instance:testCasesForOQProjects.Department_TC@7c56e013]" name="Creation_Screen_Validation" class="testCasesForOQProjects.Department_TC"/>
      </group> <!-- creationvalidation -->
      <group name="loginvalidation">
        <method signature="Department_TC.Login_Field_Validation()[pri:3, instance:testCasesForOQProjects.Department_TC@7c56e013]" name="Login_Field_Validation" class="testCasesForOQProjects.Department_TC"/>
      </group> <!-- loginvalidation -->
      <group name="url">
        <method signature="Department_TC.url()[pri:2, instance:testCasesForOQProjects.Department_TC@7c56e013]" name="url" class="testCasesForOQProjects.Department_TC"/>
      </group> <!-- url -->
      <group name="moduleselect">
        <method signature="Department_TC.moduleClick()[pri:5, instance:testCasesForOQProjects.Department_TC@7c56e013]" name="moduleClick" class="testCasesForOQProjects.Department_TC"/>
      </group> <!-- moduleselect -->
      <group name="userlogin">
        <method signature="Department_TC.userLoginBeforeCreate()[pri:4, instance:testCasesForOQProjects.Department_TC@7c56e013]" name="userLoginBeforeCreate" class="testCasesForOQProjects.Department_TC"/>
      </group> <!-- userlogin -->
    </groups>
    <test started-at="2026-02-02T16:10:09 IST" name="Test" finished-at="2026-02-02T16:10:58 IST" duration-ms="48930">
      <class name="testCasesForOQProjects.Department_TC">
        <test-method is-config="true" signature="setUp(java.lang.String)[pri:0, instance:testCasesForOQProjects.Department_TC@7c56e013]" started-at="2026-02-02T16:10:09 IST" name="setUp" finished-at="2026-02-02T16:10:12 IST" duration-ms="3093" status="PASS">
          <params>
            <param index="0">
              <value>
                <![CDATA[multipleusers_department.properties]]>
              </value>
            </param>
          </params>
          <reporter-output>
          </reporter-output>
        </test-method> <!-- setUp -->
        <test-method signature="url()[pri:2, instance:testCasesForOQProjects.Department_TC@7c56e013]" started-at="2026-02-02T16:10:12 IST" name="url" finished-at="2026-02-02T16:10:14 IST" duration-ms="1425" status="PASS">
          <reporter-output>
          </reporter-output>
        </test-method> <!-- url -->
        <test-method signature="Login_Field_Validation()[pri:3, instance:testCasesForOQProjects.Department_TC@7c56e013]" started-at="2026-02-02T16:10:14 IST" name="Login_Field_Validation" finished-at="2026-02-02T16:10:15 IST" depends-on-methods="testCasesForOQProjects.Department_TC.url" duration-ms="602" status="PASS">
          <reporter-output>
          </reporter-output>
        </test-method> <!-- Login_Field_Validation -->
        <test-method signature="userLoginBeforeCreate()[pri:4, instance:testCasesForOQProjects.Department_TC@7c56e013]" started-at="2026-02-02T16:10:15 IST" name="userLoginBeforeCreate" finished-at="2026-02-02T16:10:17 IST" duration-ms="2296" status="PASS">
          <reporter-output>
          </reporter-output>
        </test-method> <!-- userLoginBeforeCreate -->
        <test-method signature="Module_Selection_Validation()[pri:4, instance:testCasesForOQProjects.Department_TC@7c56e013]" started-at="2026-02-02T16:10:17 IST" name="Module_Selection_Validation" finished-at="2026-02-02T16:10:18 IST" depends-on-methods="testCasesForOQProjects.Department_TC.userLoginBeforeCreate" duration-ms="1418" status="PASS">
          <reporter-output>
          </reporter-output>
        </test-method> <!-- Module_Selection_Validation -->
        <test-method signature="moduleClick()[pri:5, instance:testCasesForOQProjects.Department_TC@7c56e013]" started-at="2026-02-02T16:10:18 IST" name="moduleClick" finished-at="2026-02-02T16:10:33 IST" duration-ms="15010" status="PASS">
          <reporter-output>
          </reporter-output>
        </test-method> <!-- moduleClick -->
        <test-method signature="Creation_Screen_Validation()[pri:6, instance:testCasesForOQProjects.Department_TC@7c56e013]" started-at="2026-02-02T16:10:33 IST" name="Creation_Screen_Validation" finished-at="2026-02-02T16:10:58 IST" depends-on-methods="testCasesForOQProjects.Department_TC.moduleClick" duration-ms="24700" status="PASS">
          <reporter-output>
          </reporter-output>
        </test-method> <!-- Creation_Screen_Validation -->
        <test-method is-config="true" signature="tearDown()[pri:0, instance:testCasesForOQProjects.Department_TC@7c56e013]" started-at="2026-02-02T16:10:58 IST" name="tearDown" finished-at="2026-02-02T16:10:58 IST" duration-ms="275" status="PASS">
          <reporter-output>
          </reporter-output>
        </test-method> <!-- tearDown -->
      </class> <!-- testCasesForOQProjects.Department_TC -->
    </test> <!-- Test -->
  </suite> <!-- Suite -->
</testng-results>
