<?xml version="1.0" encoding="UTF-8"?>
<testng-results ignored="2" total="15" passed="13" failed="0" skipped="0">
  <reporter-output>
  </reporter-output>
  <suite started-at="2026-04-10T12:58:51 IST" name="Suite" finished-at="2026-04-10T13:07:17 IST" duration-ms="505283">
    <groups>
      <group name="DB Back">
        <method signature="OQBaseModule_TC.Database_Backup()[pri:0, instance:testCasesForOQProjects.AkronQuickProduct_TC@75cd8043]" name="Database_Backup" class="testCasesForOQProjects.OQBaseModule_TC"/>
      </group> <!-- DB Back -->
      <group name="productApproveReturn_productEdit_productReview">
        <method signature="AkronQuickProduct_TC.product_Approve_Return_and_Edit_and_Review()[pri:0, instance:testCasesForOQProjects.AkronQuickProduct_TC@75cd8043]" name="product_Approve_Return_and_Edit_and_Review" class="testCasesForOQProjects.AkronQuickProduct_TC"/>
      </group> <!-- productApproveReturn_productEdit_productReview -->
      <group name="ClickActions">
        <method signature="AkronQuickProduct_TC.Click_Actions2()[pri:0, instance:testCasesForOQProjects.AkronQuickProduct_TC@75cd8043]" name="Click_Actions2" class="testCasesForOQProjects.AkronQuickProduct_TC"/>
      </group> <!-- ClickActions -->
      <group name="Creation">
        <method signature="AkronQuickProduct_TC.Creation_Of_Product()[pri:0, instance:testCasesForOQProjects.AkronQuickProduct_TC@75cd8043]" name="Creation_Of_Product" class="testCasesForOQProjects.AkronQuickProduct_TC"/>
      </group> <!-- Creation -->
      <group name="Logout">
        <method signature="OQBaseModule_TC.Logout()[pri:0, instance:testCasesForOQProjects.AkronQuickProduct_TC@75cd8043]" name="Logout" class="testCasesForOQProjects.OQBaseModule_TC"/>
      </group> <!-- Logout -->
      <group name="duplicationcheck">
        <method signature="AkronQuickProduct_TC.Duplication_Check()[pri:0, instance:testCasesForOQProjects.AkronQuickProduct_TC@75cd8043]" name="Duplication_Check" class="testCasesForOQProjects.AkronQuickProduct_TC"/>
      </group> <!-- duplicationcheck -->
      <group name="productReviewReturn_productEdit">
        <method signature="AkronQuickProduct_TC.product_Review_Return_and_Edit()[pri:0, instance:testCasesForOQProjects.AkronQuickProduct_TC@75cd8043]" name="product_Review_Return_and_Edit" class="testCasesForOQProjects.AkronQuickProduct_TC"/>
      </group> <!-- productReviewReturn_productEdit -->
      <group name="productReview">
        <method signature="AkronQuickProduct_TC.productReview()[pri:0, instance:testCasesForOQProjects.AkronQuickProduct_TC@75cd8043]" name="productReview" class="testCasesForOQProjects.AkronQuickProduct_TC"/>
      </group> <!-- productReview -->
      <group name="url">
        <method signature="OQBaseModule_TC.url()[pri:0, instance:testCasesForOQProjects.AkronQuickProduct_TC@75cd8043]" name="url" class="testCasesForOQProjects.OQBaseModule_TC"/>
      </group> <!-- url -->
      <group name="userlogin">
        <method signature="OQBaseModule_TC.userLoginBeforeCreate()[pri:0, instance:testCasesForOQProjects.AkronQuickProduct_TC@75cd8043]" name="userLoginBeforeCreate" class="testCasesForOQProjects.OQBaseModule_TC"/>
      </group> <!-- userlogin -->
      <group name="moduleselect">
        <method signature="OQBaseModule_TC.moduleClick()[pri:0, instance:testCasesForOQProjects.AkronQuickProduct_TC@75cd8043]" name="moduleClick" class="testCasesForOQProjects.OQBaseModule_TC"/>
      </group> <!-- moduleselect -->
      <group name="ClickView">
        <method signature="OQBaseModule_TC.Click_View()[pri:0, instance:testCasesForOQProjects.AkronQuickProduct_TC@75cd8043]" name="Click_View" class="testCasesForOQProjects.OQBaseModule_TC"/>
      </group> <!-- ClickView -->
      <group name="productApprove">
        <method signature="AkronQuickProduct_TC.productApprove()[pri:0, instance:testCasesForOQProjects.AkronQuickProduct_TC@75cd8043]" name="productApprove" class="testCasesForOQProjects.AkronQuickProduct_TC"/>
      </group> <!-- productApprove -->
    </groups>
    <test started-at="2026-04-10T12:58:51 IST" name="Test" finished-at="2026-04-10T13:07:17 IST" duration-ms="505283">
      <class name="testCasesForOQProjects.AkronQuickProduct_TC">
        <test-method is-config="true" signature="setUp(java.lang.String)[pri:0, instance:testCasesForOQProjects.AkronQuickProduct_TC@75cd8043]" started-at="2026-04-10T12:58:51 IST" name="setUp" finished-at="2026-04-10T12:58:54 IST" duration-ms="2842" status="PASS">
          <params>
            <param index="0">
              <value>
                <![CDATA[oqakronquickproduct.properties]]>
              </value>
            </param>
          </params>
          <reporter-output>
          </reporter-output>
        </test-method> <!-- setUp -->
        <test-method is-config="true" signature="initSoftAssert()[pri:0, instance:testCasesForOQProjects.AkronQuickProduct_TC@75cd8043]" started-at="2026-04-10T12:58:54 IST" name="initSoftAssert" finished-at="2026-04-10T12:58:54 IST" duration-ms="14" status="PASS">
          <reporter-output>
          </reporter-output>
        </test-method> <!-- initSoftAssert -->
        <test-method signature="url()[pri:0, instance:testCasesForOQProjects.AkronQuickProduct_TC@75cd8043]" started-at="2026-04-10T12:58:54 IST" name="url" finished-at="2026-04-10T12:58:55 IST" duration-ms="1020" status="PASS">
          <reporter-output>
          </reporter-output>
        </test-method> <!-- url -->
        <test-method signature="userLoginBeforeCreate()[pri:0, instance:testCasesForOQProjects.AkronQuickProduct_TC@75cd8043]" started-at="2026-04-10T12:58:55 IST" name="userLoginBeforeCreate" finished-at="2026-04-10T12:59:02 IST" duration-ms="6621" status="PASS">
          <reporter-output>
          </reporter-output>
        </test-method> <!-- userLoginBeforeCreate -->
        <test-method is-config="true" signature="initSoftAssert()[pri:0, instance:testCasesForOQProjects.AkronQuickProduct_TC@75cd8043]" started-at="2026-04-10T12:58:55 IST" name="initSoftAssert" finished-at="2026-04-10T12:58:55 IST" duration-ms="0" status="PASS">
          <reporter-output>
          </reporter-output>
        </test-method> <!-- initSoftAssert -->
        <test-method signature="moduleClick()[pri:0, instance:testCasesForOQProjects.AkronQuickProduct_TC@75cd8043]" started-at="2026-04-10T12:59:02 IST" name="moduleClick" finished-at="2026-04-10T12:59:10 IST" duration-ms="8702" status="PASS">
          <reporter-output>
          </reporter-output>
        </test-method> <!-- moduleClick -->
        <test-method is-config="true" signature="initSoftAssert()[pri:0, instance:testCasesForOQProjects.AkronQuickProduct_TC@75cd8043]" started-at="2026-04-10T12:59:02 IST" name="initSoftAssert" finished-at="2026-04-10T12:59:02 IST" duration-ms="0" status="PASS">
          <reporter-output>
          </reporter-output>
        </test-method> <!-- initSoftAssert -->
        <test-method signature="Creation_Of_Product()[pri:0, instance:testCasesForOQProjects.AkronQuickProduct_TC@75cd8043]" started-at="2026-04-10T12:59:10 IST" name="Creation_Of_Product" finished-at="2026-04-10T12:59:51 IST" duration-ms="40132" status="PASS">
          <reporter-output>
          </reporter-output>
        </test-method> <!-- Creation_Of_Product -->
        <test-method is-config="true" signature="initSoftAssert()[pri:0, instance:testCasesForOQProjects.AkronQuickProduct_TC@75cd8043]" started-at="2026-04-10T12:59:10 IST" name="initSoftAssert" finished-at="2026-04-10T12:59:10 IST" duration-ms="0" status="PASS">
          <reporter-output>
          </reporter-output>
        </test-method> <!-- initSoftAssert -->
        <test-method is-config="true" signature="initSoftAssert()[pri:0, instance:testCasesForOQProjects.AkronQuickProduct_TC@75cd8043]" started-at="2026-04-10T12:59:51 IST" name="initSoftAssert" finished-at="2026-04-10T12:59:51 IST" duration-ms="2" status="PASS">
          <reporter-output>
          </reporter-output>
        </test-method> <!-- initSoftAssert -->
        <test-method signature="Click_Actions2()[pri:0, instance:testCasesForOQProjects.AkronQuickProduct_TC@75cd8043]" started-at="2026-04-10T12:59:51 IST" name="Click_Actions2" finished-at="2026-04-10T13:00:19 IST" duration-ms="28218" status="PASS">
          <reporter-output>
          </reporter-output>
        </test-method> <!-- Click_Actions2 -->
        <test-method signature="Click_View()[pri:0, instance:testCasesForOQProjects.AkronQuickProduct_TC@75cd8043]" started-at="2026-04-10T13:00:19 IST" name="Click_View" finished-at="2026-04-10T13:00:26 IST" duration-ms="7404" status="PASS">
          <reporter-output>
          </reporter-output>
        </test-method> <!-- Click_View -->
        <test-method is-config="true" signature="initSoftAssert()[pri:0, instance:testCasesForOQProjects.AkronQuickProduct_TC@75cd8043]" started-at="2026-04-10T13:00:19 IST" name="initSoftAssert" finished-at="2026-04-10T13:00:19 IST" duration-ms="0" status="PASS">
          <reporter-output>
          </reporter-output>
        </test-method> <!-- initSoftAssert -->
        <test-method signature="product_Review_Return_and_Edit()[pri:0, instance:testCasesForOQProjects.AkronQuickProduct_TC@75cd8043]" started-at="2026-04-10T13:00:26 IST" name="product_Review_Return_and_Edit" finished-at="2026-04-10T13:01:42 IST" duration-ms="76057" status="PASS">
          <reporter-output>
          </reporter-output>
        </test-method> <!-- product_Review_Return_and_Edit -->
        <test-method is-config="true" signature="initSoftAssert()[pri:0, instance:testCasesForOQProjects.AkronQuickProduct_TC@75cd8043]" started-at="2026-04-10T13:00:26 IST" name="initSoftAssert" finished-at="2026-04-10T13:00:26 IST" duration-ms="0" status="PASS">
          <reporter-output>
          </reporter-output>
        </test-method> <!-- initSoftAssert -->
        <test-method is-config="true" signature="initSoftAssert()[pri:0, instance:testCasesForOQProjects.AkronQuickProduct_TC@75cd8043]" started-at="2026-04-10T13:01:42 IST" name="initSoftAssert" finished-at="2026-04-10T13:01:42 IST" duration-ms="2" status="PASS">
          <reporter-output>
          </reporter-output>
        </test-method> <!-- initSoftAssert -->
        <test-method signature="productReview()[pri:0, instance:testCasesForOQProjects.AkronQuickProduct_TC@75cd8043]" started-at="2026-04-10T13:01:42 IST" name="productReview" finished-at="2026-04-10T13:02:33 IST" duration-ms="50365" status="PASS">
          <reporter-output>
          </reporter-output>
        </test-method> <!-- productReview -->
        <test-method signature="product_Approve_Return_and_Edit_and_Review()[pri:0, instance:testCasesForOQProjects.AkronQuickProduct_TC@75cd8043]" started-at="2026-04-10T13:02:33 IST" name="product_Approve_Return_and_Edit_and_Review" finished-at="2026-04-10T13:05:31 IST" duration-ms="178042" status="PASS">
          <reporter-output>
          </reporter-output>
        </test-method> <!-- product_Approve_Return_and_Edit_and_Review -->
        <test-method is-config="true" signature="initSoftAssert()[pri:0, instance:testCasesForOQProjects.AkronQuickProduct_TC@75cd8043]" started-at="2026-04-10T13:02:33 IST" name="initSoftAssert" finished-at="2026-04-10T13:02:33 IST" duration-ms="0" status="PASS">
          <reporter-output>
          </reporter-output>
        </test-method> <!-- initSoftAssert -->
        <test-method signature="productApprove()[pri:0, instance:testCasesForOQProjects.AkronQuickProduct_TC@75cd8043]" started-at="2026-04-10T13:05:31 IST" name="productApprove" finished-at="2026-04-10T13:06:21 IST" duration-ms="50101" status="PASS">
          <reporter-output>
          </reporter-output>
        </test-method> <!-- productApprove -->
        <test-method is-config="true" signature="initSoftAssert()[pri:0, instance:testCasesForOQProjects.AkronQuickProduct_TC@75cd8043]" started-at="2026-04-10T13:05:31 IST" name="initSoftAssert" finished-at="2026-04-10T13:05:31 IST" duration-ms="0" status="PASS">
          <reporter-output>
          </reporter-output>
        </test-method> <!-- initSoftAssert -->
        <test-method is-config="true" signature="initSoftAssert()[pri:0, instance:testCasesForOQProjects.AkronQuickProduct_TC@75cd8043]" started-at="2026-04-10T13:06:21 IST" name="initSoftAssert" finished-at="2026-04-10T13:06:21 IST" duration-ms="2" status="PASS">
          <reporter-output>
          </reporter-output>
        </test-method> <!-- initSoftAssert -->
        <test-method signature="Duplication_Check()[pri:0, instance:testCasesForOQProjects.AkronQuickProduct_TC@75cd8043]" started-at="2026-04-10T13:06:21 IST" name="Duplication_Check" finished-at="2026-04-10T13:07:04 IST" duration-ms="42651" status="PASS">
          <reporter-output>
          </reporter-output>
        </test-method> <!-- Duplication_Check -->
        <test-method is-config="true" signature="initSoftAssert()[pri:0, instance:testCasesForOQProjects.AkronQuickProduct_TC@75cd8043]" started-at="2026-04-10T13:07:04 IST" name="initSoftAssert" finished-at="2026-04-10T13:07:04 IST" duration-ms="3" status="PASS">
          <reporter-output>
          </reporter-output>
        </test-method> <!-- initSoftAssert -->
        <test-method signature="Logout()[pri:0, instance:testCasesForOQProjects.AkronQuickProduct_TC@75cd8043]" started-at="2026-04-10T13:07:04 IST" name="Logout" finished-at="2026-04-10T13:07:08 IST" duration-ms="4717" status="PASS">
          <reporter-output>
          </reporter-output>
        </test-method> <!-- Logout -->
        <test-method signature="Database_Backup()[pri:0, instance:testCasesForOQProjects.AkronQuickProduct_TC@75cd8043]" started-at="2026-04-10T13:07:08 IST" name="Database_Backup" finished-at="2026-04-10T13:07:11 IST" duration-ms="2776" status="PASS">
          <reporter-output>
          </reporter-output>
        </test-method> <!-- Database_Backup -->
        <test-method is-config="true" signature="initSoftAssert()[pri:0, instance:testCasesForOQProjects.AkronQuickProduct_TC@75cd8043]" started-at="2026-04-10T13:07:08 IST" name="initSoftAssert" finished-at="2026-04-10T13:07:08 IST" duration-ms="0" status="PASS">
          <reporter-output>
          </reporter-output>
        </test-method> <!-- initSoftAssert -->
        <test-method is-config="true" signature="tearDown()[pri:0, instance:testCasesForOQProjects.AkronQuickProduct_TC@75cd8043]" started-at="2026-04-10T13:07:11 IST" name="tearDown" finished-at="2026-04-10T13:07:17 IST" duration-ms="5498" status="PASS">
          <reporter-output>
          </reporter-output>
        </test-method> <!-- tearDown -->
      </class> <!-- testCasesForOQProjects.AkronQuickProduct_TC -->
    </test> <!-- Test -->
  </suite> <!-- Suite -->
</testng-results>
