<?xml version="1.0" encoding="UTF-8"?>
<testng-results ignored="0" total="3" passed="3" failed="0" skipped="0">
  <reporter-output>
  </reporter-output>
  <suite started-at="2026-01-24T16:43:20 IST" name="Default suite" finished-at="2026-01-24T16:44:30 IST" duration-ms="70221">
    <groups>
    </groups>
    <test started-at="2026-01-24T16:43:20 IST" name="Default test" finished-at="2026-01-24T16:44:30 IST" duration-ms="70221">
      <class name="testCasesForOQProjects.Material_Inward_TC">
        <test-method is-config="true" signature="setUp()[pri:0, instance:testCasesForOQProjects.Material_Inward_TC@e98770d]" started-at="2026-01-24T16:43:20 IST" name="setUp" finished-at="2026-01-24T16:43:24 IST" duration-ms="4517" status="PASS">
          <reporter-output>
          </reporter-output>
        </test-method> <!-- setUp -->
        <test-method signature="Step_4_1_1()[pri:1, instance:testCasesForOQProjects.Material_Inward_TC@e98770d]" started-at="2026-01-24T16:43:24 IST" name="Step_4_1_1" finished-at="2026-01-24T16:43:44 IST" duration-ms="19863" status="PASS">
          <reporter-output>
          </reporter-output>
        </test-method> <!-- Step_4_1_1 -->
        <test-method signature="Step_4_1_15()[pri:16, instance:testCasesForOQProjects.Material_Inward_TC@e98770d]" started-at="2026-01-24T16:43:44 IST" name="Step_4_1_15" finished-at="2026-01-24T16:44:24 IST" duration-ms="39953" status="PASS">
          <reporter-output>
          </reporter-output>
        </test-method> <!-- Step_4_1_15 -->
        <test-method signature="Step_4_1_21()[pri:21, instance:testCasesForOQProjects.Material_Inward_TC@e98770d]" started-at="2026-01-24T16:44:24 IST" name="Step_4_1_21" finished-at="2026-01-24T16:44:29 IST" duration-ms="4650" status="PASS">
          <reporter-output>
          </reporter-output>
        </test-method> <!-- Step_4_1_21 -->
        <test-method is-config="true" signature="tearDown()[pri:0, instance:testCasesForOQProjects.Material_Inward_TC@e98770d]" started-at="2026-01-24T16:44:29 IST" name="tearDown" finished-at="2026-01-24T16:44:30 IST" duration-ms="1139" status="PASS">
          <reporter-output>
          </reporter-output>
        </test-method> <!-- tearDown -->
      </class> <!-- testCasesForOQProjects.Material_Inward_TC -->
    </test> <!-- Default test -->
  </suite> <!-- Default suite -->
</testng-results>
