<?xml version="1.0" encoding="UTF-8"?>
<testng-results ignored="15" total="66" passed="49" failed="2" skipped="0">
  <reporter-output>
  </reporter-output>
  <suite started-at="2026-03-07T14:10:33 IST" name="Suite" finished-at="2026-03-07T14:43:43 IST" duration-ms="1990768">
    <groups>
      <group name="DB Back">
        <method signature="AkronProduct_TC.Database_Backup()[pri:0, instance:testCasesForOQProjects.AkronProduct_TC@d5ae57e]" name="Database_Backup" class="testCasesForOQProjects.AkronProduct_TC"/>
      </group> <!-- DB Back -->
      <group name="Ndc_Inactive_Review_Reject">
        <method signature="NDC_TC.ndc_Inactive_Review_Reject()[pri:0, instance:testCasesForOQProjects.NDC_TC@4e517165]" name="ndc_Inactive_Review_Reject" class="testCasesForOQProjects.NDC_TC"/>
      </group> <!-- Ndc_Inactive_Review_Reject -->
      <group name="Ndc_Inactive_Approve_Reject">
        <method signature="NDC_TC.ndc_Inactive_Approve_Reject()[pri:0, instance:testCasesForOQProjects.NDC_TC@4e517165]" name="ndc_Inactive_Approve_Reject" class="testCasesForOQProjects.NDC_TC"/>
      </group> <!-- Ndc_Inactive_Approve_Reject -->
      <group name="Ndc_Active_Approve">
        <method signature="NDC_TC.ndc_Active_Approve()[pri:0, instance:testCasesForOQProjects.NDC_TC@4e517165]" name="ndc_Active_Approve" class="testCasesForOQProjects.NDC_TC"/>
      </group> <!-- Ndc_Active_Approve -->
      <group name="userlogin">
        <method signature="NDC_TC.userLoginBeforeCreate()[pri:0, instance:testCasesForOQProjects.NDC_TC@4e517165]" name="userLoginBeforeCreate" class="testCasesForOQProjects.NDC_TC"/>
        <method signature="AkronProduct_TC.userLoginBeforeCreate()[pri:0, instance:testCasesForOQProjects.AkronProduct_TC@d5ae57e]" name="userLoginBeforeCreate" class="testCasesForOQProjects.AkronProduct_TC"/>
      </group> <!-- userlogin -->
      <group name="Click_Approve_For_ADD_NDC">
        <method signature="AkronProduct_TC.Click_Approve_For_Add_NDC()[pri:0, instance:testCasesForOQProjects.AkronProduct_TC@d5ae57e]" name="Click_Approve_For_Add_NDC" class="testCasesForOQProjects.AkronProduct_TC"/>
      </group> <!-- Click_Approve_For_ADD_NDC -->
      <group name="ClickActions">
        <method signature="NDC_TC.Click_Actions()[pri:0, instance:testCasesForOQProjects.NDC_TC@4e517165]" name="Click_Actions" class="testCasesForOQProjects.NDC_TC"/>
      </group> <!-- ClickActions -->
      <group name="Logout">
        <method signature="NDC_TC.Logout()[pri:0, instance:testCasesForOQProjects.NDC_TC@4e517165]" name="Logout" class="testCasesForOQProjects.NDC_TC"/>
        <method signature="AkronProduct_TC.Logout()[pri:0, instance:testCasesForOQProjects.AkronProduct_TC@d5ae57e]" name="Logout" class="testCasesForOQProjects.AkronProduct_TC"/>
      </group> <!-- Logout -->
      <group name="ClickActiveRep">
        <method signature="NDC_TC.Click_Active_1()[pri:0, instance:testCasesForOQProjects.NDC_TC@4e517165]" name="Click_Active_1" class="testCasesForOQProjects.NDC_TC"/>
        <method signature="NDC_TC.Click_Active_2()[pri:0, instance:testCasesForOQProjects.NDC_TC@4e517165]" name="Click_Active_2" class="testCasesForOQProjects.NDC_TC"/>
        <method signature="NDC_TC.Click_Active_3()[pri:0, instance:testCasesForOQProjects.NDC_TC@4e517165]" name="Click_Active_3" class="testCasesForOQProjects.NDC_TC"/>
        <method signature="AkronProduct_TC.Click_Active_1()[pri:0, instance:testCasesForOQProjects.AkronProduct_TC@d5ae57e]" name="Click_Active_1" class="testCasesForOQProjects.AkronProduct_TC"/>
        <method signature="AkronProduct_TC.Click_Active_2()[pri:0, instance:testCasesForOQProjects.AkronProduct_TC@d5ae57e]" name="Click_Active_2" class="testCasesForOQProjects.AkronProduct_TC"/>
        <method signature="AkronProduct_TC.Click_Active_3()[pri:0, instance:testCasesForOQProjects.AkronProduct_TC@d5ae57e]" name="Click_Active_3" class="testCasesForOQProjects.AkronProduct_TC"/>
      </group> <!-- ClickActiveRep -->
      <group name="Product_Inactive_Approve">
        <method signature="AkronProduct_TC.Product_Inactive_Approve()[pri:0, instance:testCasesForOQProjects.AkronProduct_TC@d5ae57e]" name="Product_Inactive_Approve" class="testCasesForOQProjects.AkronProduct_TC"/>
      </group> <!-- Product_Inactive_Approve -->
      <group name="Ndc_Inactive_Approve">
        <method signature="NDC_TC.ndc_Inactive_Approve()[pri:0, instance:testCasesForOQProjects.NDC_TC@4e517165]" name="ndc_Inactive_Approve" class="testCasesForOQProjects.NDC_TC"/>
      </group> <!-- Ndc_Inactive_Approve -->
      <group name="Product_Inactive_Approve_Reject">
        <method signature="AkronProduct_TC.Product_Inactive_Approve_Reject()[pri:0, instance:testCasesForOQProjects.AkronProduct_TC@d5ae57e]" name="Product_Inactive_Approve_Reject" class="testCasesForOQProjects.AkronProduct_TC"/>
      </group> <!-- Product_Inactive_Approve_Reject -->
      <group name="Product_Inactive_Review_Reject">
        <method signature="AkronProduct_TC.Product_Inactive_Review_Reject()[pri:0, instance:testCasesForOQProjects.AkronProduct_TC@d5ae57e]" name="Product_Inactive_Review_Reject" class="testCasesForOQProjects.AkronProduct_TC"/>
      </group> <!-- Product_Inactive_Review_Reject -->
      <group name="Product_Active_Approve">
        <method signature="AkronProduct_TC.Product_Active_Approve()[pri:0, instance:testCasesForOQProjects.AkronProduct_TC@d5ae57e]" name="Product_Active_Approve" class="testCasesForOQProjects.AkronProduct_TC"/>
      </group> <!-- Product_Active_Approve -->
      <group name="Click_Review_Return_And_Edit_For_ADD_NDC">
        <method signature="AkronProduct_TC.Click_Review_Return_And_Edit_For_Add_NDC()[pri:0, instance:testCasesForOQProjects.AkronProduct_TC@d5ae57e]" name="Click_Review_Return_And_Edit_For_Add_NDC" class="testCasesForOQProjects.AkronProduct_TC"/>
      </group> <!-- Click_Review_Return_And_Edit_For_ADD_NDC -->
      <group name="Ndc_Active_Review_Reject">
        <method signature="NDC_TC.ndc_Active_Review_Reject()[pri:0, instance:testCasesForOQProjects.NDC_TC@4e517165]" name="ndc_Active_Review_Reject" class="testCasesForOQProjects.NDC_TC"/>
      </group> <!-- Ndc_Active_Review_Reject -->
      <group name="ClickActionsRep">
        <method signature="AkronProduct_TC.Click_Actions_1()[pri:0, instance:testCasesForOQProjects.AkronProduct_TC@d5ae57e]" name="Click_Actions_1" class="testCasesForOQProjects.AkronProduct_TC"/>
        <method signature="AkronProduct_TC.Click_Actions_2()[pri:0, instance:testCasesForOQProjects.AkronProduct_TC@d5ae57e]" name="Click_Actions_2" class="testCasesForOQProjects.AkronProduct_TC"/>
      </group> <!-- ClickActionsRep -->
      <group name="url">
        <method signature="NDC_TC.url()[pri:0, instance:testCasesForOQProjects.NDC_TC@4e517165]" name="url" class="testCasesForOQProjects.NDC_TC"/>
        <method signature="AkronProduct_TC.url()[pri:0, instance:testCasesForOQProjects.AkronProduct_TC@d5ae57e]" name="url" class="testCasesForOQProjects.AkronProduct_TC"/>
      </group> <!-- url -->
      <group name="Ndc_Active_Approve_Reject">
        <method signature="NDC_TC.ndc_Active_Approve_Reject()[pri:0, instance:testCasesForOQProjects.NDC_TC@4e517165]" name="ndc_Active_Approve_Reject" class="testCasesForOQProjects.NDC_TC"/>
      </group> <!-- Ndc_Active_Approve_Reject -->
      <group name="Product_Inactive_ReviewRep">
        <method signature="AkronProduct_TC.Product_Active_Review_2()[pri:0, instance:testCasesForOQProjects.AkronProduct_TC@d5ae57e]" name="Product_Active_Review_2" class="testCasesForOQProjects.AkronProduct_TC"/>
        <method signature="AkronProduct_TC.Product_Inactive_Review_1()[pri:0, instance:testCasesForOQProjects.AkronProduct_TC@d5ae57e]" name="Product_Inactive_Review_1" class="testCasesForOQProjects.AkronProduct_TC"/>
        <method signature="AkronProduct_TC.Product_Inactive_Review_2()[pri:0, instance:testCasesForOQProjects.AkronProduct_TC@d5ae57e]" name="Product_Inactive_Review_2" class="testCasesForOQProjects.AkronProduct_TC"/>
      </group> <!-- Product_Inactive_ReviewRep -->
      <group name="AddNDC">
        <method signature="AkronProduct_TC.Click_Add_NDC()[pri:0, instance:testCasesForOQProjects.AkronProduct_TC@d5ae57e]" name="Click_Add_NDC" class="testCasesForOQProjects.AkronProduct_TC"/>
      </group> <!-- AddNDC -->
      <group name="Click_Approve_Return_And_Edit_And_Review_For_ADD_NDC">
        <method signature="AkronProduct_TC.Click_Approve_Return_And_Edit_And_Review_For_Add_NDC()[pri:0, instance:testCasesForOQProjects.AkronProduct_TC@d5ae57e]" name="Click_Approve_Return_And_Edit_And_Review_For_Add_NDC" class="testCasesForOQProjects.AkronProduct_TC"/>
      </group> <!-- Click_Approve_Return_And_Edit_And_Review_For_ADD_NDC -->
      <group name="Ndc_Inactive_ReviewRep">
        <method signature="NDC_TC.ndc_Active_Review_2()[pri:0, instance:testCasesForOQProjects.NDC_TC@4e517165]" name="ndc_Active_Review_2" class="testCasesForOQProjects.NDC_TC"/>
        <method signature="NDC_TC.ndc_Inactive_Review_1()[pri:0, instance:testCasesForOQProjects.NDC_TC@4e517165]" name="ndc_Inactive_Review_1" class="testCasesForOQProjects.NDC_TC"/>
        <method signature="NDC_TC.ndc_Inactive_Review_2()[pri:0, instance:testCasesForOQProjects.NDC_TC@4e517165]" name="ndc_Inactive_Review_2" class="testCasesForOQProjects.NDC_TC"/>
      </group> <!-- Ndc_Inactive_ReviewRep -->
      <group name="Product_Active_Review_Reject">
        <method signature="AkronProduct_TC.Product_Active_Review_Reject()[pri:0, instance:testCasesForOQProjects.AkronProduct_TC@d5ae57e]" name="Product_Active_Review_Reject" class="testCasesForOQProjects.AkronProduct_TC"/>
      </group> <!-- Product_Active_Review_Reject -->
      <group name="Ndc_Active_ReviewRep">
        <method signature="NDC_TC.ndc_Active_Review_1()[pri:0, instance:testCasesForOQProjects.NDC_TC@4e517165]" name="ndc_Active_Review_1" class="testCasesForOQProjects.NDC_TC"/>
      </group> <!-- Ndc_Active_ReviewRep -->
      <group name="Product_Active_ReviewRep">
        <method signature="AkronProduct_TC.Product_Active_Review_1()[pri:0, instance:testCasesForOQProjects.AkronProduct_TC@d5ae57e]" name="Product_Active_Review_1" class="testCasesForOQProjects.AkronProduct_TC"/>
      </group> <!-- Product_Active_ReviewRep -->
      <group name="ClickInactiveRep">
        <method signature="NDC_TC.Click_Inactive_1()[pri:0, instance:testCasesForOQProjects.NDC_TC@4e517165]" name="Click_Inactive_1" class="testCasesForOQProjects.NDC_TC"/>
        <method signature="NDC_TC.Click_Inactive_2()[pri:0, instance:testCasesForOQProjects.NDC_TC@4e517165]" name="Click_Inactive_2" class="testCasesForOQProjects.NDC_TC"/>
        <method signature="NDC_TC.Click_Inactive_3()[pri:0, instance:testCasesForOQProjects.NDC_TC@4e517165]" name="Click_Inactive_3" class="testCasesForOQProjects.NDC_TC"/>
        <method signature="AkronProduct_TC.Click_Inactive_1()[pri:0, instance:testCasesForOQProjects.AkronProduct_TC@d5ae57e]" name="Click_Inactive_1" class="testCasesForOQProjects.AkronProduct_TC"/>
        <method signature="AkronProduct_TC.Click_Inactive_2()[pri:0, instance:testCasesForOQProjects.AkronProduct_TC@d5ae57e]" name="Click_Inactive_2" class="testCasesForOQProjects.AkronProduct_TC"/>
        <method signature="AkronProduct_TC.Click_Inactive_3()[pri:0, instance:testCasesForOQProjects.AkronProduct_TC@d5ae57e]" name="Click_Inactive_3" class="testCasesForOQProjects.AkronProduct_TC"/>
      </group> <!-- ClickInactiveRep -->
      <group name="Product_Active_Approve_Reject">
        <method signature="AkronProduct_TC.Product_Active_Approve_Reject()[pri:0, instance:testCasesForOQProjects.AkronProduct_TC@d5ae57e]" name="Product_Active_Approve_Reject" class="testCasesForOQProjects.AkronProduct_TC"/>
      </group> <!-- Product_Active_Approve_Reject -->
      <group name="ClickView">
        <method signature="AkronProduct_TC.Click_View()[pri:0, instance:testCasesForOQProjects.AkronProduct_TC@d5ae57e]" name="Click_View" class="testCasesForOQProjects.AkronProduct_TC"/>
      </group> <!-- ClickView -->
      <group name="Click_Review_For_ADD_NDC">
        <method signature="AkronProduct_TC.Click_Review_For_ADD_NDC_1()[pri:0, instance:testCasesForOQProjects.AkronProduct_TC@d5ae57e]" name="Click_Review_For_ADD_NDC_1" class="testCasesForOQProjects.AkronProduct_TC"/>
        <method signature="AkronProduct_TC.Click_Review_For_ADD_NDC_2()[pri:0, instance:testCasesForOQProjects.AkronProduct_TC@d5ae57e]" name="Click_Review_For_ADD_NDC_2" class="testCasesForOQProjects.AkronProduct_TC"/>
      </group> <!-- Click_Review_For_ADD_NDC -->
      <group name="moduleselect">
        <method signature="NDC_TC.moduleClick()[pri:0, instance:testCasesForOQProjects.NDC_TC@4e517165]" name="moduleClick" class="testCasesForOQProjects.NDC_TC"/>
        <method signature="AkronProduct_TC.moduleClick()[pri:0, instance:testCasesForOQProjects.AkronProduct_TC@d5ae57e]" name="moduleClick" class="testCasesForOQProjects.AkronProduct_TC"/>
      </group> <!-- moduleselect -->
    </groups>
    <test started-at="2026-03-07T14:10:33 IST" name="NDC_Test" finished-at="2026-03-07T14:22:46 IST" duration-ms="733162">
      <class name="testCasesForOQProjects.NDC_TC">
        <test-method is-config="true" signature="setUp(java.lang.String)[pri:0, instance:testCasesForOQProjects.NDC_TC@4e517165]" started-at="2026-03-07T14:10:33 IST" name="setUp" finished-at="2026-03-07T14:10:38 IST" duration-ms="5078" status="PASS">
          <params>
            <param index="0">
              <value>
                <![CDATA[oqndc.properties]]>
              </value>
            </param>
          </params>
          <reporter-output>
          </reporter-output>
        </test-method> <!-- setUp -->
        <test-method is-config="true" signature="initSoftAssert()[pri:0, instance:testCasesForOQProjects.NDC_TC@4e517165]" started-at="2026-03-07T14:10:38 IST" name="initSoftAssert" finished-at="2026-03-07T14:10:38 IST" duration-ms="6" status="PASS">
          <reporter-output>
          </reporter-output>
        </test-method> <!-- initSoftAssert -->
        <test-method signature="url()[pri:0, instance:testCasesForOQProjects.NDC_TC@4e517165]" started-at="2026-03-07T14:10:38 IST" name="url" finished-at="2026-03-07T14:10:39 IST" duration-ms="1458" status="PASS">
          <reporter-output>
          </reporter-output>
        </test-method> <!-- url -->
        <test-method is-config="true" signature="initSoftAssert()[pri:0, instance:testCasesForOQProjects.NDC_TC@4e517165]" started-at="2026-03-07T14:10:39 IST" name="initSoftAssert" finished-at="2026-03-07T14:10:39 IST" duration-ms="1" status="PASS">
          <reporter-output>
          </reporter-output>
        </test-method> <!-- initSoftAssert -->
        <test-method signature="userLoginBeforeCreate()[pri:0, instance:testCasesForOQProjects.NDC_TC@4e517165]" started-at="2026-03-07T14:10:39 IST" name="userLoginBeforeCreate" finished-at="2026-03-07T14:10:45 IST" duration-ms="5975" status="PASS">
          <reporter-output>
          </reporter-output>
        </test-method> <!-- userLoginBeforeCreate -->
        <test-method is-config="true" signature="initSoftAssert()[pri:0, instance:testCasesForOQProjects.NDC_TC@4e517165]" started-at="2026-03-07T14:10:45 IST" name="initSoftAssert" finished-at="2026-03-07T14:10:45 IST" duration-ms="0" status="PASS">
          <reporter-output>
          </reporter-output>
        </test-method> <!-- initSoftAssert -->
        <test-method signature="moduleClick()[pri:0, instance:testCasesForOQProjects.NDC_TC@4e517165]" started-at="2026-03-07T14:10:45 IST" name="moduleClick" finished-at="2026-03-07T14:10:53 IST" duration-ms="7456" status="PASS">
          <reporter-output>
          </reporter-output>
        </test-method> <!-- moduleClick -->
        <test-method signature="Click_Actions()[pri:0, instance:testCasesForOQProjects.NDC_TC@4e517165]" started-at="2026-03-07T14:10:53 IST" name="Click_Actions" finished-at="2026-03-07T14:11:00 IST" duration-ms="7507" status="PASS">
          <reporter-output>
          </reporter-output>
        </test-method> <!-- Click_Actions -->
        <test-method is-config="true" signature="initSoftAssert()[pri:0, instance:testCasesForOQProjects.NDC_TC@4e517165]" started-at="2026-03-07T14:10:53 IST" name="initSoftAssert" finished-at="2026-03-07T14:10:53 IST" duration-ms="0" status="PASS">
          <reporter-output>
          </reporter-output>
        </test-method> <!-- initSoftAssert -->
        <test-method is-config="true" signature="initSoftAssert()[pri:0, instance:testCasesForOQProjects.NDC_TC@4e517165]" started-at="2026-03-07T14:11:00 IST" name="initSoftAssert" finished-at="2026-03-07T14:11:00 IST" duration-ms="1" status="PASS">
          <reporter-output>
          </reporter-output>
        </test-method> <!-- initSoftAssert -->
        <test-method signature="Click_Inactive_1()[pri:0, instance:testCasesForOQProjects.NDC_TC@4e517165]" started-at="2026-03-07T14:11:00 IST" name="Click_Inactive_1" finished-at="2026-03-07T14:11:17 IST" duration-ms="16377" status="PASS">
          <reporter-output>
          </reporter-output>
        </test-method> <!-- Click_Inactive_1 -->
        <test-method is-config="true" signature="initSoftAssert()[pri:0, instance:testCasesForOQProjects.NDC_TC@4e517165]" started-at="2026-03-07T14:11:17 IST" name="initSoftAssert" finished-at="2026-03-07T14:11:17 IST" duration-ms="1" status="PASS">
          <reporter-output>
          </reporter-output>
        </test-method> <!-- initSoftAssert -->
        <test-method signature="ndc_Inactive_Review_Reject()[pri:0, instance:testCasesForOQProjects.NDC_TC@4e517165]" started-at="2026-03-07T14:11:17 IST" name="ndc_Inactive_Review_Reject" finished-at="2026-03-07T14:11:50 IST" duration-ms="33829" status="PASS">
          <reporter-output>
          </reporter-output>
        </test-method> <!-- ndc_Inactive_Review_Reject -->
        <test-method is-config="true" signature="initSoftAssert()[pri:0, instance:testCasesForOQProjects.NDC_TC@4e517165]" started-at="2026-03-07T14:11:50 IST" name="initSoftAssert" finished-at="2026-03-07T14:11:50 IST" duration-ms="1" status="PASS">
          <reporter-output>
          </reporter-output>
        </test-method> <!-- initSoftAssert -->
        <test-method signature="Click_Inactive_2()[pri:0, instance:testCasesForOQProjects.NDC_TC@4e517165]" started-at="2026-03-07T14:11:50 IST" name="Click_Inactive_2" finished-at="2026-03-07T14:12:35 IST" duration-ms="44918" status="PASS">
          <reporter-output>
          </reporter-output>
        </test-method> <!-- Click_Inactive_2 -->
        <test-method signature="ndc_Inactive_Review_1()[pri:0, instance:testCasesForOQProjects.NDC_TC@4e517165]" started-at="2026-03-07T14:12:35 IST" name="ndc_Inactive_Review_1" finished-at="2026-03-07T14:13:18 IST" duration-ms="42163" status="PASS">
          <reporter-output>
          </reporter-output>
        </test-method> <!-- ndc_Inactive_Review_1 -->
        <test-method is-config="true" signature="initSoftAssert()[pri:0, instance:testCasesForOQProjects.NDC_TC@4e517165]" started-at="2026-03-07T14:12:35 IST" name="initSoftAssert" finished-at="2026-03-07T14:12:35 IST" duration-ms="0" status="PASS">
          <reporter-output>
          </reporter-output>
        </test-method> <!-- initSoftAssert -->
        <test-method is-config="true" signature="initSoftAssert()[pri:0, instance:testCasesForOQProjects.NDC_TC@4e517165]" started-at="2026-03-07T14:13:18 IST" name="initSoftAssert" finished-at="2026-03-07T14:13:18 IST" duration-ms="1" status="PASS">
          <reporter-output>
          </reporter-output>
        </test-method> <!-- initSoftAssert -->
        <test-method signature="ndc_Inactive_Approve_Reject()[pri:0, instance:testCasesForOQProjects.NDC_TC@4e517165]" started-at="2026-03-07T14:13:18 IST" name="ndc_Inactive_Approve_Reject" finished-at="2026-03-07T14:14:10 IST" duration-ms="52759" status="PASS">
          <reporter-output>
          </reporter-output>
        </test-method> <!-- ndc_Inactive_Approve_Reject -->
        <test-method is-config="true" signature="initSoftAssert()[pri:0, instance:testCasesForOQProjects.NDC_TC@4e517165]" started-at="2026-03-07T14:14:10 IST" name="initSoftAssert" finished-at="2026-03-07T14:14:10 IST" duration-ms="1" status="PASS">
          <reporter-output>
          </reporter-output>
        </test-method> <!-- initSoftAssert -->
        <test-method signature="Click_Inactive_3()[pri:0, instance:testCasesForOQProjects.NDC_TC@4e517165]" started-at="2026-03-07T14:14:10 IST" name="Click_Inactive_3" finished-at="2026-03-07T14:15:05 IST" duration-ms="54709" status="PASS">
          <reporter-output>
          </reporter-output>
        </test-method> <!-- Click_Inactive_3 -->
        <test-method is-config="true" signature="initSoftAssert()[pri:0, instance:testCasesForOQProjects.NDC_TC@4e517165]" started-at="2026-03-07T14:15:05 IST" name="initSoftAssert" finished-at="2026-03-07T14:15:05 IST" duration-ms="1" status="PASS">
          <reporter-output>
          </reporter-output>
        </test-method> <!-- initSoftAssert -->
        <test-method signature="ndc_Inactive_Review_2()[pri:0, instance:testCasesForOQProjects.NDC_TC@4e517165]" started-at="2026-03-07T14:15:05 IST" name="ndc_Inactive_Review_2" finished-at="2026-03-07T14:15:47 IST" duration-ms="42068" status="PASS">
          <reporter-output>
          </reporter-output>
        </test-method> <!-- ndc_Inactive_Review_2 -->
        <test-method is-config="true" signature="initSoftAssert()[pri:0, instance:testCasesForOQProjects.NDC_TC@4e517165]" started-at="2026-03-07T14:15:47 IST" name="initSoftAssert" finished-at="2026-03-07T14:15:47 IST" duration-ms="2" status="PASS">
          <reporter-output>
          </reporter-output>
        </test-method> <!-- initSoftAssert -->
        <test-method signature="ndc_Inactive_Approve()[pri:0, instance:testCasesForOQProjects.NDC_TC@4e517165]" started-at="2026-03-07T14:15:47 IST" name="ndc_Inactive_Approve" finished-at="2026-03-07T14:16:39 IST" duration-ms="51873" status="PASS">
          <reporter-output>
          </reporter-output>
        </test-method> <!-- ndc_Inactive_Approve -->
        <test-method is-config="true" signature="initSoftAssert()[pri:0, instance:testCasesForOQProjects.NDC_TC@4e517165]" started-at="2026-03-07T14:16:39 IST" name="initSoftAssert" finished-at="2026-03-07T14:16:39 IST" duration-ms="1" status="PASS">
          <reporter-output>
          </reporter-output>
        </test-method> <!-- initSoftAssert -->
        <test-method signature="Click_Active_1()[pri:0, instance:testCasesForOQProjects.NDC_TC@4e517165]" started-at="2026-03-07T14:16:39 IST" name="Click_Active_1" finished-at="2026-03-07T14:17:33 IST" duration-ms="54522" status="PASS">
          <reporter-output>
          </reporter-output>
        </test-method> <!-- Click_Active_1 -->
        <test-method is-config="true" signature="initSoftAssert()[pri:0, instance:testCasesForOQProjects.NDC_TC@4e517165]" started-at="2026-03-07T14:17:33 IST" name="initSoftAssert" finished-at="2026-03-07T14:17:33 IST" duration-ms="0" status="PASS">
          <reporter-output>
          </reporter-output>
        </test-method> <!-- initSoftAssert -->
        <test-method signature="ndc_Active_Review_Reject()[pri:0, instance:testCasesForOQProjects.NDC_TC@4e517165]" started-at="2026-03-07T14:17:33 IST" name="ndc_Active_Review_Reject" finished-at="2026-03-07T14:18:07 IST" duration-ms="33647" status="PASS">
          <reporter-output>
          </reporter-output>
        </test-method> <!-- ndc_Active_Review_Reject -->
        <test-method is-config="true" signature="initSoftAssert()[pri:0, instance:testCasesForOQProjects.NDC_TC@4e517165]" started-at="2026-03-07T14:18:07 IST" name="initSoftAssert" finished-at="2026-03-07T14:18:07 IST" duration-ms="0" status="PASS">
          <reporter-output>
          </reporter-output>
        </test-method> <!-- initSoftAssert -->
        <test-method signature="Click_Active_2()[pri:0, instance:testCasesForOQProjects.NDC_TC@4e517165]" started-at="2026-03-07T14:18:07 IST" name="Click_Active_2" finished-at="2026-03-07T14:18:52 IST" duration-ms="45303" status="PASS">
          <reporter-output>
          </reporter-output>
        </test-method> <!-- Click_Active_2 -->
        <test-method is-config="true" signature="initSoftAssert()[pri:0, instance:testCasesForOQProjects.NDC_TC@4e517165]" started-at="2026-03-07T14:18:52 IST" name="initSoftAssert" finished-at="2026-03-07T14:18:52 IST" duration-ms="2" status="PASS">
          <reporter-output>
          </reporter-output>
        </test-method> <!-- initSoftAssert -->
        <test-method signature="ndc_Active_Review_1()[pri:0, instance:testCasesForOQProjects.NDC_TC@4e517165]" started-at="2026-03-07T14:18:52 IST" name="ndc_Active_Review_1" finished-at="2026-03-07T14:19:34 IST" duration-ms="41752" status="PASS">
          <reporter-output>
          </reporter-output>
        </test-method> <!-- ndc_Active_Review_1 -->
        <test-method is-config="true" signature="initSoftAssert()[pri:0, instance:testCasesForOQProjects.NDC_TC@4e517165]" started-at="2026-03-07T14:19:34 IST" name="initSoftAssert" finished-at="2026-03-07T14:19:34 IST" duration-ms="1" status="PASS">
          <reporter-output>
          </reporter-output>
        </test-method> <!-- initSoftAssert -->
        <test-method signature="ndc_Active_Approve_Reject()[pri:0, instance:testCasesForOQProjects.NDC_TC@4e517165]" started-at="2026-03-07T14:19:34 IST" name="ndc_Active_Approve_Reject" finished-at="2026-03-07T14:20:17 IST" duration-ms="43115" status="PASS">
          <reporter-output>
          </reporter-output>
        </test-method> <!-- ndc_Active_Approve_Reject -->
        <test-method signature="Click_Active_3()[pri:0, instance:testCasesForOQProjects.NDC_TC@4e517165]" started-at="2026-03-07T14:20:17 IST" name="Click_Active_3" finished-at="2026-03-07T14:21:12 IST" duration-ms="54311" status="PASS">
          <reporter-output>
          </reporter-output>
        </test-method> <!-- Click_Active_3 -->
        <test-method is-config="true" signature="initSoftAssert()[pri:0, instance:testCasesForOQProjects.NDC_TC@4e517165]" started-at="2026-03-07T14:20:17 IST" name="initSoftAssert" finished-at="2026-03-07T14:20:17 IST" duration-ms="0" status="PASS">
          <reporter-output>
          </reporter-output>
        </test-method> <!-- initSoftAssert -->
        <test-method signature="ndc_Active_Review_2()[pri:0, instance:testCasesForOQProjects.NDC_TC@4e517165]" started-at="2026-03-07T14:21:12 IST" name="ndc_Active_Review_2" finished-at="2026-03-07T14:21:54 IST" duration-ms="42012" status="PASS">
          <reporter-output>
          </reporter-output>
        </test-method> <!-- ndc_Active_Review_2 -->
        <test-method is-config="true" signature="initSoftAssert()[pri:0, instance:testCasesForOQProjects.NDC_TC@4e517165]" started-at="2026-03-07T14:21:12 IST" name="initSoftAssert" finished-at="2026-03-07T14:21:12 IST" duration-ms="0" status="PASS">
          <reporter-output>
          </reporter-output>
        </test-method> <!-- initSoftAssert -->
        <test-method signature="ndc_Active_Approve()[pri:0, instance:testCasesForOQProjects.NDC_TC@4e517165]" started-at="2026-03-07T14:21:54 IST" name="ndc_Active_Approve" finished-at="2026-03-07T14:22:36 IST" duration-ms="42145" status="PASS">
          <reporter-output>
          </reporter-output>
        </test-method> <!-- ndc_Active_Approve -->
        <test-method is-config="true" signature="initSoftAssert()[pri:0, instance:testCasesForOQProjects.NDC_TC@4e517165]" started-at="2026-03-07T14:21:54 IST" name="initSoftAssert" finished-at="2026-03-07T14:21:54 IST" duration-ms="0" status="PASS">
          <reporter-output>
          </reporter-output>
        </test-method> <!-- initSoftAssert -->
        <test-method signature="Logout()[pri:0, instance:testCasesForOQProjects.NDC_TC@4e517165]" started-at="2026-03-07T14:22:36 IST" name="Logout" finished-at="2026-03-07T14:22:40 IST" duration-ms="4004" status="PASS">
          <reporter-output>
          </reporter-output>
        </test-method> <!-- Logout -->
        <test-method is-config="true" signature="initSoftAssert()[pri:0, instance:testCasesForOQProjects.NDC_TC@4e517165]" started-at="2026-03-07T14:22:36 IST" name="initSoftAssert" finished-at="2026-03-07T14:22:36 IST" duration-ms="0" status="PASS">
          <reporter-output>
          </reporter-output>
        </test-method> <!-- initSoftAssert -->
        <test-method is-config="true" signature="tearDown()[pri:0, instance:testCasesForOQProjects.NDC_TC@4e517165]" started-at="2026-03-07T14:22:40 IST" name="tearDown" finished-at="2026-03-07T14:22:46 IST" duration-ms="5935" status="PASS">
          <reporter-output>
          </reporter-output>
        </test-method> <!-- tearDown -->
      </class> <!-- testCasesForOQProjects.NDC_TC -->
    </test> <!-- NDC_Test -->
    <test started-at="2026-03-07T14:22:46 IST" name="Product_Test" finished-at="2026-03-07T14:43:43 IST" duration-ms="1257583">
      <class name="testCasesForOQProjects.AkronProduct_TC">
        <test-method is-config="true" signature="setUp(java.lang.String)[pri:0, instance:testCasesForOQProjects.AkronProduct_TC@d5ae57e]" started-at="2026-03-07T14:22:46 IST" name="setUp" finished-at="2026-03-07T14:22:48 IST" duration-ms="2184" status="PASS">
          <params>
            <param index="0">
              <value>
                <![CDATA[akronproduct.properties]]>
              </value>
            </param>
          </params>
          <reporter-output>
          </reporter-output>
        </test-method> <!-- setUp -->
        <test-method is-config="true" signature="initSoftAssert()[pri:0, instance:testCasesForOQProjects.AkronProduct_TC@d5ae57e]" started-at="2026-03-07T14:22:48 IST" name="initSoftAssert" finished-at="2026-03-07T14:22:48 IST" duration-ms="1" status="PASS">
          <reporter-output>
          </reporter-output>
        </test-method> <!-- initSoftAssert -->
        <test-method signature="url()[pri:0, instance:testCasesForOQProjects.AkronProduct_TC@d5ae57e]" started-at="2026-03-07T14:22:48 IST" name="url" finished-at="2026-03-07T14:22:50 IST" duration-ms="1700" status="PASS">
          <reporter-output>
          </reporter-output>
        </test-method> <!-- url -->
        <test-method is-config="true" signature="initSoftAssert()[pri:0, instance:testCasesForOQProjects.AkronProduct_TC@d5ae57e]" started-at="2026-03-07T14:22:50 IST" name="initSoftAssert" finished-at="2026-03-07T14:22:50 IST" duration-ms="6" status="PASS">
          <reporter-output>
          </reporter-output>
        </test-method> <!-- initSoftAssert -->
        <test-method signature="userLoginBeforeCreate()[pri:0, instance:testCasesForOQProjects.AkronProduct_TC@d5ae57e]" started-at="2026-03-07T14:22:50 IST" name="userLoginBeforeCreate" finished-at="2026-03-07T14:22:56 IST" duration-ms="6587" status="PASS">
          <reporter-output>
          </reporter-output>
        </test-method> <!-- userLoginBeforeCreate -->
        <test-method is-config="true" signature="initSoftAssert()[pri:0, instance:testCasesForOQProjects.AkronProduct_TC@d5ae57e]" started-at="2026-03-07T14:22:56 IST" name="initSoftAssert" finished-at="2026-03-07T14:22:56 IST" duration-ms="1" status="PASS">
          <reporter-output>
          </reporter-output>
        </test-method> <!-- initSoftAssert -->
        <test-method signature="moduleClick()[pri:0, instance:testCasesForOQProjects.AkronProduct_TC@d5ae57e]" started-at="2026-03-07T14:22:56 IST" name="moduleClick" finished-at="2026-03-07T14:23:04 IST" duration-ms="7458" status="PASS">
          <reporter-output>
          </reporter-output>
        </test-method> <!-- moduleClick -->
        <test-method signature="Click_Actions_1()[pri:0, instance:testCasesForOQProjects.AkronProduct_TC@d5ae57e]" started-at="2026-03-07T14:23:04 IST" name="Click_Actions_1" finished-at="2026-03-07T14:23:13 IST" duration-ms="8942" status="PASS">
          <reporter-output>
          </reporter-output>
        </test-method> <!-- Click_Actions_1 -->
        <test-method is-config="true" signature="initSoftAssert()[pri:0, instance:testCasesForOQProjects.AkronProduct_TC@d5ae57e]" started-at="2026-03-07T14:23:04 IST" name="initSoftAssert" finished-at="2026-03-07T14:23:04 IST" duration-ms="0" status="PASS">
          <reporter-output>
          </reporter-output>
        </test-method> <!-- initSoftAssert -->
        <test-method is-config="true" signature="initSoftAssert()[pri:0, instance:testCasesForOQProjects.AkronProduct_TC@d5ae57e]" started-at="2026-03-07T14:23:13 IST" name="initSoftAssert" finished-at="2026-03-07T14:23:13 IST" duration-ms="0" status="PASS">
          <reporter-output>
          </reporter-output>
        </test-method> <!-- initSoftAssert -->
        <test-method signature="Click_Add_NDC()[pri:0, instance:testCasesForOQProjects.AkronProduct_TC@d5ae57e]" started-at="2026-03-07T14:23:13 IST" name="Click_Add_NDC" finished-at="2026-03-07T14:23:34 IST" duration-ms="20881" status="PASS">
          <reporter-output>
          </reporter-output>
        </test-method> <!-- Click_Add_NDC -->
        <test-method signature="Click_Actions_2()[pri:0, instance:testCasesForOQProjects.AkronProduct_TC@d5ae57e]" started-at="2026-03-07T14:23:34 IST" name="Click_Actions_2" finished-at="2026-03-07T14:24:09 IST" duration-ms="35816" status="PASS">
          <reporter-output>
          </reporter-output>
        </test-method> <!-- Click_Actions_2 -->
        <test-method is-config="true" signature="initSoftAssert()[pri:0, instance:testCasesForOQProjects.AkronProduct_TC@d5ae57e]" started-at="2026-03-07T14:23:34 IST" name="initSoftAssert" finished-at="2026-03-07T14:23:34 IST" duration-ms="0" status="PASS">
          <reporter-output>
          </reporter-output>
        </test-method> <!-- initSoftAssert -->
        <test-method is-config="true" signature="initSoftAssert()[pri:0, instance:testCasesForOQProjects.AkronProduct_TC@d5ae57e]" started-at="2026-03-07T14:24:09 IST" name="initSoftAssert" finished-at="2026-03-07T14:24:09 IST" duration-ms="1" status="PASS">
          <reporter-output>
          </reporter-output>
        </test-method> <!-- initSoftAssert -->
        <test-method signature="Click_View()[pri:0, instance:testCasesForOQProjects.AkronProduct_TC@d5ae57e]" started-at="2026-03-07T14:24:09 IST" name="Click_View" finished-at="2026-03-07T14:24:54 IST" duration-ms="44408" status="FAIL">
          <exception class="org.openqa.selenium.TimeoutException">
            <message>
              <![CDATA[Expected condition failed: waiting for element to be clickable: By.xpath: //span[@class='p-paginator-pages ng-star-inserted']/button[3] (tried for 10 second(s) with 500 milliseconds interval)
Build info: version: '4.32.0', revision: 'd17c8aa950'
System info: os.name: 'Windows 10', os.arch: 'amd64', os.version: '10.0', java.version: '17.0.9'
Driver info: org.openqa.selenium.chrome.ChromeDriver
Capabilities {acceptInsecureCerts: false, browserName: chrome, browserVersion: 145.0.7632.160, chrome: {chromedriverVersion: 145.0.7632.117 (de4e5d6e13b..., userDataDir: C:\Users\HAVEAN~1\AppData\L...}, fedcm:accounts: true, goog:chromeOptions: {debuggerAddress: localhost:61060}, goog:processID: 40392, networkConnectionEnabled: false, pageLoadStrategy: normal, platformName: windows, proxy: Proxy(), se:cdp: ws://localhost:61060/devtoo..., se:cdpVersion: 145.0.7632.160, setWindowRect: true, strictFileInteractability: false, timeouts: {implicit: 0, pageLoad: 300000, script: 30000}, unhandledPromptBehavior: dismiss and notify, webauthn:extension:credBlob: true, webauthn:extension:largeBlob: true, webauthn:extension:minPinLength: true, webauthn:extension:prf: true, webauthn:virtualAuthenticators: true}
Session ID: 2127bf601ecffe31ae4f77bf85ab81f5]]>
            </message>
            <full-stacktrace>
              <![CDATA[org.openqa.selenium.TimeoutException: Expected condition failed: waiting for element to be clickable: By.xpath: //span[@class='p-paginator-pages ng-star-inserted']/button[3] (tried for 10 second(s) with 500 milliseconds interval)
Build info: version: '4.32.0', revision: 'd17c8aa950'
System info: os.name: 'Windows 10', os.arch: 'amd64', os.version: '10.0', java.version: '17.0.9'
Driver info: org.openqa.selenium.chrome.ChromeDriver
Capabilities {acceptInsecureCerts: false, browserName: chrome, browserVersion: 145.0.7632.160, chrome: {chromedriverVersion: 145.0.7632.117 (de4e5d6e13b..., userDataDir: C:\Users\HAVEAN~1\AppData\L...}, fedcm:accounts: true, goog:chromeOptions: {debuggerAddress: localhost:61060}, goog:processID: 40392, networkConnectionEnabled: false, pageLoadStrategy: normal, platformName: windows, proxy: Proxy(), se:cdp: ws://localhost:61060/devtoo..., se:cdpVersion: 145.0.7632.160, setWindowRect: true, strictFileInteractability: false, timeouts: {implicit: 0, pageLoad: 300000, script: 30000}, unhandledPromptBehavior: dismiss and notify, webauthn:extension:credBlob: true, webauthn:extension:largeBlob: true, webauthn:extension:minPinLength: true, webauthn:extension:prf: true, webauthn:virtualAuthenticators: true}
Session ID: 2127bf601ecffe31ae4f77bf85ab81f5
at org.openqa.selenium.support.ui.WebDriverWait.timeoutException(WebDriverWait.java:84)
at org.openqa.selenium.support.ui.FluentWait.until(FluentWait.java:228)
at utilities.HelperMethods.performTableActionGeneric(HelperMethods.java:409)
at pageObjects.BasePage.clickPendingView(BasePage.java:349)
at testCasesForOQProjects.AkronProduct_TC.Click_View(AkronProduct_TC.java:124)
at java.base/jdk.internal.reflect.NativeMethodAccessorImpl.invoke0(Native Method)
at java.base/jdk.internal.reflect.NativeMethodAccessorImpl.invoke(NativeMethodAccessorImpl.java:77)
at java.base/jdk.internal.reflect.DelegatingMethodAccessorImpl.invoke(DelegatingMethodAccessorImpl.java:43)
at java.base/java.lang.reflect.Method.invoke(Method.java:568)
at org.testng.internal.invokers.MethodInvocationHelper.invokeMethod(MethodInvocationHelper.java:141)
at org.testng.internal.invokers.TestInvoker.invokeMethod(TestInvoker.java:687)
at org.testng.internal.invokers.TestInvoker.invokeTestMethod(TestInvoker.java:230)
at org.testng.internal.invokers.MethodRunner.runInSequence(MethodRunner.java:63)
at org.testng.internal.invokers.TestInvoker$MethodInvocationAgent.invoke(TestInvoker.java:995)
at org.testng.internal.invokers.TestInvoker.invokeTestMethods(TestInvoker.java:203)
at org.testng.internal.invokers.TestMethodWorker.invokeTestMethods(TestMethodWorker.java:154)
at org.testng.internal.invokers.TestMethodWorker.run(TestMethodWorker.java:134)
at java.base/java.util.ArrayList.forEach(ArrayList.java:1511)
at org.testng.TestRunner.privateRun(TestRunner.java:741)
at org.testng.TestRunner.run(TestRunner.java:616)
at org.testng.SuiteRunner.runTest(SuiteRunner.java:421)
at org.testng.SuiteRunner.runSequentially(SuiteRunner.java:413)
at org.testng.SuiteRunner.privateRun(SuiteRunner.java:373)
at org.testng.SuiteRunner.run(SuiteRunner.java:312)
at org.testng.SuiteRunnerWorker.runSuite(SuiteRunnerWorker.java:52)
at org.testng.SuiteRunnerWorker.run(SuiteRunnerWorker.java:95)
at org.testng.TestNG.runSuitesSequentially(TestNG.java:1274)
at org.testng.TestNG.runSuitesLocally(TestNG.java:1208)
at org.testng.TestNG.runSuites(TestNG.java:1112)
at org.testng.TestNG.run(TestNG.java:1079)
at org.testng.remote.AbstractRemoteTestNG.run(AbstractRemoteTestNG.java:115)
at org.testng.remote.RemoteTestNG.initAndRun(RemoteTestNG.java:293)
at org.testng.remote.RemoteTestNG.main(RemoteTestNG.java:91)
]]>
            </full-stacktrace>
          </exception> <!-- org.openqa.selenium.TimeoutException -->
          <reporter-output>
          </reporter-output>
        </test-method> <!-- Click_View -->
        <test-method signature="Click_Review_Return_And_Edit_For_Add_NDC()[pri:0, instance:testCasesForOQProjects.AkronProduct_TC@d5ae57e]" started-at="2026-03-07T14:24:54 IST" name="Click_Review_Return_And_Edit_For_Add_NDC" finished-at="2026-03-07T14:26:00 IST" duration-ms="65878" status="PASS">
          <reporter-output>
          </reporter-output>
        </test-method> <!-- Click_Review_Return_And_Edit_For_Add_NDC -->
        <test-method is-config="true" signature="initSoftAssert()[pri:0, instance:testCasesForOQProjects.AkronProduct_TC@d5ae57e]" started-at="2026-03-07T14:24:54 IST" name="initSoftAssert" finished-at="2026-03-07T14:24:54 IST" duration-ms="0" status="PASS">
          <reporter-output>
          </reporter-output>
        </test-method> <!-- initSoftAssert -->
        <test-method is-config="true" signature="initSoftAssert()[pri:0, instance:testCasesForOQProjects.AkronProduct_TC@d5ae57e]" started-at="2026-03-07T14:26:00 IST" name="initSoftAssert" finished-at="2026-03-07T14:26:00 IST" duration-ms="1" status="PASS">
          <reporter-output>
          </reporter-output>
        </test-method> <!-- initSoftAssert -->
        <test-method signature="Click_Review_For_ADD_NDC_1()[pri:0, instance:testCasesForOQProjects.AkronProduct_TC@d5ae57e]" started-at="2026-03-07T14:26:00 IST" name="Click_Review_For_ADD_NDC_1" finished-at="2026-03-07T14:26:52 IST" duration-ms="52232" status="PASS">
          <reporter-output>
          </reporter-output>
        </test-method> <!-- Click_Review_For_ADD_NDC_1 -->
        <test-method is-config="true" signature="initSoftAssert()[pri:0, instance:testCasesForOQProjects.AkronProduct_TC@d5ae57e]" started-at="2026-03-07T14:26:52 IST" name="initSoftAssert" finished-at="2026-03-07T14:26:52 IST" duration-ms="1" status="PASS">
          <reporter-output>
          </reporter-output>
        </test-method> <!-- initSoftAssert -->
        <test-method signature="Click_Approve_Return_And_Edit_And_Review_For_Add_NDC()[pri:0, instance:testCasesForOQProjects.AkronProduct_TC@d5ae57e]" started-at="2026-03-07T14:26:52 IST" name="Click_Approve_Return_And_Edit_And_Review_For_Add_NDC" finished-at="2026-03-07T14:28:27 IST" duration-ms="95427" status="PASS">
          <reporter-output>
          </reporter-output>
        </test-method> <!-- Click_Approve_Return_And_Edit_And_Review_For_Add_NDC -->
        <test-method is-config="true" signature="initSoftAssert()[pri:0, instance:testCasesForOQProjects.AkronProduct_TC@d5ae57e]" started-at="2026-03-07T14:28:27 IST" name="initSoftAssert" finished-at="2026-03-07T14:28:27 IST" duration-ms="1" status="PASS">
          <reporter-output>
          </reporter-output>
        </test-method> <!-- initSoftAssert -->
        <test-method signature="Click_Review_For_ADD_NDC_2()[pri:0, instance:testCasesForOQProjects.AkronProduct_TC@d5ae57e]" started-at="2026-03-07T14:28:27 IST" name="Click_Review_For_ADD_NDC_2" finished-at="2026-03-07T14:29:20 IST" duration-ms="52937" status="PASS">
          <reporter-output>
          </reporter-output>
        </test-method> <!-- Click_Review_For_ADD_NDC_2 -->
        <test-method is-config="true" signature="initSoftAssert()[pri:0, instance:testCasesForOQProjects.AkronProduct_TC@d5ae57e]" started-at="2026-03-07T14:29:20 IST" name="initSoftAssert" finished-at="2026-03-07T14:29:20 IST" duration-ms="1" status="PASS">
          <reporter-output>
          </reporter-output>
        </test-method> <!-- initSoftAssert -->
        <test-method signature="Click_Approve_For_Add_NDC()[pri:0, instance:testCasesForOQProjects.AkronProduct_TC@d5ae57e]" started-at="2026-03-07T14:29:20 IST" name="Click_Approve_For_Add_NDC" finished-at="2026-03-07T14:30:03 IST" duration-ms="42588" status="PASS">
          <reporter-output>
          </reporter-output>
        </test-method> <!-- Click_Approve_For_Add_NDC -->
        <test-method is-config="true" signature="initSoftAssert()[pri:0, instance:testCasesForOQProjects.AkronProduct_TC@d5ae57e]" started-at="2026-03-07T14:30:03 IST" name="initSoftAssert" finished-at="2026-03-07T14:30:03 IST" duration-ms="1" status="PASS">
          <reporter-output>
          </reporter-output>
        </test-method> <!-- initSoftAssert -->
        <test-method signature="Click_Inactive_1()[pri:0, instance:testCasesForOQProjects.AkronProduct_TC@d5ae57e]" started-at="2026-03-07T14:30:03 IST" name="Click_Inactive_1" finished-at="2026-03-07T14:30:47 IST" duration-ms="44458" status="PASS">
          <reporter-output>
          </reporter-output>
        </test-method> <!-- Click_Inactive_1 -->
        <test-method signature="Product_Inactive_Review_Reject()[pri:0, instance:testCasesForOQProjects.AkronProduct_TC@d5ae57e]" started-at="2026-03-07T14:30:47 IST" name="Product_Inactive_Review_Reject" finished-at="2026-03-07T14:31:41 IST" duration-ms="54032" status="PASS">
          <reporter-output>
          </reporter-output>
        </test-method> <!-- Product_Inactive_Review_Reject -->
        <test-method is-config="true" signature="initSoftAssert()[pri:0, instance:testCasesForOQProjects.AkronProduct_TC@d5ae57e]" started-at="2026-03-07T14:30:47 IST" name="initSoftAssert" finished-at="2026-03-07T14:30:47 IST" duration-ms="0" status="PASS">
          <reporter-output>
          </reporter-output>
        </test-method> <!-- initSoftAssert -->
        <test-method signature="Click_Inactive_2()[pri:0, instance:testCasesForOQProjects.AkronProduct_TC@d5ae57e]" started-at="2026-03-07T14:31:41 IST" name="Click_Inactive_2" finished-at="2026-03-07T14:32:37 IST" duration-ms="55387" status="PASS">
          <reporter-output>
          </reporter-output>
        </test-method> <!-- Click_Inactive_2 -->
        <test-method is-config="true" signature="initSoftAssert()[pri:0, instance:testCasesForOQProjects.AkronProduct_TC@d5ae57e]" started-at="2026-03-07T14:31:41 IST" name="initSoftAssert" finished-at="2026-03-07T14:31:41 IST" duration-ms="0" status="PASS">
          <reporter-output>
          </reporter-output>
        </test-method> <!-- initSoftAssert -->
        <test-method is-config="true" signature="initSoftAssert()[pri:0, instance:testCasesForOQProjects.AkronProduct_TC@d5ae57e]" started-at="2026-03-07T14:32:37 IST" name="initSoftAssert" finished-at="2026-03-07T14:32:37 IST" duration-ms="3" status="PASS">
          <reporter-output>
          </reporter-output>
        </test-method> <!-- initSoftAssert -->
        <test-method signature="Product_Inactive_Review_1()[pri:0, instance:testCasesForOQProjects.AkronProduct_TC@d5ae57e]" started-at="2026-03-07T14:32:37 IST" name="Product_Inactive_Review_1" finished-at="2026-03-07T14:33:29 IST" duration-ms="52439" status="PASS">
          <reporter-output>
          </reporter-output>
        </test-method> <!-- Product_Inactive_Review_1 -->
        <test-method signature="Product_Inactive_Approve_Reject()[pri:0, instance:testCasesForOQProjects.AkronProduct_TC@d5ae57e]" started-at="2026-03-07T14:33:29 IST" name="Product_Inactive_Approve_Reject" finished-at="2026-03-07T14:34:13 IST" duration-ms="44276" status="FAIL">
          <exception class="java.lang.AssertionError">
            <message>
              <![CDATA[The following asserts failed:
Inactive Approve Reject  toaster message mismatch for: Product Rejected successfully expected [Product Reject successfully] but found [Product Rejected successfully]]]>
            </message>
            <full-stacktrace>
              <![CDATA[java.lang.AssertionError: The following asserts failed:
Inactive Approve Reject  toaster message mismatch for: Product Rejected successfully expected [Product Reject successfully] but found [Product Rejected successfully]
at org.testng.asserts.SoftAssert.assertAll(SoftAssert.java:46)
at org.testng.asserts.SoftAssert.assertAll(SoftAssert.java:30)
at utilities.SoftAssertionUtil.assertAll(SoftAssertionUtil.java:59)
at testCasesForOQProjects.AkronProduct_TC.Product_Inactive_Approve_Reject(AkronProduct_TC.java:697)
at java.base/jdk.internal.reflect.NativeMethodAccessorImpl.invoke0(Native Method)
at java.base/jdk.internal.reflect.NativeMethodAccessorImpl.invoke(NativeMethodAccessorImpl.java:77)
at java.base/jdk.internal.reflect.DelegatingMethodAccessorImpl.invoke(DelegatingMethodAccessorImpl.java:43)
at java.base/java.lang.reflect.Method.invoke(Method.java:568)
at org.testng.internal.invokers.MethodInvocationHelper.invokeMethod(MethodInvocationHelper.java:141)
at org.testng.internal.invokers.TestInvoker.invokeMethod(TestInvoker.java:687)
at org.testng.internal.invokers.TestInvoker.invokeTestMethod(TestInvoker.java:230)
at org.testng.internal.invokers.MethodRunner.runInSequence(MethodRunner.java:63)
at org.testng.internal.invokers.TestInvoker$MethodInvocationAgent.invoke(TestInvoker.java:995)
at org.testng.internal.invokers.TestInvoker.invokeTestMethods(TestInvoker.java:203)
at org.testng.internal.invokers.TestMethodWorker.invokeTestMethods(TestMethodWorker.java:154)
at org.testng.internal.invokers.TestMethodWorker.run(TestMethodWorker.java:134)
at java.base/java.util.ArrayList.forEach(ArrayList.java:1511)
at org.testng.TestRunner.privateRun(TestRunner.java:741)
at org.testng.TestRunner.run(TestRunner.java:616)
at org.testng.SuiteRunner.runTest(SuiteRunner.java:421)
at org.testng.SuiteRunner.runSequentially(SuiteRunner.java:413)
at org.testng.SuiteRunner.privateRun(SuiteRunner.java:373)
at org.testng.SuiteRunner.run(SuiteRunner.java:312)
at org.testng.SuiteRunnerWorker.runSuite(SuiteRunnerWorker.java:52)
at org.testng.SuiteRunnerWorker.run(SuiteRunnerWorker.java:95)
at org.testng.TestNG.runSuitesSequentially(TestNG.java:1274)
at org.testng.TestNG.runSuitesLocally(TestNG.java:1208)
at org.testng.TestNG.runSuites(TestNG.java:1112)
at org.testng.TestNG.run(TestNG.java:1079)
at org.testng.remote.AbstractRemoteTestNG.run(AbstractRemoteTestNG.java:115)
at org.testng.remote.RemoteTestNG.initAndRun(RemoteTestNG.java:293)
at org.testng.remote.RemoteTestNG.main(RemoteTestNG.java:91)
]]>
            </full-stacktrace>
          </exception> <!-- java.lang.AssertionError -->
          <reporter-output>
          </reporter-output>
        </test-method> <!-- Product_Inactive_Approve_Reject -->
        <test-method is-config="true" signature="initSoftAssert()[pri:0, instance:testCasesForOQProjects.AkronProduct_TC@d5ae57e]" started-at="2026-03-07T14:33:29 IST" name="initSoftAssert" finished-at="2026-03-07T14:33:29 IST" duration-ms="0" status="PASS">
          <reporter-output>
          </reporter-output>
        </test-method> <!-- initSoftAssert -->
        <test-method is-config="true" signature="initSoftAssert()[pri:0, instance:testCasesForOQProjects.AkronProduct_TC@d5ae57e]" started-at="2026-03-07T14:34:13 IST" name="initSoftAssert" finished-at="2026-03-07T14:34:13 IST" duration-ms="0" status="PASS">
          <reporter-output>
          </reporter-output>
        </test-method> <!-- initSoftAssert -->
        <test-method signature="Click_Inactive_3()[pri:0, instance:testCasesForOQProjects.AkronProduct_TC@d5ae57e]" started-at="2026-03-07T14:34:13 IST" name="Click_Inactive_3" finished-at="2026-03-07T14:35:01 IST" duration-ms="48035" status="PASS">
          <reporter-output>
          </reporter-output>
        </test-method> <!-- Click_Inactive_3 -->
        <test-method is-config="true" signature="initSoftAssert()[pri:0, instance:testCasesForOQProjects.AkronProduct_TC@d5ae57e]" started-at="2026-03-07T14:35:01 IST" name="initSoftAssert" finished-at="2026-03-07T14:35:01 IST" duration-ms="1" status="PASS">
          <reporter-output>
          </reporter-output>
        </test-method> <!-- initSoftAssert -->
        <test-method signature="Product_Inactive_Review_2()[pri:0, instance:testCasesForOQProjects.AkronProduct_TC@d5ae57e]" started-at="2026-03-07T14:35:01 IST" name="Product_Inactive_Review_2" finished-at="2026-03-07T14:35:55 IST" duration-ms="53081" status="PASS">
          <reporter-output>
          </reporter-output>
        </test-method> <!-- Product_Inactive_Review_2 -->
        <test-method signature="Product_Inactive_Approve()[pri:0, instance:testCasesForOQProjects.AkronProduct_TC@d5ae57e]" started-at="2026-03-07T14:35:55 IST" name="Product_Inactive_Approve" finished-at="2026-03-07T14:36:37 IST" duration-ms="42581" status="PASS">
          <reporter-output>
          </reporter-output>
        </test-method> <!-- Product_Inactive_Approve -->
        <test-method is-config="true" signature="initSoftAssert()[pri:0, instance:testCasesForOQProjects.AkronProduct_TC@d5ae57e]" started-at="2026-03-07T14:35:55 IST" name="initSoftAssert" finished-at="2026-03-07T14:35:55 IST" duration-ms="0" status="PASS">
          <reporter-output>
          </reporter-output>
        </test-method> <!-- initSoftAssert -->
        <test-method is-config="true" signature="initSoftAssert()[pri:0, instance:testCasesForOQProjects.AkronProduct_TC@d5ae57e]" started-at="2026-03-07T14:36:37 IST" name="initSoftAssert" finished-at="2026-03-07T14:36:37 IST" duration-ms="1" status="PASS">
          <reporter-output>
          </reporter-output>
        </test-method> <!-- initSoftAssert -->
        <test-method signature="Click_Active_1()[pri:0, instance:testCasesForOQProjects.AkronProduct_TC@d5ae57e]" started-at="2026-03-07T14:36:37 IST" name="Click_Active_1" finished-at="2026-03-07T14:37:22 IST" duration-ms="44969" status="PASS">
          <reporter-output>
          </reporter-output>
        </test-method> <!-- Click_Active_1 -->
        <test-method is-config="true" signature="initSoftAssert()[pri:0, instance:testCasesForOQProjects.AkronProduct_TC@d5ae57e]" started-at="2026-03-07T14:37:22 IST" name="initSoftAssert" finished-at="2026-03-07T14:37:22 IST" duration-ms="1" status="PASS">
          <reporter-output>
          </reporter-output>
        </test-method> <!-- initSoftAssert -->
        <test-method signature="Product_Active_Review_Reject()[pri:0, instance:testCasesForOQProjects.AkronProduct_TC@d5ae57e]" started-at="2026-03-07T14:37:22 IST" name="Product_Active_Review_Reject" finished-at="2026-03-07T14:38:16 IST" duration-ms="54107" status="PASS">
          <reporter-output>
          </reporter-output>
        </test-method> <!-- Product_Active_Review_Reject -->
        <test-method signature="Click_Active_2()[pri:0, instance:testCasesForOQProjects.AkronProduct_TC@d5ae57e]" started-at="2026-03-07T14:38:16 IST" name="Click_Active_2" finished-at="2026-03-07T14:39:11 IST" duration-ms="54520" status="PASS">
          <reporter-output>
          </reporter-output>
        </test-method> <!-- Click_Active_2 -->
        <test-method is-config="true" signature="initSoftAssert()[pri:0, instance:testCasesForOQProjects.AkronProduct_TC@d5ae57e]" started-at="2026-03-07T14:38:16 IST" name="initSoftAssert" finished-at="2026-03-07T14:38:16 IST" duration-ms="0" status="PASS">
          <reporter-output>
          </reporter-output>
        </test-method> <!-- initSoftAssert -->
        <test-method is-config="true" signature="initSoftAssert()[pri:0, instance:testCasesForOQProjects.AkronProduct_TC@d5ae57e]" started-at="2026-03-07T14:39:11 IST" name="initSoftAssert" finished-at="2026-03-07T14:39:11 IST" duration-ms="1" status="PASS">
          <reporter-output>
          </reporter-output>
        </test-method> <!-- initSoftAssert -->
        <test-method signature="Product_Active_Review_1()[pri:0, instance:testCasesForOQProjects.AkronProduct_TC@d5ae57e]" started-at="2026-03-07T14:39:11 IST" name="Product_Active_Review_1" finished-at="2026-03-07T14:39:53 IST" duration-ms="42374" status="PASS">
          <reporter-output>
          </reporter-output>
        </test-method> <!-- Product_Active_Review_1 -->
        <test-method signature="Product_Active_Approve_Reject()[pri:0, instance:testCasesForOQProjects.AkronProduct_TC@d5ae57e]" started-at="2026-03-07T14:39:53 IST" name="Product_Active_Approve_Reject" finished-at="2026-03-07T14:40:47 IST" duration-ms="53854" status="PASS">
          <reporter-output>
          </reporter-output>
        </test-method> <!-- Product_Active_Approve_Reject -->
        <test-method is-config="true" signature="initSoftAssert()[pri:0, instance:testCasesForOQProjects.AkronProduct_TC@d5ae57e]" started-at="2026-03-07T14:39:53 IST" name="initSoftAssert" finished-at="2026-03-07T14:39:53 IST" duration-ms="0" status="PASS">
          <reporter-output>
          </reporter-output>
        </test-method> <!-- initSoftAssert -->
        <test-method is-config="true" signature="initSoftAssert()[pri:0, instance:testCasesForOQProjects.AkronProduct_TC@d5ae57e]" started-at="2026-03-07T14:40:47 IST" name="initSoftAssert" finished-at="2026-03-07T14:40:47 IST" duration-ms="0" status="PASS">
          <reporter-output>
          </reporter-output>
        </test-method> <!-- initSoftAssert -->
        <test-method signature="Click_Active_3()[pri:0, instance:testCasesForOQProjects.AkronProduct_TC@d5ae57e]" started-at="2026-03-07T14:40:47 IST" name="Click_Active_3" finished-at="2026-03-07T14:41:42 IST" duration-ms="55224" status="PASS">
          <reporter-output>
          </reporter-output>
        </test-method> <!-- Click_Active_3 -->
        <test-method is-config="true" signature="initSoftAssert()[pri:0, instance:testCasesForOQProjects.AkronProduct_TC@d5ae57e]" started-at="2026-03-07T14:41:42 IST" name="initSoftAssert" finished-at="2026-03-07T14:41:42 IST" duration-ms="1" status="PASS">
          <reporter-output>
          </reporter-output>
        </test-method> <!-- initSoftAssert -->
        <test-method signature="Product_Active_Review_2()[pri:0, instance:testCasesForOQProjects.AkronProduct_TC@d5ae57e]" started-at="2026-03-07T14:41:42 IST" name="Product_Active_Review_2" finished-at="2026-03-07T14:42:35 IST" duration-ms="52636" status="PASS">
          <reporter-output>
          </reporter-output>
        </test-method> <!-- Product_Active_Review_2 -->
        <test-method is-config="true" signature="initSoftAssert()[pri:0, instance:testCasesForOQProjects.AkronProduct_TC@d5ae57e]" started-at="2026-03-07T14:42:35 IST" name="initSoftAssert" finished-at="2026-03-07T14:42:35 IST" duration-ms="1" status="PASS">
          <reporter-output>
          </reporter-output>
        </test-method> <!-- initSoftAssert -->
        <test-method signature="Product_Active_Approve()[pri:0, instance:testCasesForOQProjects.AkronProduct_TC@d5ae57e]" started-at="2026-03-07T14:42:35 IST" name="Product_Active_Approve" finished-at="2026-03-07T14:43:27 IST" duration-ms="52301" status="PASS">
          <reporter-output>
          </reporter-output>
        </test-method> <!-- Product_Active_Approve -->
        <test-method signature="Logout()[pri:0, instance:testCasesForOQProjects.AkronProduct_TC@d5ae57e]" started-at="2026-03-07T14:43:27 IST" name="Logout" finished-at="2026-03-07T14:43:31 IST" duration-ms="3943" status="PASS">
          <reporter-output>
          </reporter-output>
        </test-method> <!-- Logout -->
        <test-method is-config="true" signature="initSoftAssert()[pri:0, instance:testCasesForOQProjects.AkronProduct_TC@d5ae57e]" started-at="2026-03-07T14:43:27 IST" name="initSoftAssert" finished-at="2026-03-07T14:43:27 IST" duration-ms="0" status="PASS">
          <reporter-output>
          </reporter-output>
        </test-method> <!-- initSoftAssert -->
        <test-method is-config="true" signature="initSoftAssert()[pri:0, instance:testCasesForOQProjects.AkronProduct_TC@d5ae57e]" started-at="2026-03-07T14:43:31 IST" name="initSoftAssert" finished-at="2026-03-07T14:43:31 IST" duration-ms="2" status="PASS">
          <reporter-output>
          </reporter-output>
        </test-method> <!-- initSoftAssert -->
        <test-method signature="Database_Backup()[pri:0, instance:testCasesForOQProjects.AkronProduct_TC@d5ae57e]" started-at="2026-03-07T14:43:31 IST" name="Database_Backup" finished-at="2026-03-07T14:43:33 IST" duration-ms="2233" status="PASS">
          <reporter-output>
          </reporter-output>
        </test-method> <!-- Database_Backup -->
        <test-method is-config="true" signature="tearDown()[pri:0, instance:testCasesForOQProjects.AkronProduct_TC@d5ae57e]" started-at="2026-03-07T14:43:33 IST" name="tearDown" finished-at="2026-03-07T14:43:43 IST" duration-ms="9984" status="PASS">
          <reporter-output>
          </reporter-output>
        </test-method> <!-- tearDown -->
      </class> <!-- testCasesForOQProjects.AkronProduct_TC -->
    </test> <!-- Product_Test -->
  </suite> <!-- Suite -->
</testng-results>
