<?xml version="1.0" encoding="UTF-8"?>
<testng-results ignored="0" total="3" passed="2" failed="1" skipped="0">
  <reporter-output>
  </reporter-output>
  <suite started-at="2026-01-08T14:56:34 IST" name="Default suite" finished-at="2026-01-08T14:57:06 IST" duration-ms="32292">
    <groups>
    </groups>
    <test started-at="2026-01-08T14:56:34 IST" name="Default test" finished-at="2026-01-08T14:57:06 IST" duration-ms="32292">
      <class name="testCasesForOQProjects.Material_Inward_Solid_TC">
        <test-method is-config="true" signature="setUp()[pri:0, instance:testCasesForOQProjects.Material_Inward_Solid_TC@e98770d]" started-at="2026-01-08T14:56:34 IST" name="setUp" finished-at="2026-01-08T14:56:38 IST" duration-ms="4384" status="PASS">
          <reporter-output>
          </reporter-output>
        </test-method> <!-- setUp -->
        <test-method signature="Step_4_1_1()[pri:1, instance:testCasesForOQProjects.Material_Inward_Solid_TC@e98770d]" started-at="2026-01-08T14:56:38 IST" name="Step_4_1_1" finished-at="2026-01-08T14:56:53 IST" duration-ms="15409" status="PASS">
          <reporter-output>
          </reporter-output>
        </test-method> <!-- Step_4_1_1 -->
        <test-method signature="Step_4_1_7()[pri:12, instance:testCasesForOQProjects.Material_Inward_Solid_TC@e98770d]" started-at="2026-01-08T14:56:53 IST" name="Step_4_1_7" finished-at="2026-01-08T14:57:04 IST" duration-ms="10339" status="PASS">
          <reporter-output>
          </reporter-output>
        </test-method> <!-- Step_4_1_7 -->
        <test-method signature="Step_4_1_9()[pri:21, instance:testCasesForOQProjects.Material_Inward_Solid_TC@e98770d]" started-at="2026-01-08T14:57:04 IST" name="Step_4_1_9" finished-at="2026-01-08T14:57:05 IST" duration-ms="1183" status="FAIL">
          <exception class="org.openqa.selenium.ElementClickInterceptedException">
            <message>
              <![CDATA[element click intercepted: Element <i _ngcontent-ng-c694949091="" class="be-chevron-right profile-down-arrow"></i> is not clickable at point (1661, 90). Other element would receive the click: <div class="ng-tns-c1946505645-6 p-dialog-mask p-component-overlay p-component-overlay-enter p-dialog-mask-scrollblocker ng-star-inserted" style="z-index: 2103;">...</div>
  (Session info: chrome=143.0.7499.171)
Build info: version: '4.32.0', revision: 'd17c8aa950'
System info: os.name: 'Windows 10', os.arch: 'amd64', os.version: '10.0', java.version: '17.0.9'
Driver info: org.openqa.selenium.chrome.ChromeDriver
Command: [4f057b734d8d4ae6241a81b78af8b6c5, clickElement {id=f.29DEAE23213C58A57B61950AEAE668B1.d.445B6F9A6E0CF2C8F44CD3524EC248A4.e.267}]
Capabilities {acceptInsecureCerts: false, browserName: chrome, browserVersion: 143.0.7499.171, chrome: {chromedriverVersion: 143.0.7499.192 (be2c1f4fd45..., userDataDir: C:\Users\HAVEAN~1\AppData\L...}, fedcm:accounts: true, goog:chromeOptions: {debuggerAddress: localhost:60363}, goog:processID: 59248, networkConnectionEnabled: false, pageLoadStrategy: normal, platformName: windows, proxy: Proxy(), se:cdp: ws://localhost:60363/devtoo..., se:cdpVersion: 143.0.7499.171, setWindowRect: true, strictFileInteractability: false, timeouts: {implicit: 0, pageLoad: 300000, script: 30000}, unhandledPromptBehavior: dismiss and notify, webauthn:extension:credBlob: true, webauthn:extension:largeBlob: true, webauthn:extension:minPinLength: true, webauthn:extension:prf: true, webauthn:virtualAuthenticators: true}
Element: [[ChromeDriver: chrome on windows (4f057b734d8d4ae6241a81b78af8b6c5)] -> xpath: //button[@class='profile-btn']/i]
Session ID: 4f057b734d8d4ae6241a81b78af8b6c5]]>
            </message>
            <full-stacktrace>
              <![CDATA[org.openqa.selenium.ElementClickInterceptedException: element click intercepted: Element <i _ngcontent-ng-c694949091="" class="be-chevron-right profile-down-arrow"></i> is not clickable at point (1661, 90). Other element would receive the click: <div class="ng-tns-c1946505645-6 p-dialog-mask p-component-overlay p-component-overlay-enter p-dialog-mask-scrollblocker ng-star-inserted" style="z-index: 2103;">...</div>
  (Session info: chrome=143.0.7499.171)
Build info: version: '4.32.0', revision: 'd17c8aa950'
System info: os.name: 'Windows 10', os.arch: 'amd64', os.version: '10.0', java.version: '17.0.9'
Driver info: org.openqa.selenium.chrome.ChromeDriver
Command: [4f057b734d8d4ae6241a81b78af8b6c5, clickElement {id=f.29DEAE23213C58A57B61950AEAE668B1.d.445B6F9A6E0CF2C8F44CD3524EC248A4.e.267}]
Capabilities {acceptInsecureCerts: false, browserName: chrome, browserVersion: 143.0.7499.171, chrome: {chromedriverVersion: 143.0.7499.192 (be2c1f4fd45..., userDataDir: C:\Users\HAVEAN~1\AppData\L...}, fedcm:accounts: true, goog:chromeOptions: {debuggerAddress: localhost:60363}, goog:processID: 59248, networkConnectionEnabled: false, pageLoadStrategy: normal, platformName: windows, proxy: Proxy(), se:cdp: ws://localhost:60363/devtoo..., se:cdpVersion: 143.0.7499.171, setWindowRect: true, strictFileInteractability: false, timeouts: {implicit: 0, pageLoad: 300000, script: 30000}, unhandledPromptBehavior: dismiss and notify, webauthn:extension:credBlob: true, webauthn:extension:largeBlob: true, webauthn:extension:minPinLength: true, webauthn:extension:prf: true, webauthn:virtualAuthenticators: true}
Element: [[ChromeDriver: chrome on windows (4f057b734d8d4ae6241a81b78af8b6c5)] -> xpath: //button[@class='profile-btn']/i]
Session ID: 4f057b734d8d4ae6241a81b78af8b6c5
at java.base/jdk.internal.reflect.NativeConstructorAccessorImpl.newInstance0(Native Method)
at java.base/jdk.internal.reflect.NativeConstructorAccessorImpl.newInstance(NativeConstructorAccessorImpl.java:77)
at java.base/jdk.internal.reflect.DelegatingConstructorAccessorImpl.newInstance(DelegatingConstructorAccessorImpl.java:45)
at java.base/java.lang.reflect.Constructor.newInstanceWithCaller(Constructor.java:499)
at java.base/java.lang.reflect.Constructor.newInstance(Constructor.java:480)
at org.openqa.selenium.remote.ErrorCodec.decode(ErrorCodec.java:167)
at org.openqa.selenium.remote.codec.w3c.W3CHttpResponseCodec.decode(W3CHttpResponseCodec.java:138)
at org.openqa.selenium.remote.codec.w3c.W3CHttpResponseCodec.decode(W3CHttpResponseCodec.java:50)
at org.openqa.selenium.remote.HttpCommandExecutor.execute(HttpCommandExecutor.java:215)
at org.openqa.selenium.remote.service.DriverCommandExecutor.invokeExecute(DriverCommandExecutor.java:216)
at org.openqa.selenium.remote.service.DriverCommandExecutor.execute(DriverCommandExecutor.java:174)
at org.openqa.selenium.remote.RemoteWebDriver.execute(RemoteWebDriver.java:545)
at org.openqa.selenium.remote.RemoteWebElement.execute(RemoteWebElement.java:223)
at org.openqa.selenium.remote.RemoteWebElement.click(RemoteWebElement.java:76)
at java.base/jdk.internal.reflect.NativeMethodAccessorImpl.invoke0(Native Method)
at java.base/jdk.internal.reflect.NativeMethodAccessorImpl.invoke(NativeMethodAccessorImpl.java:77)
at java.base/jdk.internal.reflect.DelegatingMethodAccessorImpl.invoke(DelegatingMethodAccessorImpl.java:43)
at java.base/java.lang.reflect.Method.invoke(Method.java:568)
at org.openqa.selenium.support.pagefactory.internal.LocatingElementHandler.invoke(LocatingElementHandler.java:51)
at jdk.proxy2/jdk.proxy2.$Proxy15.click(Unknown Source)
at pageObjects.BasePage.click_profileDropdown(BasePage.java:219)
at testCasesForOQProjects.Material_Inward_Solid_TC.Step_4_1_9(Material_Inward_Solid_TC.java:267)
at java.base/jdk.internal.reflect.NativeMethodAccessorImpl.invoke0(Native Method)
at java.base/jdk.internal.reflect.NativeMethodAccessorImpl.invoke(NativeMethodAccessorImpl.java:77)
at java.base/jdk.internal.reflect.DelegatingMethodAccessorImpl.invoke(DelegatingMethodAccessorImpl.java:43)
at java.base/java.lang.reflect.Method.invoke(Method.java:568)
at org.testng.internal.invokers.MethodInvocationHelper.invokeMethod(MethodInvocationHelper.java:141)
at org.testng.internal.invokers.TestInvoker.invokeMethod(TestInvoker.java:687)
at org.testng.internal.invokers.TestInvoker.invokeTestMethod(TestInvoker.java:230)
at org.testng.internal.invokers.MethodRunner.runInSequence(MethodRunner.java:63)
at org.testng.internal.invokers.TestInvoker$MethodInvocationAgent.invoke(TestInvoker.java:995)
at org.testng.internal.invokers.TestInvoker.invokeTestMethods(TestInvoker.java:203)
at org.testng.internal.invokers.TestMethodWorker.invokeTestMethods(TestMethodWorker.java:154)
at org.testng.internal.invokers.TestMethodWorker.run(TestMethodWorker.java:134)
at java.base/java.util.ArrayList.forEach(ArrayList.java:1511)
at org.testng.TestRunner.privateRun(TestRunner.java:741)
at org.testng.TestRunner.run(TestRunner.java:616)
at org.testng.SuiteRunner.runTest(SuiteRunner.java:421)
at org.testng.SuiteRunner.runSequentially(SuiteRunner.java:413)
at org.testng.SuiteRunner.privateRun(SuiteRunner.java:373)
at org.testng.SuiteRunner.run(SuiteRunner.java:312)
at org.testng.SuiteRunnerWorker.runSuite(SuiteRunnerWorker.java:52)
at org.testng.SuiteRunnerWorker.run(SuiteRunnerWorker.java:95)
at org.testng.TestNG.runSuitesSequentially(TestNG.java:1274)
at org.testng.TestNG.runSuitesLocally(TestNG.java:1208)
at org.testng.TestNG.runSuites(TestNG.java:1112)
at org.testng.TestNG.run(TestNG.java:1079)
at org.testng.remote.AbstractRemoteTestNG.run(AbstractRemoteTestNG.java:115)
at org.testng.remote.RemoteTestNG.initAndRun(RemoteTestNG.java:293)
at org.testng.remote.RemoteTestNG.main(RemoteTestNG.java:91)
]]>
            </full-stacktrace>
          </exception> <!-- org.openqa.selenium.ElementClickInterceptedException -->
          <reporter-output>
          </reporter-output>
        </test-method> <!-- Step_4_1_9 -->
        <test-method is-config="true" signature="tearDown()[pri:0, instance:testCasesForOQProjects.Material_Inward_Solid_TC@e98770d]" started-at="2026-01-08T14:57:05 IST" name="tearDown" finished-at="2026-01-08T14:57:06 IST" duration-ms="881" status="PASS">
          <reporter-output>
          </reporter-output>
        </test-method> <!-- tearDown -->
      </class> <!-- testCasesForOQProjects.Material_Inward_Solid_TC -->
    </test> <!-- Default test -->
  </suite> <!-- Default suite -->
</testng-results>
