<?xml version="1.0" encoding="UTF-8"?>
<testng-results ignored="21" total="25" passed="4" failed="0" skipped="0">
  <reporter-output>
  </reporter-output>
  <suite started-at="2026-02-11T19:27:04 IST" name="Suite" finished-at="2026-02-11T19:30:21 IST" duration-ms="197186">
    <groups>
      <group name="viewvalidation">
        <method signature="Department_TC.View_Screen_Validation()[pri:8, instance:testCasesForOQProjects.Department_TC@7adf16aa]" name="View_Screen_Validation" class="testCasesForOQProjects.Department_TC"/>
      </group> <!-- viewvalidation -->
      <group name="url">
        <method signature="Department_TC.url()[pri:2, instance:testCasesForOQProjects.Department_TC@7adf16aa]" name="url" class="testCasesForOQProjects.Department_TC"/>
      </group> <!-- url -->
      <group name="moduleselect">
        <method signature="Department_TC.moduleClick()[pri:5, instance:testCasesForOQProjects.Department_TC@7adf16aa]" name="moduleClick" class="testCasesForOQProjects.Department_TC"/>
      </group> <!-- moduleselect -->
      <group name="userlogin">
        <method signature="Department_TC.userLoginBeforeCreate()[pri:4, instance:testCasesForOQProjects.Department_TC@7adf16aa]" name="userLoginBeforeCreate" class="testCasesForOQProjects.Department_TC"/>
      </group> <!-- userlogin -->
    </groups>
    <test started-at="2026-02-11T19:27:04 IST" name="Test" finished-at="2026-02-11T19:30:21 IST" duration-ms="197186">
      <class name="testCasesForOQProjects.Department_TC">
        <test-method is-config="true" signature="setUp(java.lang.String)[pri:0, instance:testCasesForOQProjects.Department_TC@7adf16aa]" started-at="2026-02-11T19:27:04 IST" name="setUp" finished-at="2026-02-11T19:27:14 IST" duration-ms="9404" status="PASS">
          <params>
            <param index="0">
              <value>
                <![CDATA[multipleusers_department.properties]]>
              </value>
            </param>
          </params>
          <reporter-output>
          </reporter-output>
        </test-method> <!-- setUp -->
        <test-method signature="url()[pri:2, instance:testCasesForOQProjects.Department_TC@7adf16aa]" started-at="2026-02-11T19:27:14 IST" name="url" finished-at="2026-02-11T19:27:18 IST" duration-ms="4128" status="PASS">
          <reporter-output>
          </reporter-output>
        </test-method> <!-- url -->
        <test-method signature="userLoginBeforeCreate()[pri:4, instance:testCasesForOQProjects.Department_TC@7adf16aa]" started-at="2026-02-11T19:27:18 IST" name="userLoginBeforeCreate" finished-at="2026-02-11T19:27:25 IST" duration-ms="6960" status="PASS">
          <reporter-output>
          </reporter-output>
        </test-method> <!-- userLoginBeforeCreate -->
        <test-method signature="moduleClick()[pri:5, instance:testCasesForOQProjects.Department_TC@7adf16aa]" started-at="2026-02-11T19:27:25 IST" name="moduleClick" finished-at="2026-02-11T19:27:41 IST" duration-ms="16049" status="PASS">
          <reporter-output>
          </reporter-output>
        </test-method> <!-- moduleClick -->
        <test-method signature="View_Screen_Validation()[pri:8, instance:testCasesForOQProjects.Department_TC@7adf16aa]" started-at="2026-02-11T19:27:41 IST" name="View_Screen_Validation" finished-at="2026-02-11T19:30:21 IST" duration-ms="159549" status="PASS">
          <reporter-output>
          </reporter-output>
        </test-method> <!-- View_Screen_Validation -->
        <test-method is-config="true" signature="tearDown()[pri:0, instance:testCasesForOQProjects.Department_TC@7adf16aa]" started-at="2026-02-11T19:30:21 IST" name="tearDown" finished-at="2026-02-11T19:30:21 IST" duration-ms="970" status="PASS">
          <reporter-output>
          </reporter-output>
        </test-method> <!-- tearDown -->
      </class> <!-- testCasesForOQProjects.Department_TC -->
    </test> <!-- Test -->
  </suite> <!-- Suite -->
</testng-results>
