<?xml version="1.0" encoding="UTF-8"?>
<!-- Generated by org.testng.reporters.JUnitReportReporter -->
<testsuite hostname="DESKTOP-H4J5F89" failures="0" tests="6" name="testCasesForOQProjects.Login_TC" time="39.215" errors="0" timestamp="2026-02-25T13:39:25 IST" skipped="0">
  <testcase classname="testCasesForOQProjects.Login_TC" name="initialSetUp" time="2.302"/>
  <testcase classname="testCasesForOQProjects.Login_TC" name="url" time="2.838"/>
  <testcase classname="testCasesForOQProjects.Login_TC" name="userLoginBeforeCreate" time="15.410"/>
  <testcase classname="testCasesForOQProjects.Login_TC" name="appsSelect" time="1.007"/>
  <testcase classname="testCasesForOQProjects.Login_TC" name="logout" time="15.037"/>
  <testcase classname="testCasesForOQProjects.Login_TC" name="Database_Backup" time="2.621"/>
</testsuite> <!-- testCasesForOQProjects.Login_TC -->
