<?xml version="1.0" encoding="UTF-8"?>
<!-- Generated by org.testng.reporters.JUnitReportReporter -->
<testsuite hostname="DESKTOP-H4J5F89" failures="0" tests="9" name="testCasesForOQProjects.Manufacturer_TC" time="291.610" errors="0" timestamp="2025-12-08T12:54:31 IST" skipped="0">
  <testcase classname="testCasesForOQProjects.Manufacturer_TC" name="Step_4_1_1" time="73.004"/>
  <testcase classname="testCasesForOQProjects.Manufacturer_TC" name="Step_4_1_2" time="38.602"/>
  <testcase classname="testCasesForOQProjects.Manufacturer_TC" name="Step_4_1_3" time="5.142"/>
  <testcase classname="testCasesForOQProjects.Manufacturer_TC" name="Step_4_1_4" time="14.486"/>
  <testcase classname="testCasesForOQProjects.Manufacturer_TC" name="Step_4_1_5" time="31.887"/>
  <testcase classname="testCasesForOQProjects.Manufacturer_TC" name="Step_4_1_6" time="37.513"/>
  <testcase classname="testCasesForOQProjects.Manufacturer_TC" name="Step_4_1_7" time="40.035"/>
  <testcase classname="testCasesForOQProjects.Manufacturer_TC" name="Step_4_1_8" time="40.189"/>
  <testcase classname="testCasesForOQProjects.Manufacturer_TC" name="Step_4_1_9" time="10.752"/>
</testsuite> <!-- testCasesForOQProjects.Manufacturer_TC -->
