<?xml version="1.0" encoding="UTF-8"?>
<!-- Generated by org.testng.reporters.JUnitReportReporter -->
<testsuite hostname="DESKTOP-H4J5F89" failures="0" tests="5" name="testCasesForOQProjects.MaterialSpecification_TC" time="106.100" errors="0" timestamp="2025-12-18T14:46:23 IST" skipped="0">
  <testcase classname="testCasesForOQProjects.MaterialSpecification_TC" name="Step_4_1_1" time="34.867"/>
  <testcase classname="testCasesForOQProjects.MaterialSpecification_TC" name="Step_4_1_6" time="18.697"/>
  <testcase classname="testCasesForOQProjects.MaterialSpecification_TC" name="Step_4_1_7" time="27.224"/>
  <testcase classname="testCasesForOQProjects.MaterialSpecification_TC" name="Step_4_1_8" time="20.315"/>
  <testcase classname="testCasesForOQProjects.MaterialSpecification_TC" name="Step_4_1_9" time="4.997"/>
</testsuite> <!-- testCasesForOQProjects.MaterialSpecification_TC -->
