<?xml version="1.0" encoding="UTF-8"?>
<!-- Generated by org.testng.reporters.JUnitReportReporter -->
<testsuite hostname="DESKTOP-H4J5F89" failures="0" tests="6" name="testCasesForOQProjects.Department_TC" time="45.451" errors="0" timestamp="2026-02-02T16:10:59 IST" skipped="0">
  <testcase classname="testCasesForOQProjects.Department_TC" name="url" time="1.425"/>
  <testcase classname="testCasesForOQProjects.Department_TC" name="Login_Field_Validation" time="0.602"/>
  <testcase classname="testCasesForOQProjects.Department_TC" name="Module_Selection_Validation" time="1.418"/>
  <testcase classname="testCasesForOQProjects.Department_TC" name="userLoginBeforeCreate" time="2.296"/>
  <testcase classname="testCasesForOQProjects.Department_TC" name="moduleClick" time="15.010"/>
  <testcase classname="testCasesForOQProjects.Department_TC" name="Creation_Screen_Validation" time="24.700"/>
</testsuite> <!-- testCasesForOQProjects.Department_TC -->
