<?xml version="1.0" encoding="UTF-8"?>
<!-- Generated by org.testng.reporters.JUnitReportReporter -->
<testsuite hostname="DESKTOP-H4J5F89" failures="0" tests="17" name="testCasesForOQProjects.StageCode_TC" time="350.926" errors="0" timestamp="2025-12-16T12:42:30 IST" skipped="0">
  <testcase classname="testCasesForOQProjects.StageCode_TC" name="Step_4_1_1" time="45.263"/>
  <testcase classname="testCasesForOQProjects.StageCode_TC" name="Step_4_1_2" time="63.085"/>
  <testcase classname="testCasesForOQProjects.StageCode_TC" name="Step_4_1_3" time="2.108"/>
  <testcase classname="testCasesForOQProjects.StageCode_TC" name="Step_4_1_4" time="5.380"/>
  <testcase classname="testCasesForOQProjects.StageCode_TC" name="Step_4_1_5" time="13.938"/>
  <testcase classname="testCasesForOQProjects.StageCode_TC" name="Step_4_1_6" time="14.595"/>
  <testcase classname="testCasesForOQProjects.StageCode_TC" name="Step_4_1_7" time="20.302"/>
  <testcase classname="testCasesForOQProjects.StageCode_TC" name="Step_4_1_8" time="21.325"/>
  <testcase classname="testCasesForOQProjects.StageCode_TC" name="Step_4_1_9" time="18.375"/>
  <testcase classname="testCasesForOQProjects.StageCode_TC" name="Step_4_1_10" time="20.353"/>
  <testcase classname="testCasesForOQProjects.StageCode_TC" name="Step_4_1_11" time="20.506"/>
  <testcase classname="testCasesForOQProjects.StageCode_TC" name="Step_4_1_12" time="20.534"/>
  <testcase classname="testCasesForOQProjects.StageCode_TC" name="Step_4_1_13" time="19.856"/>
  <testcase classname="testCasesForOQProjects.StageCode_TC" name="Step_4_1_14" time="20.234"/>
  <testcase classname="testCasesForOQProjects.StageCode_TC" name="Step_4_1_15" time="20.194"/>
  <testcase classname="testCasesForOQProjects.StageCode_TC" name="Step_4_1_16" time="19.877"/>
  <testcase classname="testCasesForOQProjects.StageCode_TC" name="Step_4_1_17" time="5.001"/>
</testsuite> <!-- testCasesForOQProjects.StageCode_TC -->
