<?xml version="1.0" encoding="UTF-8"?>
<!-- Generated by org.testng.reporters.JUnitReportReporter -->
<testsuite hostname="DESKTOP-H4J5F89" failures="0" tests="11" name="testCasesForOQProjects.Facility_TC" time="314.428" errors="1" timestamp="2026-02-27T17:54:38 IST" skipped="0">
  <testcase classname="testCasesForOQProjects.Facility_TC" name="tearDown" time="0.719">
    <error message="src\test\resources\MM Product Documents\Facility\Facility.docx (The system cannot find the path specified)" type="java.io.FileNotFoundException">
      <![CDATA[java.io.FileNotFoundException: src\test\resources\MM Product Documents\Facility\Facility.docx (The system cannot find the path specified)
at java.base/java.io.FileOutputStream.open0(Native Method)
at java.base/java.io.FileOutputStream.open(FileOutputStream.java:293)
at java.base/java.io.FileOutputStream.<init>(FileOutputStream.java:235)
at java.base/java.io.FileOutputStream.<init>(FileOutputStream.java:123)
at utilities.ScreenshotUtil.insertScreenshotsAndAppendTemplate(ScreenshotUtil.java:244)
at testBase.BaseClass.tearDown(BaseClass.java:64)
at java.base/jdk.internal.reflect.NativeMethodAccessorImpl.invoke0(Native Method)
at java.base/jdk.internal.reflect.NativeMethodAccessorImpl.invoke(NativeMethodAccessorImpl.java:77)
at java.base/jdk.internal.reflect.DelegatingMethodAccessorImpl.invoke(DelegatingMethodAccessorImpl.java:43)
at java.base/java.lang.reflect.Method.invoke(Method.java:568)
at org.testng.internal.invokers.MethodInvocationHelper.invokeMethod(MethodInvocationHelper.java:141)
at org.testng.internal.invokers.MethodInvocationHelper.invokeMethodConsideringTimeout(MethodInvocationHelper.java:71)
at org.testng.internal.invokers.ConfigInvoker.invokeConfigurationMethod(ConfigInvoker.java:400)
at org.testng.internal.invokers.ConfigInvoker.invokeConfigurations(ConfigInvoker.java:333)
at org.testng.internal.invokers.TestMethodWorker.invokeAfterClassConfigurations(TestMethodWorker.java:238)
at org.testng.internal.invokers.TestMethodWorker.invokeAfterClassMethods(TestMethodWorker.java:223)
at org.testng.internal.invokers.TestMethodWorker.run(TestMethodWorker.java:137)
at java.base/java.util.ArrayList.forEach(ArrayList.java:1511)
at org.testng.TestRunner.privateRun(TestRunner.java:741)
at org.testng.TestRunner.run(TestRunner.java:616)
at org.testng.SuiteRunner.runTest(SuiteRunner.java:421)
at org.testng.SuiteRunner.runSequentially(SuiteRunner.java:413)
at org.testng.SuiteRunner.privateRun(SuiteRunner.java:373)
at org.testng.SuiteRunner.run(SuiteRunner.java:312)
at org.testng.SuiteRunnerWorker.runSuite(SuiteRunnerWorker.java:52)
at org.testng.SuiteRunnerWorker.run(SuiteRunnerWorker.java:95)
at org.testng.TestNG.runSuitesSequentially(TestNG.java:1274)
at org.testng.TestNG.runSuitesLocally(TestNG.java:1208)
at org.testng.TestNG.runSuites(TestNG.java:1112)
at org.testng.TestNG.run(TestNG.java:1079)
at org.testng.remote.AbstractRemoteTestNG.run(AbstractRemoteTestNG.java:115)
at org.testng.remote.RemoteTestNG.initAndRun(RemoteTestNG.java:293)
at org.testng.remote.RemoteTestNG.main(RemoteTestNG.java:91)
]]>
    </error>
  </testcase> <!-- tearDown -->
  <testcase classname="testCasesForOQProjects.Facility_TC" name="url" time="0.047"/>
  <testcase classname="testCasesForOQProjects.Facility_TC" name="userLoginBeforeCreate" time="17.523"/>
  <testcase classname="testCasesForOQProjects.Facility_TC" name="moduleClick" time="25.521"/>
  <testcase classname="testCasesForOQProjects.Facility_TC" name="Creation_Of_Facility" time="38.710"/>
  <testcase classname="testCasesForOQProjects.Facility_TC" name="Click_Actions_After_Create" time="3.914"/>
  <testcase classname="testCasesForOQProjects.Facility_TC" name="Click_View" time="17.972"/>
  <testcase classname="testCasesForOQProjects.Facility_TC" name="facility_Return_and_Edit" time="143.172"/>
  <testcase classname="testCasesForOQProjects.Facility_TC" name="facility_Approve" time="50.220"/>
  <testcase classname="testCasesForOQProjects.Facility_TC" name="Logout" time="14.844"/>
  <testcase classname="testCasesForOQProjects.Facility_TC" name="Database_Backup" time="1.786"/>
</testsuite> <!-- testCasesForOQProjects.Facility_TC -->
