<?xml version="1.0" encoding="UTF-8"?>
<!-- Generated by org.testng.reporters.JUnitReportReporter -->
<testsuite hostname="DESKTOP-H4J5F89" failures="0" tests="8" name="testCasesForOQProjects.Department_TC" time="130.753" errors="0" timestamp="2026-01-03T11:00:47 IST" skipped="0">
  <testcase classname="testCasesForOQProjects.Department_TC" name="Step_4_1_1" time="44.938"/>
  <testcase classname="testCasesForOQProjects.Department_TC" name="Step_4_1_2" time="13.831"/>
  <testcase classname="testCasesForOQProjects.Department_TC" name="Step_4_1_3" time="2.098"/>
  <testcase classname="testCasesForOQProjects.Department_TC" name="Step_4_1_4" time="9.970"/>
  <testcase classname="testCasesForOQProjects.Department_TC" name="Step_4_1_5" time="13.563"/>
  <testcase classname="testCasesForOQProjects.Department_TC" name="Step_4_1_6" time="19.719"/>
  <testcase classname="testCasesForOQProjects.Department_TC" name="Step_4_1_7" time="21.692"/>
  <testcase classname="testCasesForOQProjects.Department_TC" name="Step_4_1_8" time="4.942"/>
</testsuite> <!-- testCasesForOQProjects.Department_TC -->
