<?xml version="1.0" encoding="UTF-8"?>
<!-- Generated by org.testng.reporters.JUnitReportReporter -->
<testsuite hostname="DESKTOP-4TI4KAS" failures="0" tests="12" name="testCasesForOQProjects.MaterialCategory_TC" time="515.202" errors="0" timestamp="2026-04-09T16:34:28 IST" skipped="0">
  <testcase classname="testCasesForOQProjects.MaterialCategory_TC" name="Creation_Of_Material_Category" time="28.878"/>
  <testcase classname="testCasesForOQProjects.MaterialCategory_TC" name="Logout" time="4.789"/>
  <testcase classname="testCasesForOQProjects.MaterialCategory_TC" name="Database_Backup" time="3.208"/>
  <testcase classname="testCasesForOQProjects.MaterialCategory_TC" name="material_Category_Approve_Return_and_Edit_and_Review" time="181.280"/>
  <testcase classname="testCasesForOQProjects.MaterialCategory_TC" name="userLoginBeforeCreate" time="6.463"/>
  <testcase classname="testCasesForOQProjects.MaterialCategory_TC" name="moduleClick" time="19.818"/>
  <testcase classname="testCasesForOQProjects.MaterialCategory_TC" name="Click_Actions2" time="39.184"/>
  <testcase classname="testCasesForOQProjects.MaterialCategory_TC" name="materialCategoryApprove" time="61.069"/>
  <testcase classname="testCasesForOQProjects.MaterialCategory_TC" name="url" time="2.068"/>
  <testcase classname="testCasesForOQProjects.MaterialCategory_TC" name="material_Category_Review_Return_and_Edit" time="88.674"/>
  <testcase classname="testCasesForOQProjects.MaterialCategory_TC" name="Click_View" time="19.051"/>
  <testcase classname="testCasesForOQProjects.MaterialCategory_TC" name="materialCategoryReview" time="60.720"/>
</testsuite> <!-- testCasesForOQProjects.MaterialCategory_TC -->
