<?xml version="1.0" encoding="UTF-8"?>
<!-- Generated by org.testng.reporters.JUnitReportReporter -->
<testsuite hostname="DESKTOP-H4J5F89" failures="0" tests="10" name="testCasesForOQProjects.SecurityGroup_TC" time="315.410" errors="0" timestamp="2025-12-07T00:02:18 IST" skipped="0">
  <testcase classname="testCasesForOQProjects.SecurityGroup_TC" name="Step_4_1_1" time="65.691"/>
  <testcase classname="testCasesForOQProjects.SecurityGroup_TC" name="Step_4_1_2" time="38.115"/>
  <testcase classname="testCasesForOQProjects.SecurityGroup_TC" name="Step_4_1_3" time="5.117"/>
  <testcase classname="testCasesForOQProjects.SecurityGroup_TC" name="Step_4_1_4" time="8.388"/>
  <testcase classname="testCasesForOQProjects.SecurityGroup_TC" name="Step_4_1_5" time="31.619"/>
  <testcase classname="testCasesForOQProjects.SecurityGroup_TC" name="Step_4_1_6" time="34.275"/>
  <testcase classname="testCasesForOQProjects.SecurityGroup_TC" name="Step_4_1_7" time="39.816"/>
  <testcase classname="testCasesForOQProjects.SecurityGroup_TC" name="Step_4_1_8" time="41.256"/>
  <testcase classname="testCasesForOQProjects.SecurityGroup_TC" name="Step_4_1_9" time="40.365"/>
  <testcase classname="testCasesForOQProjects.SecurityGroup_TC" name="Step_4_1_10" time="10.768"/>
</testsuite> <!-- testCasesForOQProjects.SecurityGroup_TC -->
