<?xml version="1.0" encoding="UTF-8"?>
<!-- Generated by org.testng.reporters.JUnitReportReporter -->
<testsuite hostname="DESKTOP-4TI4KAS" failures="0" tests="6" name="testCasesForOQProjects.Login_TC" time="20.744" errors="0" timestamp="2026-04-09T13:32:12 IST" skipped="0">
  <testcase classname="testCasesForOQProjects.Login_TC" name="initialSetUp" time="1.774"/>
  <testcase classname="testCasesForOQProjects.Login_TC" name="url" time="3.360"/>
  <testcase classname="testCasesForOQProjects.Login_TC" name="userLoginBeforeCreate" time="6.095"/>
  <testcase classname="testCasesForOQProjects.Login_TC" name="appsSelect" time="1.398"/>
  <testcase classname="testCasesForOQProjects.Login_TC" name="logout" time="6.594"/>
  <testcase classname="testCasesForOQProjects.Login_TC" name="Database_Backup" time="1.523"/>
</testsuite> <!-- testCasesForOQProjects.Login_TC -->
