<?xml version="1.0" encoding="UTF-8"?>
<!-- Generated by org.testng.reporters.JUnitReportReporter -->
<testsuite hostname="DESKTOP-H4J5F89" failures="0" tests="4" name="testCasesForOQProjects.Department_TC" time="186.686" errors="0" timestamp="2026-02-11T19:30:22 IST" skipped="0">
  <testcase classname="testCasesForOQProjects.Department_TC" name="url" time="4.128"/>
  <testcase classname="testCasesForOQProjects.Department_TC" name="userLoginBeforeCreate" time="6.960"/>
  <testcase classname="testCasesForOQProjects.Department_TC" name="moduleClick" time="16.049"/>
  <testcase classname="testCasesForOQProjects.Department_TC" name="View_Screen_Validation" time="159.549"/>
</testsuite> <!-- testCasesForOQProjects.Department_TC -->
