<?xml version="1.0" encoding="UTF-8"?>
<!-- Generated by org.testng.reporters.JUnitReportReporter -->
<testsuite hostname="DESKTOP-H4J5F89" failures="0" tests="9" name="testCasesForOQProjects.AkronQuickProduct_TC" time="167.780" errors="0" timestamp="2025-12-17T14:36:38 IST" skipped="0">
  <testcase classname="testCasesForOQProjects.AkronQuickProduct_TC" name="Step_4_1_1" time="42.929"/>
  <testcase classname="testCasesForOQProjects.AkronQuickProduct_TC" name="Step_4_1_2" time="44.972"/>
  <testcase classname="testCasesForOQProjects.AkronQuickProduct_TC" name="Step_4_1_3" time="2.119"/>
  <testcase classname="testCasesForOQProjects.AkronQuickProduct_TC" name="Step_4_1_4" time="5.399"/>
  <testcase classname="testCasesForOQProjects.AkronQuickProduct_TC" name="Step_4_1_5" time="13.914"/>
  <testcase classname="testCasesForOQProjects.AkronQuickProduct_TC" name="Step_4_1_6" time="14.380"/>
  <testcase classname="testCasesForOQProjects.AkronQuickProduct_TC" name="Step_4_1_7" time="20.107"/>
  <testcase classname="testCasesForOQProjects.AkronQuickProduct_TC" name="Step_4_1_8" time="19.207"/>
  <testcase classname="testCasesForOQProjects.AkronQuickProduct_TC" name="Step_4_1_9" time="4.753"/>
</testsuite> <!-- testCasesForOQProjects.AkronQuickProduct_TC -->
