<?xml version="1.0" encoding="UTF-8"?>
<!-- Generated by org.testng.reporters.JUnitReportReporter -->
<testsuite hostname="DESKTOP-H4J5F89" failures="0" tests="9" name="testCasesForOQProjects.Material_TC" time="295.959" errors="0" timestamp="2025-12-08T17:08:32 IST" skipped="0">
  <testcase classname="testCasesForOQProjects.Material_TC" name="Step_4_1_1" time="44.559"/>
  <testcase classname="testCasesForOQProjects.Material_TC" name="Step_4_1_2" time="156.910"/>
  <testcase classname="testCasesForOQProjects.Material_TC" name="Step_4_1_3" time="2.161"/>
  <testcase classname="testCasesForOQProjects.Material_TC" name="Step_4_1_4" time="11.102"/>
  <testcase classname="testCasesForOQProjects.Material_TC" name="Step_4_1_5" time="13.825"/>
  <testcase classname="testCasesForOQProjects.Material_TC" name="Step_4_1_6" time="20.963"/>
  <testcase classname="testCasesForOQProjects.Material_TC" name="Step_4_1_7" time="20.903"/>
  <testcase classname="testCasesForOQProjects.Material_TC" name="Step_4_1_8" time="20.533"/>
  <testcase classname="testCasesForOQProjects.Material_TC" name="Step_4_1_9" time="5.003"/>
</testsuite> <!-- testCasesForOQProjects.Material_TC -->
